12
3 78 47 63 40 83 86 66 68 80 61 101 
0

0

8
21 26 94 24 72 23 42 47 
0

2
1 7 
2
8 2 
12
296 639 99 588 407 413 880 21 437 539 82 838 
1
9 
2
8 13 
3
1 2 10 
1
10 
0

5
1 2 6 3 10 
10
3 88 65 56 102 31 58 18 35 42 
4
1 8 5 10 
14
1 65 70 67 77 95 66 13 46 40 78 43 59 50 
11
1 50 38 92 70 36 2 24 60 87 51 
5
1 4 5 9 10 
4
1 4 2 10 
11
6 3 93 5 48 52 9 61 16 26 75 
1
4 
6
1 4 2 7 9 10 
10
40 49 91 95 54 39 44 11 19 8 
5
1 7 9 6 10 
10
54 60 41 68 27 15 11 83 62 59 
1
1 
10
76 90 39 42 86 46 61 22 13 43 
1
4 
2
8 10 
8
12 99 42 7 70 24 34 102 
3
3 7 10 
0

12
1 69 70 57 17 36 7 50 67 66 46 80 
3
1 6 10 
2
1 2 
1
1 
4
1 9 7 8 
7
1 4 2 3 7 6 10 
12
8 4 86 11 55 24 81 53 45 60 19 12 
6
2 7 4 8 6 10 
2
6 7 
6
1 6 8 5 4 10 
8
68 53 32 91 76 49 22 21 
6
1 3 4 8 9 10 
2
1 5 
2
4 10 
4
1 9 7 6 
1
5 
4
1 7 3 10 
1
2 
5
1 9 2 7 10 
1
15 
0

10
5 64 96 13 65 67 50 23 57 39 
4
1 2 6 10 
1
10 
10
1 17 50 16 74 24 28 64 49 80 
4
1 6 3 8 
4
1 5 2 10 
1
1 
8
19 89 98 29 52 86 63 64 
5
1 3 7 5 10 
10
17 31 98 96 47 34 11 99 29 25 
1
10 
6
1 6 3 5 7 10 
2
1 4 
4
1 7 3 10 
0

0

4
1 6 3 2 
8
7 76 25 37 58 42 100 10 
14
9 53 24 34 98 96 79 81 12 40 30 64 58 47 
7
1 8 4 9 6 7 10 
0

1
5 
15
58 61 96 26 76 53 45 98 97 92 57 16 62 50 85 
1
4 
22
72 329 353 868 541 671 221 739 312 915 54 266 33 258 623 196 50 823 793 849 777 486 
0

19
270 614 550 128 412 647 390 430 478 563 66 649 233 562 985 855 163 886 990 
7
30 42 73 61 76 56 81 
11
55 51 84 29 2 45 57 65 99 4 58 
3
2 7 4 
2
3 8 
2
1 6 
2
7 10 
4
1 6 7 5 
7
1 5 2 4 3 8 10 
4
1 2 9 10 
4
1 5 7 10 
9
52 59 13 85 18 45 99 56 47 
3
1 2 3 
1
3 
6
1 2 4 6 7 10 
4
1 5 3 7 
5
1 7 3 8 10 
2
1 4 
5
1 7 9 8 10 
0

1
10 
5
1 6 2 7 10 
12
28 63 62 20 46 79 45 69 31 10 75 55 
12
81 80 10 84 25 21 29 45 86 73 74 15 
8
40 5 31 92 85 19 56 50 
5
1 6 4 9 10 
3
1 6 3 
0

2
1 3 
5
1 5 4 7 10 
3
1 9 10 
3
1 9 10 
4
1 4 9 10 
10
30 44 29 81 9 93 57 15 21 63 
5
1 2 7 8 10 
10
1 73 59 83 54 21 11 66 40 63 
2
1 4 
6
1 9 5 6 7 10 
0

11
45 59 24 52 27 77 74 33 56 37 100 
0

1
6 
1
10 
10
15 12 98 43 6 59 10 80 96 91 
0

4
1 8 3 7 
0

3
3 7 10 
0

1
11 
4
1 2 4 3 
5
1 5 4 9 10 
4
1 6 5 10 
5
1 7 2 8 10 
5
1 7 9 8 10 
7
1 7 4 8 3 6 10 
2
1 3 
3
5 8 10 
5
49 8 66 91 54 
12
1 98 94 73 39 22 67 80 64 9 45 101 
0

6
1 6 8 7 4 10 
2
8 3 
2
1 2 
4
1 3 4 10 
5
1 6 7 9 10 
1
1 
4
1 9 5 10 
3
7 6 10 
12
46 13 24 36 23 66 7 44 88 34 37 100 
0

9
1 73 7 61 2 36 52 60 56 
3
1 5 10 
5
1 6 4 7 9 
7
1 9 7 2 6 3 10 
4
1 2 4 10 
0

8
90 82 86 8 54 37 5 7 
1
1 
5
1 9 3 2 10 
4
1 6 3 10 
11
1 54 75 12 5 50 18 77 55 43 29 
3
1 3 10 
1
11 
4
1 6 9 10 
3
8 9 6 
6
1 8 5 9 2 10 
5
1 5 3 8 10 
5
1 7 3 8 10 
3
5 6 10 
0

5
2 8 9 3 10 
0

3
1 5 3 
2
6 8 
7
8 92 6 4 52 41 30 
5
1 8 5 6 10 
2
2 10 
3
1 8 10 
0

0

1
1 
3
1 2 10 
5
1 7 4 5 10 
8
25 35 69 67 87 47 84 50 
1
2 
9
83 19 5 91 80 84 22 40 15 
8
1 17 60 99 47 39 67 22 
22
337 761 961 488 391 200 214 471 388 139 366 407 863 94 253 412 67 62 445 486 646 376 
3
1 4 3 
11
57 12 19 62 20 41 30 45 51 44 100 
8
58 22 96 12 52 101 59 82 
4
1 3 2 10 
6
1 8 6 9 5 10 
1
12 
4
1 7 9 10 
1
1 
5
9 8 5 7 10 
35
508 899 649 844 28 294 746 499 783 469 735 518 841 530 800 745 791 608 251 602 31 832 769 34 648 854 161 285 787 385 144 613 618 250 364 
5
5 7 8 9 10 
0

1
3 
0

11
2 93 94 53 72 77 97 38 44 78 63 
8
81 6 45 21 10 67 74 61 
9
1 89 98 14 77 27 5 33 29 
2
6 8 
2
4 10 
6
1 3 8 7 2 10 
1
9 
5
1 5 6 3 10 
5
1 4 5 8 10 
7
1 4 5 8 7 6 10 
12
93 14 90 74 23 17 10 18 65 75 71 89 
7
1 7 8 4 5 3 10 
3
1 2 3 
9
1 6 3 5 9 8 7 2 10 
13
81 25 7 97 19 96 35 49 55 33 85 82 4 
1
10 
14
102 5 98 104 54 97 32 44 24 58 18 87 20 12 
0

6
1 7 4 6 2 10 
4
7 3 8 4 
2
1 7 
2
1 3 
3
1 3 10 
4
6 4 8 9 
6
1 8 2 9 7 10 
13
67 52 8 12 81 102 62 49 41 11 95 78 45 
4
3 2 4 10 
2
1 4 
10
100 15 50 86 59 90 32 13 70 88 
5
1 7 8 5 10 
5
1 2 8 9 10 
0

0

1
5 
2
9 10 
0

10
44 14 25 61 19 74 67 68 50 33 
7
1 9 2 5 3 8 10 
5
1 9 2 4 10 
18
1 415 493 552 677 707 934 909 643 844 255 394 141 565 524 939 609 162 
4
7 4 6 10 
10
83 28 95 61 40 12 67 55 27 94 
4
1 9 5 10 
13
91 6 62 92 54 85 13 53 48 65 57 63 39 
4
1 8 5 9 
11
55 5 58 77 85 40 95 29 73 87 24 
1
3 
4
1 4 6 5 
4
1 8 5 10 
4
1 3 6 10 
11
1 40 83 94 35 72 85 96 90 29 76 
1
1 
1
1 
11
54 43 6 45 49 51 19 31 15 27 81 
0

11
28 7 2 5 14 76 10 16 61 78 51 
0

2
1 3 
4
1 6 2 7 
2
1 10 
0

11
43 60 3 10 71 18 9 94 84 64 103 
6
1 6 7 5 3 10 
5
1 4 2 3 10 
2
1 8 
4
1 7 3 10 
6
1 9 6 8 4 10 
2
1 2 
3
1 6 7 
11
36 75 76 89 29 4 19 33 90 40 60 
1
11 
6
1 7 8 5 2 10 
1
1 
3
1 9 10 
4
1 4 8 10 
1
1 
3
4 8 3 
3
2 6 4 
0

1
1 
5
3 8 7 4 10 
0

0

5
1 8 9 3 10 
1
1 
0

1
10 
4
1 8 6 10 
5
1 6 3 9 10 
11
1 48 7 12 55 57 13 61 56 27 53 
0

2
9 11 
2
1 4 
4
7 8 9 6 
6
1 3 9 8 7 10 
4
3 2 9 10 
4
1 5 4 10 
1
6 
10
6 43 38 74 93 21 52 54 29 73 
5
7 2 4 9 10 
9
35 9 37 39 99 45 97 92 44 
1
12 
12
1 28 42 52 6 95 63 51 29 80 54 49 
11
92 50 49 81 87 32 88 93 39 23 8 
2
1 7 
17
656 775 391 706 753 487 736 603 420 711 697 156 302 913 886 166 255 
5
1 8 3 4 10 
5
1 2 3 6 10 
4
1 5 4 10 
2
1 4 
2
1 10 
5
8 4 2 3 7 
11
74 48 29 8 9 51 81 65 47 32 62 
4
1 2 8 5 
3
1 8 4 
0

3
1 7 10 
5
1 4 5 9 10 
4
1 5 9 10 
3
1 3 6 
10
52 67 91 16 29 17 40 70 61 105 
10
1 80 64 38 17 7 37 36 73 5 
8
77 50 53 64 17 23 78 99 
4
1 9 6 10 
0

14
81 35 22 8 98 31 9 15 68 64 24 37 79 48 
11
91 13 27 65 8 3 63 68 43 5 47 
9
83 46 80 35 78 50 71 79 91 
3
1 3 10 
2
1 3 
0

2
1 3 
6
1 7 3 6 4 10 
18
13 196 237 808 218 101 440 115 350 147 720 884 58 861 746 309 357 987 
4
1 4 7 10 
0

0

13
1 75 36 54 43 88 14 86 40 74 92 50 87 
22
597 714 240 493 27 232 648 381 962 713 470 736 457 684 798 555 818 819 260 971 626 284 
4
1 3 7 10 
1
1 
9
37 40 7 12 36 99 79 26 100 
4
1 8 5 10 
6
23 26 84 9 87 53 
7
1 94 82 58 83 71 79 
3
1 8 10 
0

11
78 51 93 90 38 15 8 95 59 33 55 
3
1 4 5 
0

2
1 3 
4
6 7 3 10 
4
1 6 2 10 
3
5 11 13 
7
1 8 5 2 4 9 10 
8
73 39 33 100 64 34 101 2 
3
4 2 10 
0

6
1 2 5 3 6 10 
0

2
3 12 
4
1 8 4 10 
4
1 4 9 10 
1
4 
6
1 4 2 9 3 10 
6
1 3 4 5 7 10 
4
1 3 6 10 
14
3 58 63 91 16 38 56 8 10 61 81 99 57 27 
8
95 8 13 38 78 51 44 61 
0

11
18 12 62 4 60 59 76 8 85 71 57 
4
1 2 8 10 
6
1 3 9 6 7 10 
8
80 90 19 4 28 96 67 39 
0

1
2 
4
1 9 4 10 
21
504 164 848 167 109 868 258 517 958 561 76 132 847 47 238 330 296 219 855 388 812 
4
1 3 4 10 
0

4
1 3 7 10 
3
1 9 10 
0

4
1 5 9 10 
4
1 2 6 10 
13
91 45 3 98 61 73 82 36 54 75 88 5 21 
13
64 71 68 92 87 58 34 60 17 13 50 7 22 
6
1 9 6 8 4 10 
12
42 45 93 82 76 97 72 13 87 66 20 103 
6
1 4 8 7 3 5 
2
2 3 
6
1 7 4 8 3 10 
3
1 7 10 
9
35 28 66 69 34 103 24 58 29 
2
7 10 
4
1 5 2 10 
3
1 2 4 
10
58 88 28 72 97 3 7 57 26 101 
3
1 3 10 
4
1 5 6 10 
1
1 
0

12
14 58 40 71 96 65 12 30 15 55 47 61 
0

7
1 6 9 7 4 3 10 
0

6
1 4 2 8 7 10 
2
1 10 
3
1 9 7 
0

3
1 9 3 
0

6
1 2 8 3 6 10 
0

1
3 
10
83 88 49 98 50 36 69 30 27 75 
5
1 7 8 6 10 
3
6 2 10 
2
3 10 
10
828 761 746 341 697 212 892 940 13 253 
1
2 
15
62 99 77 65 33 91 74 17 26 73 96 92 15 82 41 
10
100 66 77 3 19 25 90 28 64 101 
3
1 3 10 
4
12 6 4 13 
7
30 45 75 12 97 94 23 
2
1 10 
12
91 27 18 11 78 66 2 81 77 101 51 62 
6
3 5 7 4 6 10 
8
22 56 67 72 21 58 96 17 
10
21 18 40 68 3 8 51 12 80 102 
2
1 4 
5
1 4 9 6 10 
9
1 29 55 84 43 77 59 97 17 
0

4
1 9 7 10 
3
1 10 5 
3
4 9 6 
5
1 6 3 7 10 
5
1 2 8 9 10 
12
20 31 36 14 72 89 62 16 61 26 80 8 
3
1 3 10 
6
48 96 55 81 98 34 
2
3 10 
2
6 2 
9
16 86 27 26 17 88 87 70 75 
4
1 9 7 10 
6
1 9 6 7 8 10 
11
75 82 19 49 57 47 53 92 70 54 11 
14
33 13 83 7 6 98 35 86 87 10 24 28 77 18 
5
1 3 6 9 10 
3
4 7 10 
0

4
1 3 6 10 
2
9 2 
5
1 2 4 9 10 
7
1 8 5 6 2 3 10 
1
4 
3
3 4 10 
6
1 2 9 7 3 10 
