16
160 447 649 380 780 200 953 290 700 100 230 46 830 292 316 825 
8
1 3 4 9 7 8 6 10 
0

1
3 
0

2
7 11 
4
1 2 4 10 
6
1 3 7 4 9 10 
3
1 4 10 
10
41 69 23 68 40 91 73 99 36 46 
0

0

5
1 4 2 3 10 
5
1 6 4 7 9 
3
7 5 10 
11
101 43 37 11 83 74 26 53 65 5 49 
0

3
1 4 10 
20
1 899 924 884 527 911 177 291 808 387 45 244 954 580 887 948 842 840 716 449 
9
91 85 35 90 25 83 6 11 17 
5
1 4 9 7 10 
5
1 3 2 6 10 
2
7 4 
9
76 43 79 83 7 6 86 92 21 
1
1 
6
1 4 9 3 5 10 
1
4 
12
30 28 71 21 15 26 5 42 77 34 33 93 
1
11 
13
89 15 22 85 68 79 67 40 58 44 38 2 46 
7
86 15 61 74 79 20 47 
5
1 4 9 5 10 
10
52 91 82 37 88 49 13 38 47 4 
5
1 6 3 5 10 
1240
16847 13115 20871 22347 975 24445 21891 18664 19862 4192 14463 23803 21513 21993 11766 10811 18982 10230 11111 323 7520 3469 22545 12095 14511 8399 15436 8161 21117 22725 6959 7802 11330 18916 23551 6355 15064 12561 19040 17269 7703 19128 16088 21009 14303 9177 4848 19577 9610 14454 24056 4794 10101 7071 12344 19409 13447 2059 23876 8765 9353 575 19200 17757 4834 7870 18856 10139 18705 13780 9212 15738 12987 3693 22567 2123 22330 12293 16285 10901 2410 15140 1025 10914 24314 12233 1095 15995 24013 23030 22828 1556 3726 7326 14574 4211 21876 21089 11947 6069 15539 14191 19894 1081 11904 17391 7826 13596 16819 6648 15868 6664 22081 23389 6550 15001 19300 12119 3823 4627 3885 23565 18984 2252 12458 1373 17290 9069 20446 15674 9901 18245 23084 20902 8198 9392 15226 921 17627 15737 10137 24439 22908 7881 8866 11581 8794 21135 8124 385 12087 811 2554 4381 21760 18019 17276 19139 8075 16571 19239 9571 18631 17768 11232 2634 14945 13802 11772 17635 24186 18552 3587 9670 5380 1258 9399 7076 2077 20013 1506 12674 9217 14703 21349 4772 8259 13649 20866 17805 8294 21169 19497 23600 23543 22714 1127 11727 24019 17111 20115 1673 4284 16631 457 2879 5517 8491 13746 6892 11633 12429 14536 7014 10315 10972 21880 19804 15302 12053 21461 21053 6522 4994 23140 19608 22483 15252 22181 4145 22065 15429 10050 9144 5754 13349 1965 12414 5553 7176 8659 15799 13169 14074 8836 11811 9094 9885 499 9140 5603 22010 3239 12278 19401 14842 4860 20061 22385 18634 6765 21278 10138 2049 22860 22754 4537 19255 8788 23177 17192 4276 11903 6557 7944 13272 3833 2706 14142 6486 847 21580 3279 16100 1652 19943 20234 21771 9785 7238 21837 2426 16914 13113 2838 20644 10053 19481 17659 8539 20863 19545 15571 3182 9615 20880 4365 12350 1271 4693 9395 4331 531 322 2804 2076 8371 8888 197 4725 15389 14772 4076 3980 13134 13177 7730 21293 1029 4390 16522 9343 6283 3188 21411 9512 22627 7601 4743 21640 5815 23280 21434 21067 10938 17315 16436 8610 7191 9666 16461 21097 13026 20811 12296 20346 12000 6049 11795 1885 279 4563 12386 10424 15268 6119 12228 12815 5635 4677 13945 54 22063 4287 15887 16064 4687 2320 19449 13599 17651 467 8464 14400 3767 23692 9754 11721 1316 9688 7716 4045 18914 24048 12941 3069 19932 12849 5158 14857 10140 13398 7842 1228 19715 14774 12123 14504 13605 16780 189 14057 9029 23066 24505 12388 19849 20369 12167 23199 8738 1881 5985 12918 13224 14166 1066 5248 9798 2513 614 15489 6517 7405 16463 11112 9629 24382 6750 11549 17841 6587 19450 11640 9041 4600 4352 18268 9498 444 19979 7053 9862 19479 4849 12755 19832 4372 2267 15682 19963 6816 9656 6878 12294 22845 21255 2637 23054 22223 22741 18441 9305 17542 16864 21444 16040 16094 13191 15400 8967 15713 12367 7642 24023 11265 9459 21371 24278 16171 6771 10166 12799 11745 24352 16166 3518 18275 23347 16376 4532 15162 11381 6524 19554 21682 19102 6507 12553 16535 14 15066 17609 5343 14428 3391 11052 21923 22137 4237 18765 10289 15195 9819 12434 2864 15973 23558 23770 18758 14250 24214 18742 23158 7593 12134 22319 4011 1801 3506 5942 7672 6407 16503 4885 14118 15150 15068 12786 19682 13328 24532 14739 16989 16842 11276 9953 3495 17006 7840 19166 17753 20197 15821 2009 19489 2588 4370 8447 22458 22520 6670 21684 411 8497 10303 4644 7813 19884 23871 1111 13429 15756 17171 15810 15516 24084 11451 21327 9984 13917 18614 18668 23497 11791 17515 12138 12365 1956 23263 14745 24156 22145 24565 23824 7613 5867 20538 11535 12430 22293 3755 8048 24188 12129 5103 24499 6013 19848 15702 24193 1882 24104 22274 2892 600 618 20773 18041 16521 3777 5423 4087 14645 9136 20877 120 20734 9817 20460 19499 6794 738 10553 17831 17764 19723 12522 10555 9372 18979 5305 12410 18724 10291 10945 12178 14422 10636 3078 21118 15398 17759 12543 1324 20783 5555 4829 3955 16294 5732 14258 11443 1055 13482 15562 22984 9333 1688 20958 5174 21220 21372 11388 8071 14942 9004 5054 11328 2539 2565 22424 1622 6833 9487 6590 2558 6322 17994 21134 19052 6487 22156 14521 23775 24134 16396 506 1558 2798 2511 692 24008 7830 917 19483 1806 14786 1036 24297 11073 22006 14545 16091 6554 1644 2030 19785 19132 17899 14907 12011 23755 17321 23623 18154 14733 20107 3593 9531 21579 13283 13867 839 15081 12626 19896 24491 18950 2437 9902 8061 19877 5350 17042 17355 23572 494 9242 16795 22928 9938 17911 11741 14370 3714 7434 2570 8646 8885 10380 5032 14506 22547 6846 5505 14993 17849 27 12353 13874 13228 5563 4343 2097 17095 6204 19533 6962 1997 2890 22002 18374 10042 21889 3527 20928 23524 16949 14376 7796 16829 22793 22365 1215 17574 14328 22411 15089 21834 20519 980 21951 24138 22290 6709 10494 3080 23245 24528 5869 15863 20191 12291 16205 22307 10882 2968 3948 12310 22972 10504 535 17349 13476 2455 24338 14152 7410 12241 16181 13271 10449 13090 18101 23411 57 13442 20111 14785 12776 15107 11091 5819 6719 7042 22729 5726 11242 1214 22854 2068 5679 19286 3986 16023 15827 14919 8552 20400 20457 14629 24541 21851 5845 8962 6887 14869 11224 17882 8302 8973 16921 23780 21742 19733 22058 22810 21421 1384 12685 13030 24300 4570 11131 10064 2255 13868 17093 11068 3499 15630 967 2212 9772 8570 20418 3557 15794 5226 6799 3992 1022 8892 14283 17135 169 15294 19689 4050 5737 15932 4490 16825 23308 172 23731 18551 24367 12491 23229 18588 18302 530 24205 8098 13577 15653 23440 767 5528 22482 8582 23602 12598 17019 15 19279 20672 16388 6585 10712 11546 5827 8227 5759 4712 17549 1367 21685 9814 15635 13064 7570 13278 16777 1321 21114 16028 14277 7953 15012 8438 12190 11189 4465 14731 7239 19163 2731 15196 4089 18697 3123 19687 5149 6666 15378 21892 4473 10718 3907 292 19342 6939 20648 7461 6523 24082 15597 4190 23238 5915 6408 22496 19274 4151 18882 5500 12150 18623 4031 22382 22581 1785 19117 6782 23074 8185 7081 21835 13394 17264 18801 18947 5292 7217 12207 8524 22380 21000 5801 23150 10873 19718 3951 16807 9171 12141 15513 5536 13334 13496 9747 16405 15876 23457 22119 20932 2026 13217 9318 4975 2824 1656 19095 13683 3626 7524 7188 23922 18408 7816 19803 3906 6081 13886 9097 15690 16016 23110 12106 19350 14210 3830 6952 6160 22703 1584 149 8321 12970 20137 14518 6036 1314 22467 20934 6834 12506 14063 7292 8416 16502 23458 6356 19142 14112 13645 6001 21652 24042 2443 9517 100 1425 24001 2453 1553 20925 7677 20410 17769 9621 16169 3975 11434 2566 22225 23482 19081 14803 966 11701 2679 1632 7710 3152 12907 15677 11345 21658 20935 18069 6188 4523 12157 3668 6741 4410 14138 15968 183 17716 8812 16435 15044 9304 1322 18218 9950 20260 9106 4571 11839 11623 19026 6496 18953 10598 4435 7614 4328 12371 3846 9181 888 20025 15851 2139 13300 12395 18964 6229 16837 12667 10194 8305 5881 12739 18059 12576 20126 11845 11158 15441 21710 17760 24065 701 5014 13807 10067 10305 22296 17366 1441 8793 19366 20178 4959 9941 11910 6715 9554 642 7272 17086 10915 8318 16909 19851 20601 8350 18108 20632 6560 4002 13204 18380 16822 1763 14983 14642 7531 3751 9638 6233 3174 16741 10985 12956 22343 10886 13975 8295 18892 20543 9408 22890 
6
1 2 9 6 5 4 
0

10
1 54 24 58 11 71 53 6 21 3 
5
1 3 7 8 10 
0

2
1 5 
0

3
1 4 10 
0

8
1 4 8 3 9 7 5 10 
3
1 2 10 
1
11 
3
1 8 10 
3
1 10 3 
2
1 10 
2
1 10 
4
1 7 9 10 
3
1 4 6 
5
1 2 3 7 10 
2
6 5 
12
10 78 22 29 2 28 73 44 36 99 31 35 
2
1 2 
10
29 94 93 14 51 35 96 92 20 46 
4
4 7 6 5 
3
11 5 4 
4
1 9 2 10 
2
1 11 
0

21
970 698 434 42 458 509 387 43 778 126 555 227 815 415 767 119 251 578 871 391 454 
0

6
1 3 4 8 6 10 
0

9
94 75 106 62 3 5 41 71 96 
0

5
1 6 4 7 10 
1
8 
9
1 5 8 3 6 7 2 9 10 
5
1 6 8 3 10 
5
1 3 5 7 10 
5
1 7 3 8 10 
5
1 6 3 7 10 
5
1 9 5 4 10 
6
4 7 3 5 9 8 
0

6
1 3 7 8 9 10 
4
6 3 5 9 
2
1 5 
2
5 10 
0

4
1 6 3 10 
8
68 8 29 64 18 6 57 36 
5
1 2 9 8 10 
2
8 10 
4
7 9 4 10 
10
15 86 61 35 63 79 50 65 44 12 
1
7 
3
1 8 4 
6
1 9 8 3 6 10 
6
1 3 7 8 6 10 
1
9 
0

12
25 8 24 30 87 6 73 31 82 4 40 100 
11
77 98 24 84 14 71 65 8 51 73 100 
6
1 4 8 2 9 10 
5
1 7 6 2 10 
1
5 
0

0

0

5
1 9 2 7 10 
5
1 4 6 7 10 
14
39 61 52 29 62 65 34 64 71 57 53 83 26 98 
0

1
10 
8
1 73 56 72 45 25 22 87 
0

5
1 8 4 7 10 
4
1 4 9 10 
0

25
406 337 597 435 747 957 558 984 710 349 94 78 756 109 399 436 551 493 674 613 772 936 59 174 650 
0

11
1 14 98 85 53 94 33 97 62 46 76 
4
1 4 2 10 
5
6 7 3 5 10 
9
74 30 6 26 5 77 80 38 102 
1
12 
10
68 100 38 19 29 20 42 47 10 62 
2
1 10 
3
6 2 10 
3
9 8 10 
11
1 7 65 10 82 4 68 72 56 70 78 
13
42 10 30 66 85 11 63 82 35 67 80 60 44 
9
47 16 77 15 20 42 26 36 33 
5
8 4 2 3 7 
1
4 
9
17 102 35 29 16 54 62 91 34 
4
1 8 3 10 
0

5
1 5 6 3 10 
0

4
1 5 6 10 
2
8 3 
1
10 
2
10 9 
10
52 30 2 78 39 88 31 83 53 47 
6
1 6 7 5 4 10 
1
6 
11
91 16 63 46 59 65 20 43 61 29 99 
1
4 
3
1 11 7 
1
3 
3
1 3 7 
5
3 2 8 9 10 
2
6 10 
2
8 12 
3
1 7 9 
6
1 6 3 9 5 10 
7
1 4 8 6 7 9 10 
6
1 6 8 3 4 10 
0

0

0

2
1 8 
12
1 80 7 9 52 83 89 32 29 12 16 25 
1
1 
15
7775 254 11285 1420 2450 7627 13664 2 6788 9265 2152 17773 6129 4352 21465 
0

5
1 4 9 8 7 
5
1 7 3 5 10 
3
1 4 8 
7
1 8 4 2 9 3 10 
5
1 7 6 4 10 
6
1 9 6 8 4 10 
1
6 
12
42 73 20 74 90 57 104 13 92 96 55 78 
2
9 7 
9
1787 19940 10076 6602 9038 8525 15450 24122 13480 
0

5
1 7 4 8 10 
4
1 8 7 10 
3
1 5 4 
0

5
1 2 8 5 10 
7
76 24 82 18 96 40 81 
2
10 11 
11
759 241 313 556 488 754 608 936 201 357 702 
11
99 90 29 82 95 49 53 17 88 6 69 
14
16 71 13 76 47 36 43 67 29 88 80 35 45 97 
1
2 
4
1 6 8 10 
0

4
1 2 3 10 
3
1 2 10 
2
8 13 
4
55 75 31 78 
1
11 
4
1 7 3 5 
4
1 6 8 10 
1
4 
5
8 2 4 6 10 
1
7 
6
1 9 8 3 2 10 
4
1 9 5 10 
3
1 5 8 
4
1 6 9 10 
4
1 9 4 10 
0

0

15
13 7 49 93 78 74 67 17 40 47 86 70 43 56 100 
5
1 4 8 7 10 
9
39 24 31 18 12 4 25 63 48 
2
6 2 
15
285 696 840 515 878 323 576 206 524 247 239 445 103 42 987 
13
2 97 32 24 58 10 29 67 26 72 82 18 13 
5
1 9 4 2 10 
0

10
13 52 96 83 33 43 65 75 74 8 
6
4 9 8 2 3 10 
6
1 2 5 3 6 10 
7
34 90 91 44 42 13 97 
5
1 7 8 2 10 
2
1 10 
3
5 8 10 
1
2 
10
22 7 12 70 58 3 48 92 35 84 
0

0

6
1 4 9 7 6 10 
5
1 8 6 5 3 
0

0

2
1 10 
7
1 9 2 3 7 5 10 
0

0

1
5 
12
16061 20632 20624 8687 13780 5636 17159 15645 22284 22039 1719 19077 
5
1 4 5 3 10 
0

0

5
1 3 4 9 10 
5
1 5 8 2 10 
9
82 35 43 7 56 87 93 30 92 
11
46 53 89 33 41 5 52 32 73 17 39 
3
1 3 2 
9
85 41 95 20 70 76 97 96 90 
8
70 98 6 59 32 80 35 41 
4
1 7 8 10 
5
1 9 4 5 10 
10
87 27 47 65 78 59 28 39 10 104 
3
1 9 7 
10
66 72 85 15 45 27 42 97 56 83 
4
3 7 4 10 
4
1 4 8 10 
2
1 9 
2
2 6 
1
1 
4
1 3 2 10 
3
1 5 10 
6
1 9 8 3 6 10 
4
1 5 8 10 
3
9 6 10 
8
57 77 50 64 87 23 92 81 
0

0

3
7 3 4 
5
1 9 5 2 10 
5
1 8 7 3 10 
2
9 10 
3
1 5 7 
4
1 6 5 10 
1
1 
10
35 62 19 91 84 81 12 74 43 32 
10
2 16 93 64 36 57 91 32 44 102 
5
1 2 9 4 10 
5
1 9 8 3 10 
0

5
1 3 9 5 10 
5
1 8 5 7 10 
1
7 
11
6 10 3 62 73 18 12 27 89 14 2 
8
21 24 99 93 12 80 10 59 
4
1 3 2 10 
4
1 7 3 10 
0

4
4 9 3 10 
2
7 4 
12
39 80 13 48 12 27 82 86 2 38 11 74 
11
57 68 16 31 30 64 54 65 47 4 78 
3
1 4 5 
0

11
1 24 22 56 88 77 12 95 63 33 50 
4
1 5 2 10 
2
1 10 
11
5775 6854 7922 6008 5522 12332 6684 2232 1769 1635 11412 
10
87 53 40 72 44 15 64 81 59 103 
5
1 6 8 9 10 
3
8 3 12 
0

6
1 7 4 6 9 10 
0

5
1 6 8 3 10 
4
1 5 7 10 
12
79 88 2 26 21 11 67 37 57 70 83 20 
1
6 
7
1 8 7 6 5 4 10 
9
68 61 81 92 37 102 56 50 96 
3
1 5 10 
5
1 9 8 6 10 
4
1 6 4 10 
0

17
775 519 226 942 285 872 803 843 455 847 977 821 198 139 746 768 677 
13
1 76 87 29 21 6 77 79 5 62 7 19 69 
1
4 
1
12 
1
9 
2
5 3 
6
1 7 3 4 2 10 
0

2
3 10 
9
70 38 82 64 22 67 11 79 72 
8
69 73 76 58 59 66 36 96 
2
8 3 
1
9 
9
94 104 59 5 71 67 24 62 77 
1
1 
3
1 9 10 
5
8 9 5 7 10 
4
1 4 2 10 
2
1 4 
8
1 2 9 8 7 3 5 10 
7
1 5 8 3 9 2 10 
9
99 3 49 22 20 87 84 8 101 
0

1
1 
9
22 23 62 63 25 89 74 34 100 
15
98 46 5 36 76 13 65 49 58 41 11 85 16 97 71 
1
7 
0

0

1
5 
3
1 7 11 
3
1 3 7 
3
1 8 6 
5
1 2 5 3 10 
3
7 6 11 
8
85 93 59 84 99 54 4 15 
2
1 10 
13
38 57 94 61 81 89 80 62 5 14 31 30 41 
6
1 3 9 8 6 10 
4
1 3 6 10 
3
1 4 10 
0

14
41 42 73 97 85 67 7 21 5 90 39 38 74 55 
11
70903 170835 142005 138925 127141 16654 87561 50031 127944 61668 186490 
13
43 99 68 13 52 91 84 58 49 75 46 70 50 
5
1 9 7 6 10 
14
14 42 51 74 98 4 91 78 52 89 94 58 79 35 
6
5 6 8 3 4 10 
8
1 3 4 9 2 5 7 10 
11
1 4 102 72 100 103 61 68 94 28 10 
5
1 4 2 9 7 
7
8 3 2 6 5 9 10 
12
70 4 24 88 96 16 67 56 36 97 95 101 
1
1 
5
5 6 4 8 10 
4
1 9 5 10 
4
1 9 4 10 
11
1 85 94 90 51 54 69 55 66 93 36 
16
1 41 75 84 36 8 55 74 37 21 73 31 10 66 18 95 
10
48 18 94 86 15 44 55 51 99 17 
4
1 6 4 2 
7
1 6 7 5 8 2 10 
2
4 11 
2
1 11 
1
4 
0

1
1 
7
3685 14071 8321 20123 17477 11837 827 
10
65 101 2 67 85 33 95 38 34 62 
4
1 7 9 10 
5
5 2 3 7 10 
0

2
1 6 
2
4 10 
7
1 87 44 80 77 16 64 
5
1 8 3 4 10 
3
7 2 10 
1380
1 12669 23018 8560 7464 7673 17151 23708 20881 23808 12448 16368 760 9863 19065 15157 23895 7498 22285 10494 8507 1064 15640 7105 9270 22950 2613 20318 18023 2963 22683 19198 10714 10715 8309 21050 12241 13680 12172 4491 21305 16645 16886 5055 12094 5943 6573 15418 22822 14147 23080 3890 6211 4016 5371 6878 7393 21887 5385 1334 17899 3639 7231 4963 22718 23306 11745 606 24475 1498 8157 152 3660 9242 15829 22235 927 17158 12908 12348 18017 13020 8289 18673 20975 19389 7111 24076 19654 4615 5374 19667 24110 10017 16011 20181 18028 5773 16457 13837 22206 21025 5437 16490 1687 23543 12810 2535 13800 15912 15560 6696 12677 22021 19948 9042 15195 21439 13804 10272 13717 11186 23361 3476 5111 17330 15729 24102 1403 11667 6296 5311 19365 15065 17947 18638 18726 17675 3631 14803 12992 21896 12807 296 148 17663 15630 650 23530 4847 7640 10156 4442 14556 19304 7568 5985 7943 13508 1140 2299 18701 12647 9671 1040 4747 13630 10344 16621 2597 19889 11377 390 5014 12330 17463 7237 8162 19707 24168 9964 16853 2171 5290 21846 249 21066 3925 19646 18873 11315 18716 13790 7051 19552 17574 9361 2105 8131 13562 320 11952 3072 4321 14150 24108 5469 5762 4236 22885 11322 22639 11653 1908 9063 11352 22319 21307 15836 1053 22877 7457 1596 5998 8339 17961 8544 15362 4362 6280 12969 9171 18159 13489 11181 23097 4856 5504 15109 7825 19350 3269 22637 15700 4340 12505 16123 1996 15067 3392 8701 546 11825 8406 15064 19086 2189 21489 20268 23469 21055 9102 24433 17127 16375 17669 2955 5117 19186 18158 15929 12766 10271 19698 803 13230 16088 21120 9729 18132 12871 17125 15635 4141 701 24376 20251 4327 8138 23141 23125 22892 5968 15899 8509 3862 17064 1188 1377 6451 3728 18369 10485 1134 12152 21960 13279 22524 23637 681 19161 5618 5269 8460 21926 7636 15891 8660 15807 9103 18893 7227 6744 11350 23861 5656 18840 20282 12352 3202 10758 14850 12017 12804 17160 23510 21417 8815 21534 6237 718 3960 23279 835 1105 14043 1774 5399 3412 6157 11611 6584 3408 12074 6262 21 18846 22621 13664 11880 23604 11754 19840 7706 15608 19404 9636 7598 24242 10755 10112 7959 9938 24131 22555 23017 10586 12206 17869 311 14600 15095 21174 412 11096 17511 16349 15093 19354 15673 10414 7127 11541 17017 18760 1035 23047 3374 20215 24057 15289 13447 22225 14996 19507 17970 4773 10918 21485 4116 7016 13530 8802 3653 12860 480 12154 3691 19290 13890 10927 9006 15502 1136 13907 11369 754 7934 19085 17194 9537 5882 6716 20155 9724 21990 13831 23739 14158 13782 5756 18853 5477 15623 7168 3041 15821 3359 4408 5205 21872 2519 2162 23882 12305 4761 18249 17753 14546 4469 16829 14214 574 18814 14137 9382 19911 3953 10008 17547 12878 20706 3405 13863 15611 16653 15332 2390 13755 457 6382 24153 4916 5074 16888 21142 3102 2723 18724 13846 18474 17054 2002 341 20077 19019 20717 4976 21741 4072 4765 6378 22659 6937 14437 22705 16068 7339 7591 14033 10923 11883 2765 17963 4992 14416 15041 16517 16301 23788 11184 23408 3684 669 17746 5734 9587 19958 12423 4739 22761 13949 5607 22734 13820 2234 17451 12490 18641 13120 4348 22769 9423 22230 6600 3770 15091 132 20668 14673 15088 743 3034 300 3317 117 6926 3816 22186 6985 15388 3341 16212 4835 14190 6080 16006 9381 13459 5733 2045 20805 3363 14767 18674 10047 2510 5517 21900 24336 17056 21508 21244 16937 3587 8814 15006 8416 2352 212 3138 1515 23550 21470 2118 8117 20523 18939 18548 13268 10940 7196 10003 16098 21857 19586 14683 18906 13974 13851 18399 24450 11158 13517 19000 12939 16795 11708 19779 20470 1824 23910 22317 18749 1652 7583 21845 9179 23707 6849 6071 15296 4702 12122 3584 21590 15789 2515 7012 21074 8141 24127 213 10623 13150 1396 6365 13541 16742 4316 22821 9388 22306 17123 21334 21885 20375 23526 23673 23434 6027 18738 8861 7841 23505 11574 8364 24519 19934 20283 3057 16734 22052 7476 4816 11812 19546 8864 21474 8491 7475 2478 2268 18303 11919 20566 6188 13191 5760 2742 1897 3935 15024 8254 3986 8481 22916 19060 5247 9165 1070 6504 2873 235 23432 23540 17356 5821 17911 6661 23348 11072 6241 22418 2886 1176 4766 4738 13875 7545 22572 1697 5510 14102 6870 691 4670 22133 5663 23107 5664 8628 8033 13123 2102 305 21971 11988 12534 9885 14463 19884 7683 16847 1005 3570 1834 11454 24114 13932 15780 18282 24419 4825 11817 13054 3386 7326 11735 13164 709 20207 20233 6690 5768 16923 19349 17195 22468 8067 1021 6688 10086 7854 12025 13702 17481 11474 7287 11236 21294 15885 14459 20250 14011 1127 21345 6098 1387 2269 20586 6966 19267 15603 22438 11414 11097 19842 18860 3080 16518 21347 13042 20121 548 10652 6185 7242 4265 22090 21991 3715 19362 22328 2770 15022 10890 19229 14030 16222 21136 5397 24385 12495 5783 18869 17143 22962 12641 15172 11291 652 19257 8293 462 9186 539 9190 18599 5705 7588 4715 9343 11836 1240 21376 15705 17683 10214 3557 817 3218 8591 24447 17809 749 1906 23533 21326 11214 6179 8816 17016 7547 22026 3229 7138 21951 14794 14267 6605 7316 18119 18018 18785 23716 7086 23414 10136 23598 13719 2163 15751 6829 17489 16752 22881 8474 13432 15982 12857 16982 17591 2127 16862 20924 5937 6930 13984 24305 2743 12249 15994 16536 12852 957 21531 14991 18961 19327 137 17719 961 19311 20321 9245 22426 2270 13203 16885 23600 14256 16004 5624 10223 12843 4412 2087 8732 2288 1981 3766 18 23463 19355 3540 18506 14548 6389 14375 9809 4179 3255 10633 12588 15432 17558 7957 595 23503 9420 20116 1400 22750 15777 21219 18319 8041 1503 2031 11618 19666 17224 17880 5168 2393 15852 8938 19028 4383 18116 7048 9011 14766 6160 24074 6799 13593 5229 310 3995 18377 12265 7131 1086 6045 6586 15187 5622 20687 6136 21729 668 8892 19526 17930 12341 23134 24105 3752 2215 10991 16503 16186 22487 7047 14091 5617 19734 12979 1465 5298 4459 6065 4826 23611 5973 603 14733 3941 6337 18173 11472 17154 3387 3545 22992 1632 11222 9843 21369 13331 24331 4620 23209 24140 7025 22839 1112 10683 2526 9263 11285 21673 5577 7601 12579 8999 21225 24006 23223 1955 14849 18498 7369 8613 1958 19967 18610 3281 20860 5761 8434 13434 5275 17837 10263 13753 9823 616 8345 21596 21134 16692 9201 6969 11332 23352 14412 23961 23443 3248 12340 24431 7644 15725 1034 22506 9769 11413 23358 20274 9821 18611 5369 16444 253 22239 24468 1178 15719 17632 19106 12794 6087 12829 18797 8662 15184 21826 22106 6015 4531 4192 15822 6301 12003 7115 15166 12554 20477 14859 2488 8859 5792 8569 12394 2126 4204 8437 10323 17912 9427 4156 4287 12058 24345 917 9416 13531 15477 9458 24348 14949 17904 21907 5230 20381 756 9926 4357 16183 19816 197 10354 3023 21754 9779 10521 15924 20989 1755 18034 3447 23371 22896 4748 15770 23608 8284 14608 12781 593 12441 16427 590 19701 22323 9767 15650 16419 21410 22834 23837 11799 1300 19712 3898 11001 11702 5714 1516 3108 17838 15868 23776 13395 11835 19036 20400 13067 19955 4760 20945 5009 22165 5241 2353 2321 5644 10781 23172 19520 19196 8684 21983 11453 1524 16687 2909 1925 4450 2581 13128 23439 15685 10330 15489 24439 1954 2232 9638 15573 224 13026 10721 17705 2490 16946 10225 4240 17309 6938 7626 6881 8383 17338 14781 18486 19271 22277 6259 30 11941 9203 22196 23725 21954 17935 8932 4981 9781 9949 8438 7027 10530 4163 13412 8652 14741 10079 7851 7090 11309 23019 17272 4393 11759 3123 21931 9325 8128 19141 8858 2470 24004 22368 15547 11681 15593 17188 9547 15386 3804 20500 24514 17551 9804 4010 6034 6372 13151 6370 11872 11175 355 22665 14868 4058 19332 5682 10241 8799 13576 10311 5840 24043 18517 6423 1962 1010 5865 13012 4173 17 17969 1033 21191 3773 4775 6512 4038 18844 1032 2598 8441 23561 1530 8513 16680 4908 5542 9684 24183 16072 17608 11407 256 15575 4166 3709 20326 22894 22111 11344 3055 787 7788 9407 16915 3937 9330 10328 20062 3467 6861 21823 21553 20115 14272 4384 6972 23908 6236 2150 8493 4875 6852 5851 24541 
2
3 6 
9
61 54 40 96 86 10 49 24 89 
4609
1 25611 17899 375 885 8054 6296 5181 5505 14944 8769 23125 4837 22662 22029 4682 25872 25288 11416 3527 22451 9982 25813 24902 1253 1292 24641 5675 23455 14193 9885 14825 12323 13739 17193 136 9698 4692 15758 9849 14860 3309 22772 23922 12253 14696 16115 15395 10553 1719 23152 13413 19556 21392 3421 25957 15672 9992 15880 18518 11208 23791 20214 24972 18605 4339 7802 21346 19483 9227 21967 13696 1103 2143 14977 11918 2247 10750 7762 14322 11026 24148 7278 4895 13234 7665 1417 3466 15086 9051 20073 6078 5272 2736 24182 3884 13200 2681 2451 24803 2931 2676 1504 1547 325 15515 20952 15507 18157 15302 14080 19898 10733 3870 8046 20485 3680 11848 16270 15273 7869 13396 9325 11177 23354 25605 2178 9826 1645 7188 4595 17581 3910 1573 442 3633 18571 8204 21198 20674 20377 6458 7862 13955 8903 7532 24450 12528 10396 22641 19420 13531 2785 6577 9348 13310 3533 21811 15902 15971 1556 23219 9815 3939 20918 23131 22054 12269 15895 7004 16378 15424 20312 24892 11685 8230 18737 12569 19542 3230 21829 12919 13366 12506 14611 12146 24741 13897 18471 24794 23591 1344 17900 6547 19086 14298 14082 18896 13718 22383 24646 8178 10940 24896 23674 3356 21935 9425 25287 22955 9762 23015 4438 5226 21893 25336 15 10558 16897 24640 7521 1908 8315 472 12127 4468 26000 11119 4619 10349 22797 19156 25866 15995 18343 8249 7913 9925 20310 13498 5192 12259 16221 12707 3258 23771 21984 870 18299 22723 15109 23106 15229 12344 15651 4948 13491 2986 10935 8954 2710 4624 15823 25896 19652 1159 6885 13206 10708 16652 2679 11466 6285 6429 12729 22268 1491 16878 8275 14432 10274 21313 20194 14613 17344 16595 17579 25870 4435 11161 4240 2325 5972 23434 18273 16016 7483 16630 1081 14364 19958 17789 4483 5791 11290 23529 16844 18734 4106 17385 15654 9589 25713 2667 12537 23604 3448 21019 13931 2723 20731 20957 2236 15747 15484 18036 14120 14554 25603 12055 14734 15759 8713 10585 19873 22055 18016 8892 16568 9667 23743 20549 11205 4067 7921 18700 11632 6147 5840 10619 12878 8353 1161 5159 25297 22203 25360 6331 1530 12408 14549 24544 19852 14373 10639 9074 2850 25680 18309 15868 17362 20184 20198 5603 7484 23116 4756 21709 23459 17923 13089 11689 19147 6242 3465 22622 19685 19080 8407 22740 18768 87 14655 1522 26022 6493 18511 8199 15649 17011 18865 5853 16461 11067 9078 6968 9066 16751 4966 25464 25720 19586 5182 4406 25378 28 11141 3621 25702 6741 8488 6566 18749 6234 6848 3403 13602 16532 13315 21662 14301 13503 11972 12781 24009 14297 9990 10494 952 18259 7760 24120 8094 1969 15078 10586 22886 23258 20263 23800 13362 11705 3728 10542 17069 18248 15634 16478 19683 12186 9605 9822 11811 10101 20925 2436 4261 15029 19457 14568 15025 6862 5935 584 16173 4218 10005 16600 10528 25825 10434 16580 9000 17796 10506 12021 20776 693 14781 12908 24051 4514 8316 17658 8403 8343 1394 15219 20063 13736 23567 12934 25084 22556 13731 23902 1080 2108 23657 9616 26097 14318 10631 7792 9682 5713 19175 2687 21026 12326 19169 11083 24593 23099 5844 19786 21254 20143 26124 736 7642 6873 24908 4528 4610 8421 19489 4565 4027 8695 11684 16231 6008 23487 20086 17220 5887 25806 6335 24073 11950 22908 9755 13509 3713 15658 735 11829 2037 341 14227 4954 25860 9002 5113 16165 16974 4178 21151 19049 13400 19178 8226 4382 23684 12457 21334 9350 2372 14791 23506 1806 14749 1266 15762 1923 23201 24389 2216 4358 26110 11336 6691 21737 21155 13121 13730 12517 12917 25309 20955 5340 7979 5259 2342 17320 25920 9417 8618 3567 16903 12258 7639 15364 25415 9659 3836 4622 5157 14800 14620 19739 1072 15957 3485 19100 12011 23686 2305 5823 477 3278 18656 25095 16806 12530 3433 11832 189 8970 1058 1947 4513 8471 22864 12292 13636 8853 12465 19626 3650 24090 24154 4539 18238 1051 14431 12582 21442 22079 18404 17426 3723 14700 12175 11985 1734 21349 22991 13586 7702 3085 11493 6879 23793 8109 20897 9947 18695 10961 977 17944 23845 9076 9120 14068 3733 5575 1293 5963 8061 480 22040 22156 5751 4972 18395 990 5856 22699 796 9079 464 18148 17218 23365 17262 24817 13958 20518 5213 23189 6254 6460 13115 14900 3313 19105 13588 11228 25569 2023 22399 12960 22841 17518 13919 20107 4320 18601 14999 25445 26041 16502 11981 24122 13647 6169 21480 10383 7616 2874 19315 747 20959 16426 14308 5967 11547 12353 2430 3192 1956 2742 308 9572 4865 21833 5416 1803 10287 13679 12639 19582 22261 12615 1046 19511 20336 4488 11480 25928 13662 23240 3055 18214 23092 25874 7274 9522 10108 4216 19375 8017 25610 17778 16490 19208 4403 23410 9995 13235 14282 23823 21053 15263 1039 11280 25596 4546 8993 6773 13370 9971 11714 9896 15315 17 19504 3603 24816 9117 18632 12336 14368 26052 2366 12510 2073 9737 22083 6197 20681 23540 10096 6506 12891 16109 4057 14833 13349 9917 22775 15930 20347 22025 22435 17465 4416 11576 10310 22724 21439 23618 20666 17081 23780 11531 18080 22535 2281 11897 4815 24945 24574 23729 11943 3111 3815 22215 9814 12938 15040 2621 13634 25466 9775 19165 25091 19611 18783 22613 11337 5274 22198 5636 3855 19766 4031 6559 11870 16067 21638 6162 25966 23146 18195 4399 6704 4724 9702 24101 6784 7272 1336 22859 20478 14525 1118 13189 14380 22033 6560 8889 24384 5150 23987 16919 4212 5390 25111 11519 5326 24053 7343 10069 15779 8342 3811 22142 11755 5778 1137 2050 10995 11057 4685 23914 1879 12667 3162 14274 8041 18879 4949 23489 6282 13548 1782 8987 1608 2587 6684 7303 22450 21734 18389 25280 1185 8489 12268 9063 16987 19691 4722 9360 25863 24980 18640 21832 17975 17527 17228 19189 11670 13102 22374 23222 21626 18101 17758 16510 4829 20288 18056 7414 14742 19113 12854 11611 21555 19638 14688 24960 14332 26130 14656 6908 20053 21620 22637 4309 25153 20903 23654 7997 20185 15557 9959 21770 4081 7834 21787 12397 2989 3463 20318 18217 8088 24318 7519 2985 13991 25958 20848 7520 5920 2807 2787 2144 7499 19351 1930 7630 22471 1702 10824 6682 17213 4899 9310 20724 6726 4204 10620 1994 24468 12480 807 14818 10967 25469 7654 19672 13566 10356 15261 7434 21388 4047 15111 1980 3652 2761 8371 953 18917 9279 16984 8016 7103 14320 11101 5457 5287 2000 2849 2044 708 20385 13205 7809 22081 13305 5784 2265 18434 23963 20384 12800 956 21907 12102 17293 2672 5025 23985 3896 6849 19054 19780 748 2338 18091 2251 25124 3360 7914 3667 10634 12440 22443 128 7107 9638 7210 13164 15606 24662 3901 5848 3446 5415 4464 11369 14707 25171 14235 16955 10982 12317 26044 21001 949 8377 2813 8591 15628 24705 3590 12071 11959 22679 18697 9165 16617 359 22210 17224 17170 23595 21891 5460 10265 22574 18234 22978 9450 5821 21043 25538 13687 14153 2617 256 1338 23735 11559 13307 8227 15866 24074 8149 9867 4847 22492 6211 22077 14764 22206 16593 432 1509 5868 6470 18049 19767 20630 23181 8364 17507 22429 13377 25633 690 17417 16158 23293 3966 7565 4389 11728 22347 3339 8047 16832 10236 1048 24672 8427 14071 5250 6992 5418 4310 8613 22926 14830 16951 13107 19092 8519 2916 2034 21569 3175 11594 16205 2608 8612 10321 25315 21948 15938 2686 5385 19400 15545 8572 7905 20197 25607 24807 11048 4152 18151 10942 16194 16127 14051 11539 17370 10517 2938 11122 22085 12633 12343 1381 14148 12898 17176 19056 23789 15799 18631 5938 18319 24480 323 24034 15519 19981 25224 18061 939 25644 2653 16661 14048 16181 18884 25046 20885 1223 14402 26050 24467 3594 9199 12307 7031 8676 15633 12552 13169 18133 21943 13640 5979 17635 19933 13109 14124 17185 650 12301 16936 455 18824 4101 13049 21118 15425 7578 16128 13569 15613 24186 24410 2599 4709 1319 6044 17541 3118 21048 17495 12669 14735 7227 12595 7236 13513 1784 20353 14562 21116 17584 6355 13252 15400 9544 7432 13391 541 18412 9987 19307 10854 24420 26029 17586 3265 3197 7464 6942 1986 17253 9408 3024 13922 2620 22766 18616 9160 867 14891 17491 15269 12350 13027 18495 131 3610 6438 5913 24024 14680 9474 20163 1580 10616 19107 9231 25272 18146 12134 283 19690 7136 11738 11268 7199 9585 1232 24570 10868 17155 22815 7841 12586 331 3316 11206 16242 19874 25342 14103 1386 24014 10589 17336 13598 24295 3781 8189 20130 907 19554 23275 4518 24763 21651 15778 15079 9760 15582 5817 12699 9890 26080 19059 18831 21027 6201 17767 7685 14492 24481 998 13593 8168 18648 1689 1538 1837 11775 24825 20396 5201 755 19779 9418 565 4143 18380 9933 1812 20021 25117 8419 17849 3864 18492 14145 1717 5795 12547 3832 6083 8847 10026 20287 21508 9563 20594 22219 24048 20664 24494 17457 1367 5653 20268 21390 8163 1015 18226 23044 23867 4499 2303 3720 22378 8278 15850 5432 22253 15857 4551 18027 2733 9665 4501 24128 4778 1731 825 10364 25861 8457 23220 14672 4607 23462 4469 6237 25592 14737 23721 12378 6005 13962 1317 22945 24516 5190 23329 24439 15615 20879 8126 23118 20654 10637 11348 5002 13288 4886 2642 16403 23196 25955 10312 7330 5692 16056 1135 3918 10027 17825 19535 9432 14716 19935 9663 5227 13094 17083 8535 24239 19174 7847 7930 9216 25707 22353 25192 13074 12411 5251 3388 3552 10391 5327 15234 13241 13290 20475 21417 1372 20704 11532 23027 3065 20556 23182 19752 25711 19379 89 21065 3182 10340 7461 1790 20870 10377 10675 15757 8521 19720 7216 4992 14630 6769 19920 14206 7852 1585 9110 8036 564 24621 1564 3606 3031 24272 148 14803 19091 20761 19845 3062 10577 16413 15588 13504 11415 11212 8814 3644 20685 14106 25963 25842 13471 15271 24306 21437 3394 7383 21488 22900 22381 5104 1681 11905 11655 4571 18775 24328 15209 25294 8093 23583 9789 1012 12683 2759 18608 6779 20174 22546 20745 8921 14647 81 3934 1949 1653 20389 10661 24505 5325 5701 9082 17379 20652 22144 7575 25519 9524 24164 20303 6546 15786 20855 7976 14596 712 2363 7494 15415 22405 2208 21109 9192 2101 25646 15777 5094 20519 16183 9267 25172 25361 10911 14988 23214 11553 21619 16485 8722 2745 5058 8603 4715 19493 9253 8936 10779 21258 15018 1744 10677 8686 19526 5621 24659 23058 13685 2706 23321 173 13954 6341 7413 11596 12329 1224 15487 24189 20983 10489 16758 8719 21329 3402 22201 4462 15384 7115 2996 18003 15498 10989 13272 25993 18904 17604 5650 2056 2735 20767 22583 4757 7989 9174 20708 22389 22153 14698 5427 22409 15346 19344 7 14694 1488 2848 24201 25448 10709 24133 2946 23227 19271 15831 16735 21252 19939 7808 24348 25013 14365 23574 12276 18870 7663 19579 4376 24585 19960 14333 10172 24887 5215 12899 16636 23389 14115 18047 13242 11350 25765 6119 13279 11898 16472 18530 15611 25815 12766 14400 18541 4220 10657 4553 14967 10229 518 10973 15451 22514 13455 12602 12038 24496 14262 3696 10239 23650 13973 7718 12002 23811 7135 16448 15129 7773 11813 14338 9152 20299 21727 25945 21570 18408 10376 17062 16621 10294 14292 16005 17580 14508 25787 23855 12421 16435 3202 6389 5591 13162 16971 7537 14487 15691 2090 13527 14774 11448 9725 22290 6026 10184 9554 10071 22872 25223 23990 3961 13665 15793 21976 6016 645 8159 5006 23269 20172 6651 6778 14750 2503 7688 24142 19983 25379 5969 23087 18650 2776 1291 10600 10876 23581 9970 8650 22412 213 11851 11251 9996 22420 15221 19628 7676 4453 5277 1543 6062 7475 21028 11986 12410 16973 16739 14272 13882 5330 6421 762 16543 343 8938 8761 3890 20289 1889 23741 2189 20488 25536 7025 22152 23072 22856 14251 15508 10020 1892 11305 22628 23760 16083 11436 2173 10408 2309 9402 1595 6830 16720 3779 3039 12861 4765 9392 8744 1377 14760 5997 21844 20977 22478 16679 18844 1414 17117 23822 21573 14078 4046 23559 5642 17371 6748 22825 25950 14724 11055 22975 16163 23879 24564 19171 22423 40 4716 22654 6832 23778 4016 25859 24632 18002 125 13656 12886 5316 5658 20041 11065 11857 19473 4385 23696 6243 9891 8732 2328 8158 16673 7396 22393 4938 17880 12497 6041 21590 1429 10983 22062 19441 7166 7059 24769 10427 16741 2924 8628 20910 22570 21072 16976 19077 18909 12296 18772 7940 6747 14075 24730 22780 14248 7230 15851 8220 16460 984 4609 1737 9101 1297 1269 1384 20615 24291 6649 12637 577 24152 13532 16214 10700 11002 17121 2494 66 2470 4431 7983 12103 16354 3467 24234 24151 9871 9606 22154 4611 19675 15576 8619 16845 6632 2230 21059 24324 7096 22277 2014 24311 4370 15556 25890 13195 3913 5756 16917 25516 20097 23133 25999 11865 18327 6253 23485 23341 15932 17226 17101 17333 6323 10089 10737 25353 10933 234 8939 26115 12723 7036 10670 9095 13763 6292 14122 14870 12060 13171 7391 6300 1276 23863 142 16796 6186 24799 18881 20941 3110 4958 1542 8059 15683 6190 10461 8548 2397 14447 11285 24743 19772 5769 711 13083 22005 4448 2717 23259 21805 5946 7140 23732 24553 2226 24543 17092 17003 14887 9237 19480 12767 15761 2668 3415 17166 12695 6039 21688 26066 11699 3580 19075 17292 220 12654 9195 15694 3248 16912 4560 15719 10808 9470 1842 14346 4182 18498 6902 14888 1598 24393 15859 12385 3095 5440 23503 18715 20062 11235 5754 21557 21435 12418 7882 16202 6212 9224 18231 4243 2677 14775 11418 10540 13607 19877 16090 5633 23371 23560 11885 21690 12914 16671 26095 19126 517 15926 2954 19244 2308 7048 23672 20825 13225 16873 15159 26082 14063 17461 17716 23022 25876 23183 7751 3560 24290 6627 19519 5206 22118 24861 19867 7911 11414 21180 4442 16529 24477 20023 23316 20682 14002 20547 21423 17997 14557 5702 24775 14388 20323 3338 8073 1819 3492 12339 775 2096 3895 8392 4801 15473 22354 19884 8852 22291 10186 5143 15164 15617 10875 25480 6491 17681 24929 24903 16641 23996 2665 13903 5081 26098 9030 16209 11604 10554 12784 13668 397 16972 13425 2640 7399 12282 25983 410 9902 21447 5494 15575 15753 8780 14636 8232 16469 9690 18310 18940 15963 18118 2781 5489 10730 12150 14847 24493 25734 1459 12624 11757 24244 23906 5622 14758 9865 5465 26025 7122 13660 16578 15840 14116 837 6097 4963 11051 56 21982 824 16867 452 19862 17566 5442 12826 8011 23236 15031 20538 23784 15366 19251 3671 10359 9598 12640 20392 3012 21165 7144 22252 24172 2147 2268 2586 5438 12377 12646 14180 7572 17622 5033 11134 8759 17442 1192 8801 11678 20200 12601 21216 13371 19701 23372 11544 21684 14042 18741 5071 4548 1177 6148 18957 12223 22953 7317 18542 17544 19177 11434 8330 14576 3074 25207 4340 17971 6605 13118 3499 5902 889 20987 20386 19341 9601 18720 10981 2282 1311 6909 10533 14846 19051 11339 21606 2594 23069 10080 18996 16089 18331 8002 23572 1295 6820 1801 22463 12398 21455 23463 1296 1233 20445 16904 19707 17030 492 17084 12677 24429 20740 11783 21672 3872 20624 22513 2922 7820 9514 17763 25420 6705 11093 12260 2137 11876 22706 21353 18192 1318 1724 14052 23568 10702 1603 1410 18968 540 2280 2661 21497 23488 25690 2822 22234 16143 4961 12217 26123 17326 6202 4287 5502 25820 15314 12453 17411 8725 12786 18916 9387 15974 5831 11179 21069 2784 2879 16412 4024 21515 4812 10503 26064 23786 24663 5605 2516 10930 18023 11478 25586 655 16126 12434 5926 2394 12254 25935 4579 8932 23440 628 10149 18185 11328 16620 12617 23184 5318 631 20590 23607 19406 9331 16992 9853 15722 17100 7347 15285 15436 16420 7033 21940 12357 4809 5331 24185 11154 4630 9462 11622 20331 20180 9371 7705 10082 3856 923 25614 3926 6196 9629 25138 22728 4394 24906 16501 22208 13950 2757 22056 6367 18422 17434 9628 13538 2702 856 17061 11702 11692 19138 5546 11313 6514 19111 5447 20993 16694 13921 15891 19684 12403 25377 16747 15257 8975 270 17876 12803 21158 24607 24231 1205 199 18465 5229 23891 7054 10672 7968 22240 8806 12222 9850 11648 2949 2317 3114 13661 17864 5958 17028 18754 7963 23390 12910 8246 5158 8738 5059 1017 18284 3333 5463 4201 2404 12951 20533 24173 21812 23669 20146 8808 5479 5138 15787 9483 12741 9328 10836 14278 15564 20746 19773 21505 13116 18253 21912 10188 8747 19024 16307 8585 11112 18127 22969 15520 7492 11033 13389 15113 634 6766 13347 24388 507 6157 17195 13895 596 18987 14595 1633 22665 7645 22760 8254 7588 10291 4231 4800 12903 18676 15115 795 3982 15016 17217 6894 6102 26093 8916 14359 16550 1839 11412 18293 18756 1987 16438 21263 23277 9413 26079 3941 3906 12295 16372 13061 9895 23224 13261 12210 704 25235 4356 12643 14927 21877 1895 7953 930 11099 10462 25133 15913 20643 16960 23242 12664 728 18719 12956 19026 16566 1713 10249 6874 1616 1355 9751 22730 18897 13423 8931 9557 17285 24279 20942 2413 2979 23562 7707 6601 2153 8286 24195 25441 24637 286 8404 24110 6737 16719 4188 524 11542 22053 2929 17676 25114 3976 6194 20999 22826 508 20000 5486 25249 1190 5039 12428 26037 16014 9401 14901 21875 25010 2254 5456 19574 556 26017 7956 23570 20750 4845 72 6545 2506 24512 16153 19199 17992 22971 6986 9293 23837 1486 16765 8542 10823 11646 12622 4429 14701 16596 21642 2861 2947 14723 18352 12567 611 21193 3490 19256 3247 21831 22249 20222 17652 9833 116 1579 17903 6600 10025 4913 20693 5666 22541 11498 14270 11343 1420 9176 9240 17638 25698 5893 20069 7853 16998 22643 24210 21635 15238 8358 10817 25525 2400 10612 25189 18755 6418 16381 2316 25663 12868 22707 25973 6918 24712 17201 6054 18208 3067 7423 14843 21449 21519 7996 2169 14539 25559 25837 31 16893 17420 5066 12224 14118 19592 22467 642 17068 8856 2403 25811 91 21410 19600 24446 19367 19894 15019 21858 23890 8799 12104 1569 16322 16651 11880 8236 4415 7611 25754 16186 2696 25368 17805 26094 7507 23202 18466 21917 14360 8828 19835 16036 6056 9907 6117 25706 11230 25273 23660 398 24529 7217 819 21983 17824 3033 3140 11138 14352 11155 10648 6229 3498 10033 22078 10068 18046 13562 8615 24790 6572 24397 25226 22550 3535 8756 7925 17911 19580 23166 19541 11089 18347 10351 25517 25136 8082 23933 9851 9358 3428 9179 16419 11391 11105 21498 11774 6955 17754 3559 5802 7428 9700 12027 15792 3363 10946 21286 1346 11497 24626 24806 10139 22528 14744 10488 16818 21648 5193 2571 428 14505 17163 8165 15980 14529 9627 15717 11667 3404 22586 1697 10487 11910 19261 12543 23209 24884 4712 763 15969 15420 23546 366 15323 4080 1565 4937 16693 25270 12650 18004 5343 25301 13103 3628 25964 21826 7225 19567 16316 1356 5260 10928 14597 20286 4478 20306 24726 25436 19850 15574 6499 17200 1334 8882 4273 17202 5045 15884 7583 16698 7655 9367 17183 6172 25200 20352 5488 13825 15488 2472 4233 25267 4402 21229 11017 25148 21707 5248 5780 19723 2104 2628 13390 15474 23537 13553 15250 20642 25577 17111 1939 2389 6833 11696 787 6018 8164 16833 21298 18044 7732 17668 16913 14675 19242 13194 24168 18161 4277 845 17608 20899 12533 18294 14265 18926 22059 20994 3268 12992 4555 7015 11312 476 4433 23170 12988 20853 9332 15260 22496 8707 24177 15589 25737 19427 17188 11021 26008 7901 3210 20557 10900 16672 19944 18890 7385 8045 16487 15087 20555 4786 24954 9339 19106 21387 14996 21306 25381 1131 24491 2440 8638 8816 5940 3336 12678 25696 25291 8074 20035 18437 21930 15274 17510 24938 13893 18167 23820 23359 23579 23207 17431 9090 7318 6557 4826 8563 18989 3564 20010 17449 16136 24692 9525 23322 14286 19700 24842 24198 23083 11264 20012 17532 20531 9396 16754 5507 19260 11077 14629 19678 12525 3068 17501 197 22189 14555 20349 22604 12470 6412 4265 17750 22997 24805 9255 356 9562 17696 10406 19474 14703 8833 24699 16817 3177 6947 18350 15066 14949 10825 15469 14587 20462 16583 12485 9855 9077 8431 11009 15226 15286 3614 8926 18797 24547 25909 14985 12449 4784 25122 9091 6143 11868 17833 9576 12235 3255 11517 186 4959 12123 20447 25722 5082 8909 13373 21655 11973 12791 10200 15770 24082 17440 15061 18436 19938 9550 8310 17317 6262 1534 16858 17831 23101 22333 17570 6860 3146 16535 10877 5985 10015 11892 21210 9302 1519 23401 4139 4482 6407 2126 19937 12200 22873 3582 25821 9241 394 15044 4173 21937 2066 6000 10275 24537 20273 6582 890 17418 1444 24961 10401 21002 21691 18131 6666 18258 10844 7742 1339 15510 7402 13036 21814 15393 22548 24484 9410 4336 22673 7118 2775 4627 24865 21050 6232 8279 18883 2975 1416 15848 25814 11472 23290 6738 17896 17890 16092 996 732 6423 14648 9136 16980 20972 15839 2738 7287 25563 10213 8724 3605 15293 20409 23173 2139 1703 3734 902 9519 6146 19193 43 13796 1664 1728 14761 22883 6660 24356 13453 20850 13097 17304 20440 4863 3069 7173 7471 25482 21884 21933 17883 24044 2902 9709 6932 24382 6640 6569 11191 11941 24369 20345 20617 20939 20609 14748 24534 19677 13664 16548 14237 19644 15580 15027 23479 11068 12236 3173 15734 21755 14233 18351 17131 15612 14330 4651 23456 9004 6191 2065 2314 10853 16144 2211 20333 16208 8367 21359 21038 25256 7196 3894 21715 4388 10431 19246 20140 16445 21848 13551 6809 25717 16921 17651 24364 10038 5194 10996 18042 23161 20361 16711 23185 678 9041 4365 20416 25096 3384 26127 12812 15874 11747 16291 8843 24017 25105 5405 16146 2793 21297 3885 6497 23474 14305 25850 12208 7708 691 11976 23750 17837 2378 25533 4670 16323 16436 4422 6713 6568 10994 19642 13407 6875 23897 19885 742 1116 14942 22341 20690 3981 1357 20448 15558 24772 7714 21175 12171 12004 11863 24176 10655 24035 12325 9962 3220 17015 1324 9169 20846 6413 22831 21020 12711 15702 3132 3411 12430 12513 2631 11354 19911 9027 5437 18201 10000 7290 21846 13126 22822 12061 17723 7775 12925 5665 19559 7228 14100 9251 22009 4673 21232 14889 1890 5925 19035 263 12455 13860 15155 19011 6002 18658 17235 21880 773 8791 6674 20753 7095 22170 23582 5810 11630 434 17540 17112 21461 9766 20883 3290 2390 7891 24415 2601 5734 5803 12743 12088 8691 13 7621 16843 3099 21181 11859 15493 8569 5704 6318 229 21491 16558 17187 12745 15387 21122 1099 10869 6633 746 10536 1057 7132 11700 22281 18468 14321 13301 23251 24249 17736 16500 5126 18685 24895 17284 14173 5555 17137 22400 1283 18882 1621 21609 7229 10203 12174 19871 19822 2269 12671 14931 2826 22247 972 114 4011 8435 16880 13415 8869 24136 9349 19281 1242 7224 24123 2912 2383 19475 8835 6534 20760 12790 8305 7727 16365 5389 22369 13981 17557 15047 20321 12793 8262 13638 14792 21014 288 23249 10755 12327 3985 13417 22185 17641 5578 13880 10243 13570 23299 1813 24059 3641 23117 10429 14150 12892 2149 3482 23427 12776 19142 17516 7924 22838 14126 3600 25029 21146 294 25851 18586 19782 6400 5161 24026 6814 11945 15195 5894 14070 9753 23767 5328 17377 14029 25365 2697 1968 16874 21535 17730 14907 14497 5211 17650 16779 8383 22931 955 11660 18191 10288 13446 16575 2817 4707 15989 17335 3015 17528 6416 15284 3624 21872 10523 18295 19588 931 8714 7542 6804 3725 17784 2662 3311 5314 21280 5149 18943 1000 10949 19705 22041 4977 22137 2523 20595 4132 26107 22819 5450 16585 16254 6754 21879 15081 25789 37 25156 21492 9716 3769 8304 25070 13055 22136 23964 19634 18711 25665 8063 17314 15055 20804 24729 7007 13975 14468 8496 18250 23431 8110 21711 19573 15372 11224 18400 12970 17537 849 6310 2833 17288 8382 20979 3252 21085 10137 9286 14834 1082 23088 20532 23764 3761 15501 16296 16386 14066 5998 10583 15199 6799 6695 18643 11132 23157 15072 24070 8034 14416 15371 17278 4956 11921 2512 485 15764 23724 18674 6972 7789 25615 8253 11824 11792 9538 17257 5607 14266 4187 3819 8956 4112 110 7803 16871 14250 18716 25900 23673 19233 10719 8172 11612 12662 18579 11796 25398 11262 6200 24373 1686 18382 19629 5475 4138 5608 21105 2970 12266 11734 8981 7678 7602 19841 15253 9964 1981 21456 12672 8306 24156 18450 21372 8009 10997 24054 18835 241 25244 3014 20099 19458 96 14310 20074 5231 927 20822 7544 15917 7027 11367 1995 25653 11037 6330 19215 16118 18682 24583 7424 22976 11834 3830 21354 5832 21825 25535 8649 10723 18435 25921 1533 12484 5928 4229 6912 19268 5824 3717 24697 13580 1066 17937 5485 17424 8007 21529 847 3662 1299 25428 5670 2381 21236 11800 23936 16654 2125 7145 5639 25880 4009 16869 3655 14056 22507 18377 3212 4168 2463 13482 11574 9804 18858 5745 12482 18867 21733 14828 18981 19510 19624 4521 1101 10831 16731 21348 6088 19030 11983 13090 7058 2197 7456 8507 18206 14357 17259 14165 17044 11428 6141 17500 8589 9271 24303 21928 21633 13674 16787 13976 25570 16190 26055 15887 12858 21507 19515 7612 1256 22927 4344 21230 1472 20772 543 1977 21017 15150 8029 18660 17459 25795 13382 13284 812 7361 24866 18993 11967 26042 4821 13458 22598 16450 13155 22896 4372 5360 20829 20362 5299 24288 18534 2824 715 15479 12926 15397 14049 15476 21681 12141 684 4348 5923 24827 22653 18455 11304 24266 16802 13034 4235 16252 18252 6439 4554 25769 10247 23622 14215 2613 587 25943 9545 4644 16054 13803 13018 14842 2994 18851 10217 1656 315 20738 11579 7967 24213 24572 25770 6821 461 23664 19924 10211 17741 10963 21098 18000 16407 11115 9680 24498 18205 25439 3592 18305 21251 18804 21426 17889 7549 18799 14363 8631 18463 19737 1606 20880 17444 23739 3826 24909 4771 13917 7931 16546 5627 22761 18153 10751 16080 15144 20619 15943 23375 18147 9123 7525 8727 5977 12554 17945 10303 1221 5615 13112 22093 19985 3747 1094 21142 6657 2038 11238 19073 24352 2258 6635 20189 18860 1298 11970 4338 697 8679 2535 7431 23407 16243 16898 25222 6614 20326 226 14090 18691 23491 1412 12140 8914 15399 20001 21291 7277 23034 13479 24536 14603 5691 20455 5549 7422 1780 967 5982 23305 7551 13988 16382 15132 1749 25037 7733 5451 22111 8927 22402 11618 9534 22666 8399 19630 21549 11364 2248 12468 24510 771 18440 17430 25567 4082 19966 24020 12442 3264 2778 4861 5994 14814 22515 25616 3979 751 235 20587 10163 10280 23238 8137 643 14718 18642 5240 8412 24124 18304 16206 21525 6715 15020 2218 8480 6828 19503 1827 18501 974 17664 11349 13983 21578 25483 17389 10959 19760 8599 18265 13431 595 22408 10640 10712 15233 4350 21594 10621 24683 21192 17737 23690 20807 3574 7448 10301 5293 3674 20374 16001 7215 12980 25250 11150 14816 22847 3203 18087 6795 22571 18064 6127 13086 7051 5797 18286 25910 25173 2270 24594 9757 24368 12619 2991 10378 20612 9876 790 2638 7152 19776 24846 6501 4234 1888 11494 17554 15301 10986 815 21199 18033 2584 6247 3152 18913 14383 12284 23738 13183 17168 13591 6647 2837 25051 23080 5462 11157 9784 2809 19045 11109 5107 8783 12155 510 174 21191 13365 24438 24625 1761 7212 25102 13847 22146 764 9439 11187 21978 22499 25810 15789 21596 22875 17859 18401 18308 10207 12981 5134 5180 22319 11872 12073 18531 2532 17129 3238 7193 23575 17863 8726 18423 23744 23533 5703 22117 8491 3021 5185 15065 14490 8641 21250 4593 1808 3472 13526 6634 6881 5245 19038 2013 7150 26031 23881 18777 10985 3940 2484 13530 3319 11463 4889 9044 4095 9829 16612 5200 3206 22049 13629 21342 9492 4755 3439 13775 11421 21066 16856 14924 10519 10164 18687 22035 4556 14486 11679 862 13276 4116 6050 2067 8800 22938 26131 
11
1 16 68 61 53 12 15 95 88 89 33 
6
1 8 6 4 5 10 
11
66 5 63 17 76 97 6 74 45 73 41 
2
3 10 
0

11
54 68 25 86 52 8 83 21 95 51 18 
10
46 69 22 13 78 43 65 59 24 42 
0

14
81 50 60 90 77 92 15 93 74 7 21 78 48 31 
5
1 2 6 4 10 
0

1
3 
5
1 3 5 2 10 
12
1 73 34 13 79 42 45 8 24 99 84 59 
19
652 930 117 938 852 639 137 182 754 334 900 896 203 912 573 180 897 252 984 
16
39 13 82 91 22 98 89 66 51 94 46 48 78 74 67 43 
0

8
69 94 41 20 50 53 62 21 
10
71 18 82 68 73 99 88 14 45 57 
1
1 
8
1 8 4 6 3 7 5 10 
1
3 
1
10 
0

0

13
72 92 22 14 97 91 89 26 60 21 54 31 73 
3
5 3 10 
6
1 8 6 9 5 10 
3
1 5 10 
1
3 
10
44 9 85 13 25 26 47 52 61 50 
0

0

7
74 80 16 36 76 90 100 
3
1 4 10 
4
1 7 3 10 
7
1 6 3 2 8 7 10 
2
1 10 
2
7 10 
7
1 84 77 91 94 64 33 
1
1 
8
82 61 54 78 33 5 59 102 
5
1 5 7 3 10 
0

6
1 9 8 6 2 10 
1
11 
7
1 6 2 3 7 9 10 
27
265 49 882 123 751 281 401 890 936 947 120 981 776 186 76 841 96 729 347 226 159 131 384 117 83 227 737 
3
1 8 10 
5
1 9 5 8 10 
9
1 72 53 46 91 62 70 29 96 
1
3 
5
1 9 4 6 10 
4
1 3 8 10 
10
91 56 45 41 70 18 97 28 38 89 
7
1 7 93 81 18 83 100 
0

4
1 2 3 8 
0

0

3
1 5 3 
3
1 3 6 
4
1 5 3 10 
3
1 4 6 
0

5
1 3 7 2 10 
5
1 3 9 4 10 
1
15 
5
1 6 9 7 10 
6
1 8 9 4 3 5 
0

6
1 2 9 7 4 10 
0

4
1 9 2 10 
2
1 9 
8
1 3 6 8 9 4 2 10 
3
1 2 10 
0

4
8 52 68 97 
5
1 7 3 4 10 
3
1 8 10 
3
5 8 10 
4
1 5 4 6 
25
643 302 774 194 132 601 338 429 477 57 131 187 504 341 448 382 689 968 355 106 865 699 847 850 797 
9
67 62 59 17 34 98 49 91 2 
10
83 29 62 12 86 35 93 24 96 91 
5
1 2 9 7 10 
1
11 
8
23 49 64 29 26 45 98 103 
4
1 5 4 10 
5059
7847 15862 12641 1763 28962 21198 17912 10366 4488 11722 13784 9361 5569 26069 5139 2392 6111 4868 9591 26197 26597 27678 20683 10667 29672 6167 8214 29269 23628 5065 25894 21123 20954 516 27924 15428 26249 3732 13990 1347 17099 2937 7663 22140 5329 3655 28385 11263 27135 4876 27853 8301 16424 24063 28876 2453 2069 26512 8266 10347 26747 25629 29122 21357 22129 873 24129 15827 3585 8538 6523 900 8158 18828 17475 10317 1613 918 28300 23917 18329 22838 21060 2436 15426 9574 14865 20810 7446 27162 5147 28800 4368 26567 13352 29216 12698 4110 10563 24787 16702 19187 10052 7458 19360 24214 25611 17347 3170 290 9546 1513 26032 24731 6636 25475 23093 18879 14439 22117 19393 5953 73 21568 22176 21723 12965 20 19252 21045 2859 25742 24544 29594 23423 22171 28998 20636 20896 4678 28645 27114 21923 11460 17247 8483 18995 1894 26447 11124 22738 22044 20065 26766 4226 15527 24015 23911 29562 13797 27699 27449 12140 25767 23589 12379 3980 6357 943 16674 23472 29526 8772 21427 11874 19791 3531 1061 12780 21244 23033 4858 26528 3701 26290 17258 5753 23597 15828 15959 4906 29397 16214 22817 16385 25835 1482 21460 18630 22284 23994 10580 2973 1057 7125 21796 5873 25505 14438 19282 22082 24967 804 3623 19861 6322 18470 650 17686 6275 20947 9405 4696 5654 3498 4171 14241 10183 28495 2123 13739 16836 16354 2428 18819 1777 452 24166 4164 26293 10324 3111 2998 25596 3036 27987 3469 6641 14995 22138 22232 8586 10968 471 6109 23151 5457 4660 6920 19620 8782 4787 3763 25337 7711 13083 22012 8992 22843 15957 18231 28819 24010 17961 22411 11956 12880 2007 4927 13045 9380 1468 14344 16091 5155 26459 4788 29301 19696 4637 25854 20124 16896 17062 10596 4908 13332 28295 29354 25359 12099 14289 9441 20400 21004 11282 23454 11294 22365 2879 6146 20248 27754 7693 1345 4014 20994 13025 16295 5464 655 4396 12516 13888 20987 15670 22002 22475 10768 13146 29504 27420 10759 15791 6208 9373 29464 27967 3834 20402 24693 6304 409 14940 3995 6440 27004 21367 3446 5944 21557 19481 7486 23972 26949 22055 10348 1859 5336 20821 16718 4054 28270 27089 19061 24134 5495 12586 22660 25146 28614 22937 7255 20170 11749 18118 876 19421 12233 96 1552 1122 16876 10605 25186 25130 7678 14449 24827 22186 25892 8029 10614 16013 23232 1783 26849 17578 11272 10722 13121 13148 5631 20022 13704 3653 3776 8404 29199 23489 23910 19225 16829 15158 27014 11084 14778 370 8665 29329 10906 129 7572 19460 27765 2213 8904 18029 2369 27890 28317 25949 19405 17002 21064 3299 16535 1601 3499 11768 22259 15188 28692 551 19027 11852 19623 2929 23766 18402 9717 28779 16194 16592 28880 16782 25992 29724 13107 18124 17511 28140 26648 19334 26940 28909 24889 3626 970 19105 22622 9517 18625 8890 15917 17419 10707 8371 11669 13366 5831 28339 11013 6266 26248 22590 14442 24837 14972 28185 22656 26386 16925 29543 27483 3569 14866 279 21899 23892 13779 7506 28548 29633 28078 7758 9562 6177 23198 18823 1273 18540 19118 21200 9128 22077 2564 13965 28201 20279 15244 6460 2516 1948 23822 15718 18557 14680 22428 3789 3181 12114 25641 1406 1195 21959 8654 21486 15845 10788 11259 17859 5345 27847 17824 19914 19521 10681 19285 4345 4902 9522 15683 17241 25931 11123 11035 14938 6582 8741 7211 28510 26448 4639 8764 8312 2665 19319 19468 20486 25498 6245 26866 19919 14174 18908 27373 5680 10514 7567 25208 26577 14533 24407 15159 2814 27831 15614 5359 7651 2266 15151 24052 7957 7900 15547 3445 28731 8736 27453 18814 5567 2612 18574 12959 20699 20134 15375 3598 27550 26899 12943 28433 5214 11856 3661 3605 23614 1833 14743 656 5784 21411 3512 12970 2675 19358 9584 13407 25286 28477 18335 11214 16740 25733 13156 16028 9907 7791 24577 25910 20461 24711 29385 24888 27034 15876 13226 11356 4274 15817 18098 24913 23574 1794 883 3888 8397 21006 24215 6787 4441 6882 27527 15252 23735 2991 13215 16565 12969 1094 29343 10283 26018 27235 18150 7901 9325 25516 15804 10451 26503 13567 1194 28768 21654 26134 21381 4780 24007 28389 20900 25133 28025 8534 28039 5708 8697 5249 11241 18838 9789 2383 2099 24356 4621 5867 6360 26514 12346 7014 17598 28063 3113 20783 15235 6089 22192 13677 14428 7776 16589 25547 12058 19777 24372 2378 6400 9996 1189 23284 17259 23508 19125 3583 24498 18422 21322 13137 776 72 2029 6291 27366 11205 26011 8790 11102 3290 27358 19901 22447 6219 11855 7000 17641 6206 7984 6789 16921 373 5686 23851 28685 24117 14747 22993 9308 13487 1767 28102 4060 7560 24834 18679 27489 28575 16913 21353 7931 3839 24293 11399 8803 28358 14923 9852 27626 1024 24817 29585 929 16370 21735 13169 9423 20290 1443 9197 27232 11671 17639 21164 25745 7465 22371 24819 3281 14564 17306 11498 19574 20698 22536 14212 23321 16188 6205 8604 2149 28702 9342 29630 21359 10567 6441 21642 9931 1929 7017 17310 8925 6596 7335 25782 17732 2951 18188 26591 3367 23403 22980 9622 22896 28945 24508 14461 19483 22920 14420 12865 29174 1144 9402 6181 8529 18446 25887 24871 28609 5927 27282 3224 12201 17107 395 28547 23809 5820 14611 13093 5669 24328 24316 12131 19883 7977 16469 17591 22296 9616 498 11285 10821 25195 6551 2535 11877 2125 14470 26056 14549 7166 1339 4955 24206 1877 12842 24493 4359 27304 16869 20185 12365 28061 17518 26494 22696 28883 21040 22885 28180 15123 9430 10222 21293 20272 15853 23649 11011 18261 17222 12585 10654 23673 24302 26201 26832 5888 10260 1323 2325 21052 25658 27488 24606 3455 7434 9208 8637 27415 27286 3985 26366 3376 9429 11379 9299 7807 27067 28518 6452 14368 22472 11719 5651 18688 11408 24811 20593 13112 19386 12617 25353 8465 15951 16734 27240 1592 25654 6505 4988 5116 8473 17483 9305 21999 25981 1213 6597 4194 29367 2082 25083 28115 17773 13270 9185 27979 14232 27012 19501 7189 13884 21189 4965 8443 26911 27834 20938 14676 26193 26660 3632 10098 5118 1564 2683 8685 19869 3521 27928 14707 18162 21242 12302 20601 13922 28426 12046 25104 23838 21331 1384 21674 4166 17410 23036 2525 6552 24881 27644 25644 11584 23746 8509 16610 7150 18996 319 4831 5045 19649 21934 2464 21553 25276 28141 18877 20920 22658 20960 17860 6624 24620 13658 23695 3622 503 12271 24574 2040 4863 5431 9979 1779 10186 26247 16697 1938 16345 4472 16510 13674 26143 10126 1428 18932 29268 704 2601 10390 10143 15754 9509 28431 16271 8965 9395 7359 23082 16294 7906 15694 4336 3158 22871 16296 9569 3194 10590 25143 26925 21452 17647 19968 5466 12223 1690 12758 7280 23958 7705 22670 18669 16708 21055 24024 16453 27184 619 16305 11698 6521 11613 16313 18597 29606 27789 15537 18982 477 5812 16145 29654 18975 26585 24792 25574 16114 28904 16558 28943 27895 12853 16492 19364 22868 3875 6869 247 10719 20173 8410 22528 18106 6462 12859 17528 22470 2829 23269 14715 23402 1812 21771 17463 25438 17555 3938 27961 21915 5044 28625 10744 22483 15944 10847 26261 6073 13046 9145 12598 24786 6507 22691 19567 27800 20231 28242 4348 17190 29455 3215 28801 9741 522 12807 18475 22443 15463 14176 12815 26830 11427 8511 2796 21098 6669 21528 1294 5806 2967 26414 22043 16497 46 2375 29631 24032 23258 15868 12724 29029 22513 11057 11518 530 1991 27687 24927 23298 31 27684 283 11433 6725 18411 28010 28338 1542 1816 15153 25946 16336 26312 2524 3378 17581 29611 15635 2538 22756 10000 8235 10268 10255 25714 26256 24590 7939 23142 17151 27806 24439 24475 10830 17491 1224 15066 7896 26781 5132 11769 28846 28049 1950 19608 3047 14338 10351 11053 9453 12891 18904 15441 9094 24542 9935 889 18576 26649 9219 26210 11108 25867 4385 13702 15526 25575 3616 25098 26635 12398 13698 27721 20410 17377 28718 13715 16411 28999 7157 19970 14578 12037 5887 6397 4819 9625 28122 7875 15993 3986 11434 11188 28886 26156 18663 10648 22779 22154 18209 23599 2810 7670 112 12543 29668 29502 10148 29619 12596 5300 9314 25663 24734 4675 101 959 4365 6943 15981 23947 14177 13029 1908 14757 26603 16542 13614 6115 2819 8596 15772 18199 24768 15474 21903 9740 13272 8731 22255 15729 7185 6548 7634 21180 18627 26865 17593 21143 5618 23936 16180 2388 22801 19135 21209 28704 21536 27906 20460 25646 16531 16388 1844 12080 27268 13790 2222 4026 14837 28425 4401 17049 27735 22260 2163 15511 21082 14138 15485 20854 586 7129 24272 2640 1316 21341 23801 14141 18 21852 16809 14379 12316 1753 1147 1982 6053 8548 2757 674 25414 11184 20770 14134 28541 17786 20061 8784 20269 12494 591 13883 14607 6832 20111 26547 27332 25508 24367 24344 6657 27525 27824 24183 20367 4755 2493 7384 27466 15078 19301 10934 29684 12695 18912 3709 5274 16636 3597 8199 24605 18066 2170 13860 10991 15866 25242 13339 9139 6662 5309 7892 12060 22795 8820 5643 23303 17857 29398 25966 14216 24905 26206 648 9024 17324 27900 21811 1015 22997 25373 2208 16249 13985 1768 7040 29090 18826 4333 7801 26535 17326 12776 391 6143 21284 7665 27202 13205 27785 25439 26491 18884 28114 28822 13362 15299 9666 1857 17752 29541 11136 10543 7095 23324 11786 18390 3168 4009 24950 3225 13123 26046 4800 21124 2916 7403 13995 2563 15884 2151 18547 20777 12495 6394 24256 4603 12655 27837 19948 11193 7389 22375 12041 24847 7078 2475 15578 19149 15060 12733 17975 22333 8275 3175 25582 11996 17022 2587 12189 17550 2277 7935 108 4721 3108 26553 8676 4474 21026 2188 27792 6885 8708 11912 16057 28169 14969 7236 249 13052 2479 25312 17105 8279 4040 8368 5122 24808 9057 15794 12822 12508 16248 14068 909 7747 26188 6899 28561 19007 12545 20099 205 3997 20023 26642 2356 23731 2382 18806 13399 7151 20194 23769 12710 8485 27942 28428 16021 23133 24016 11017 12385 12562 14402 12089 21686 12335 10365 1021 7565 5375 26199 23973 15954 12139 7969 26679 14765 11976 266 8832 6250 15656 19562 19227 25557 22689 19318 3407 12950 13745 29494 15086 29657 22955 19426 23309 20314 14124 16061 23420 2725 4055 13282 744 10316 9934 20766 23112 21973 24231 7402 16307 1230 17215 18391 4453 29072 26876 10748 26667 4492 15748 7008 28345 15549 25257 15405 14827 6490 24428 14112 1471 14162 29018 29121 7537 22579 14711 5082 3329 12479 8601 6473 15370 5579 14331 25372 4097 17760 22816 10284 15256 28733 17292 27990 11599 3010 18713 6105 11987 21716 27840 7507 22115 24396 12676 11537 5242 27044 13911 19383 29401 9174 8237 11921 24977 25266 8455 14181 20255 25132 17950 17163 25573 28504 11171 20855 7612 19647 23215 10396 19595 19070 11104 13616 28514 19570 5918 13546 19164 151 16482 27973 22556 16077 20544 5506 22621 15760 562 20411 22698 5261 3829 11020 938 18372 10146 15493 1786 8606 3138 16326 18693 21720 10633 24109 605 25527 8762 6023 556 4292 28583 1143 4606 12062 17870 6922 15539 23389 2664 21804 5716 11991 10375 24856 14813 5081 24540 4201 21570 8930 12631 13293 12405 29234 6585 13467 1462 3050 19390 11448 26186 28022 28770 6888 14640 4932 22489 8524 10800 11321 13324 29632 2076 17305 25916 9883 20030 7987 28615 20326 27608 24892 16773 28925 25351 15161 28228 5673 23828 22798 19672 13304 6533 15345 3358 752 28154 23625 23818 25411 18857 20251 20421 26555 6218 24789 15207 27954 24781 14429 27854 22266 4748 16498 5685 7115 13264 1135 15439 1364 25030 23521 10174 15028 13875 29225 24490 10647 15658 24269 27876 13617 13104 5451 11946 17821 8613 11092 11355 20371 12116 17380 5623 14060 5899 26556 459 18243 13989 9549 54 2906 23008 17372 480 17538 12638 16593 7828 14158 17964 21233 27093 26921 3496 24270 9573 23044 4833 19762 27691 1004 11580 19096 9607 5099 20482 5251 10071 20878 17845 27517 24027 9763 10760 2652 16553 5146 19704 24746 2946 13928 25220 8874 2397 3162 18062 11927 12489 14780 29290 1105 16019 11853 8672 10406 18933 24313 8131 22570 19219 130 14217 12115 16614 25832 2446 16877 21598 25047 20472 26952 13491 12413 21316 1304 22162 8559 17746 24812 7205 22034 12285 8600 757 4899 29509 26980 25230 27868 21562 4312 15430 21100 8639 1458 14168 29132 8909 870 19684 17843 3912 16892 940 23345 6119 3493 10066 28350 25813 6621 2448 12286 25685 13149 3744 28569 755 1566 29618 20086 19814 21014 29377 18619 4880 869 7464 15119 25815 4293 11042 26614 5402 18165 4783 12858 25335 3388 4812 15618 24046 5538 10266 27224 12592 18065 9028 9466 27374 2306 22616 24123 12620 14321 7874 16299 24370 7367 27327 20462 5490 3085 9067 27539 12535 3074 2599 21769 9105 26072 13866 15814 13066 10581 1944 21441 25035 13481 14356 24025 23931 4224 5473 2433 5449 3883 15751 646 25725 6338 16137 20432 22632 8304 5436 8819 17997 18789 23193 14089 13879 6232 6242 9140 4267 966 7357 26410 4697 16639 2161 1163 7333 25874 20600 12960 20820 15896 20945 28296 3039 504 7184 28520 15616 3862 17139 8225 28654 3293 18938 25436 9814 22748 2961 79 27359 1395 8126 13254 7597 13408 3245 17844 13579 20296 22765 14758 8682 20861 13903 28531 24670 10511 2048 23488 8898 19451 2855 17877 18030 2630 28374 28652 6047 371 18727 13889 6140 27627 22732 21426 13288 20552 15363 27826 22891 11438 2201 15353 21401 9534 14915 16279 17571 9633 16998 13411 18803 20784 3920 3923 24191 22844 6580 27788 5037 26839 14430 1494 1980 19787 16854 4907 4186 8844 2351 18705 23979 1047 20532 16421 1006 18246 2425 26229 23023 21517 27574 21623 12157 10273 16209 6759 3541 22781 14007 13637 3068 10115 15553 24875 26391 29593 11220 5321 21814 2463 24842 24410 25556 27068 29339 1253 19518 14942 387 9446 9847 14528 14630 23179 5285 4786 27491 10786 9242 20202 16386 5477 2999 13133 29407 22431 16223 26730 18342 11398 27833 22767 13089 3360 6316 23579 8952 16341 6036 22348 15048 6389 15990 420 6655 27618 26519 5551 17596 16230 1722 4173 27774 11967 7194 24314 13214 20579 17350 15908 21030 8581 3674 292 2548 6562 12155 24165 28947 13080 1161 16817 18575 3627 2471 1308 25686 25724 14317 9545 27170 18926 11016 13958 24028 4335 21964 16778 14737 10862 17408 1897 28849 11191 18361 17693 12081 27743 25534 12414 15571 8175 2820 16200 15074 5012 8573 27838 1091 25147 23761 24934 5986 7136 2071 15271 8804 29739 9887 27375 5765 3235 6613 7472 3303 652 19223 19642 14235 28991 301 13631 27531 3697 27726 8662 27969 14276 25506 17559 23424 11273 23639 16803 25183 14260 4320 3766 18628 21165 7377 11396 24347 23435 25570 12358 9899 19042 7233 26544 4717 11648 22714 8551 11120 16717 24511 22324 8726 7809 5047 5925 1155 23412 11312 19666 11066 21076 6778 27956 15530 20718 1349 22340 19019 20458 1336 28985 16420 21914 13984 1420 13936 15535 19317 9962 25160 23217 7073 26337 10817 7635 3026 1324 5469 25822 25381 3715 25429 9890 29413 13948 17391 2263 28318 28056 29166 7091 717 6120 24261 22235 16801 9600 16980 12668 4456 12754 8354 19685 6253 27346 27007 25937 28243 28881 5778 2473 22584 23470 6761 26341 5553 7250 12186 19597 5587 8238 23605 3656 22687 14159 16789 12020 2897 10151 2988 19788 10184 15387 13162 1827 2846 12658 8867 17875 25077 7499 14682 389 24985 22021 5564 18017 7696 9176 3526 8388 11141 2934 13728 14262 7889 6078 6000 24315 18006 8718 17519 13545 20719 21493 18343 3320 20734 21269 20609 15010 4185 16765 15005 5444 27072 2480 4249 18624 24660 10621 21740 26481 18472 9698 26998 2697 6019 17728 20789 1402 10794 3306 26040 17623 15113 29511 4745 29094 6107 13412 18610 22613 7921 23405 22226 4510 801 22524 1579 13340 8895 807 11307 28597 17467 24682 25177 24547 18860 10402 25182 19047 4434 26900 6983 627 4276 10604 17374 2307 29575 29147 24212 8040 25851 26471 28783 14248 9943 9552 3724 16352 19794 17204 23890 12017 10251 9256 13048 26031 24758 2806 13566 8496 11177 6842 1817 22477 28834 10221 13114 21002 13017 6065 15037 15329 9786 6334 6277 21673 25889 28492 23719 15615 6046 23872 908 22610 14960 8341 25013 13652 429 25034 12130 7210 21955 22946 23118 18267 24654 7609 29325 17428 29064 447 21329 13782 9415 17497 26415 28131 20488 25109 3492 3678 22639 25533 10728 14984 7726 4329 3082 22275 14452 20748 23438 27166 25501 2676 14047 17780 27218 14796 24064 16628 18204 253 26348 4999 13642 20001 15105 8140 26439 18347 20387 20025 6934 3574 16191 18723 25012 2104 547 26561 22422 15247 8270 15576 17879 2667 4563 23088 27862 22190 27334 8574 24289 9243 13398 8900 14763 23636 22887 25427 12309 15009 20413 20141 15587 19916 15894 28145 24960 27554 8835 15355 23422 17016 19056 21151 23072 20328 8262 19453 21722 4550 25852 24629 11043 16165 10644 3566 15469 25358 6087 10024 21823 15263 9387 11836 262 26867 14019 2173 10807 10392 16543 4805 13325 11038 14119 22262 15409 28824 26583 7192 1486 14633 10602 23592 8592 13202 18646 7495 29434 21319 17921 2366 2019 19920 13180 18169 19304 1942 24882 1095 5499 25262 3294 14023 5240 15416 4199 7680 8213 13219 17096 19287 25783 16334 2571 28664 17220 23803 1044 9780 17216 10193 22468 8256 1299 28273 24308 7196 15759 14240 9642 2663 9639 29483 5876 22635 24559 22680 16499 4815 20880 28349 26650 18427 20588 28202 21386 4962 24294 7640 5179 19689 23913 7057 28095 14313 999 26052 19434 15068 8251 21940 16620 17713 11928 3172 29418 26013 28434 23613 2546 11878 10119 11536 1782 21526 6839 26675 23876 7839 23175 15691 16405 12021 12283 23202 11446 3107 11577 17175 13811 11744 13946 29621 9050 28850 18389 366 3115 26395 7686 21807 448 183 11270 25903 2767 12863 14753 14719 20045 11576 10609 3596 9559 23889 2993 7298 22058 7168 27697 26019 12079 22358 22965 12920 10356 29711 23059 21989 4425 21032 28748 10394 13245 3385 5190 21016 7021 9099 24392 4736 25695 16724 29242 1668 29028 9800 20692 20741 9253 12973 11679 11644 14494 1027 23558 23087 13016 18847 6390 13867 21326 23254 16109 20983 19004 20418 2332 7643 4522 701 11336 8570 23479 20757 10983 28745 3733 26357 5748 10116 8315 914 25705 5256 22388 16205 14381 17772 4027 18373 19910 22437 29453 12711 11643 27992 1229 15563 6070 2505 2734 4495 8298 5670 1087 18872 23814 7998 13370 3410 29737 21664 10156 28089 25481 21264 17072 8406 9288 17108 16777 5247 7736 15071 19458 13247 25189 12760 2335 24354 28386 8360 28920 20146 15202 3356 4284 4142 2119 22405 24604 21193 23702 24737 8440 4431 3564 14087 18037 4124 19834 995 26715 18997 8264 14479 17256 1994 913 443 26643 14203 12790 263 7674 7245 5202 20737 24326 21307 7682 2732 1179 15858 5823 12471 3232 24583 20829 11532 13886 1278 25272 28441 13229 22246 4951 3359 3601 1176 162 26424 5338 7294 692 24078 17076 27292 7915 9264 20471 2970 13157 25893 8569 19621 7170 8694 23578 8477 12344 12810 8564 29421 19769 21070 843 12954 21967 7994 19365 13517 15294 28857 11207 16712 4270 16442 20959 7197 18310 8610 16457 9668 2012 5407 5408 19552 20672 29310 14362 27492 26575 4989 22572 12731 9300 6680 3525 18016 4537 16878 8857 11305 14783 25450 16415 12134 27343 12270 24515 14270 24477 20195 19248 27879 2666 23206 26835 2047 2864 23651 19837 3821 15110 932 9716 24455 6599 17572 10808 24936 7090 24518 19378 4575 26071 3532 7629 632 24388 29717 14708 15122 1055 2542 16733 26676 17829 10582 18761 21929 19710 3117 13562 27887 5959 21878 5315 19634 16931 24080 1028 26762 11271 22481 27356 19010 20944 24659 6647 16089 19879 2620 19199 3680 564 14343 25698 21635 15385 7620 1066 2520 28560 17318 27124 28231 10033 12198 2803 21625 3038 6747 17657 6733 16392 23209 5895 27984 12437 19760 11489 26407 4002 6895 464 19983 27405 7627 5101 7660 27390 905 29252 2450 5747 29097 22605 28949 8500 23203 23585 12873 22208 10224 10938 29248 10032 6947 10994 2856 23189 15652 21406 25750 24006 24714 24456 13774 14616 11459 28653 21021 28715 3792 14459 5437 14675 22158 8049 11938 2180 2914 24551 29087 7327 13200 10599 11419 9794 9610 25671 14358 14084 27383 29548 14541 991 19477 5051 12872 6217 29215 8561 4417 7283 19211 29602 26735 29663 4798 19040 3506 23657 27801 17097 20577 21800 23924 6354 27730 24853 20324 27066 10691 6589 19508 52 22588 7792 9819 16043 7950 27361 8716 11558 3979 21408 20756 13405 25637 19217 17954 17504 15 22121 29123 11982 11802 17640 23679 4630 18672 16125 327 27516 1202 5710 22520 1320 20217 654 29056 24655 24712 6634 150 2142 11854 21682 28443 21415 8344 12439 6414 15177 1380 842 28461 4457 11925 21277 24412 25599 8594 18182 9107 6145 24878 2420 18615 20569 27020 17886 11485 25212 24040 26771 20029 16894 16182 21616 7425 19778 26822 3562 15291 16290 22272 25518 4541 2316 13931 17725 22052 5861 17801 20931 23262 21805 3558 4691 10323 22323 863 21520 28237 15150 22163 2776 27544 23356 29260 16710 20576 16224 17731 16684 2341 21548 11024 9543 6129 536 6838 19730 28587 9486 19251 28845 16039 4626 3843 28271 6280 11550 5248 4894 11340 8250 21343 4711 25298 24001 13669 12755 26323 13097 10202 23831 14184 16083 3579 19751 659 25789 11573 13921 17338 28644 24773 7995 5879 27999 17977 436 24298 25232 27320 2308 6631 14899 18278 3167 7937 1436 15111 1608 10535 29189 15128 25707 29387 3686 16858 5767 29233 17685 26608 16408 15854 3416 20157 11933 13623 22218 26487 4296 10557 28454 7566 21212 24419 15707 3343 28537 3640 14638 22644 29042 6627 19228 26434 4144 25656 8041 7618 28559 16791 5361 19622 15704 15785 19725 21179 7868 13557 1390 11898 16409 5624 16007 10018 18384 22560 18223 5719 11069 19912 7462 29532 10423 15277 7602 13223 22525 9694 22542 13086 888 8369 17871 1453 23787 13108 15101 6011 17230 25861 17020 23387 9592 28825 23742 3419 24601 28480 20830 17726 17068 7405 9953 23631 20559 7525 16978 9829 21313 17796 42 3353 27565 18318 13595 23862 10951 16373 2604 3503 13179 8202 9106 22487 9335 22852 6155 15736 8278 28062 17716 21833 10902 12692 19733 11828 11535 13699 24357 12110 15581 25878 3369 11830 27860 11469 24495 16395 28289 1457 22454 14115 21556 1238 3847 633 2568 16875 7219 21184 17196 28100 10573 7310 13877 27858 20020 5478 8888 8495 5839 9945 16311 7871 1076 3016 12075 830 20716 28620 12540 11288 10199 21297 5910 16153 27388 28451 1981 15163 10120 25563 14014 23484 24558 24491 24433 17953 11941 19237 10845 7982 28340 4727 29716 10097 13360 10173 10068 23873 28073 6568 15057 3114 15272 1178 8558 19132 25114 26041 2364 4784 26014 2693 903 28432 4533 13316 18497 2759 26498 10441 16767 8005 6649 14156 10950 11365 6075 20633 2589 23148 7596 20729 13666 3139 2118 1953 21096 20977 15240 5312 22769 21450 17113 21138 9383 12088 15548 8702 11934 3165 7393 6013 29405 28421 26571 845 22840 6835 21705 25660 25397 10527 27220 25313 5180 17983 27193 24251 11268 789 28606 22051 28298 15906 3291 14794 4085 19955 3842 24248 13310 18077 22386 6086 2272 603 23233 29304 21843 25888 11545 26001 9324 4881 19417 2057 18341 25159 3383 20971 21503 5690 19866 8873 16762 25662 5141 5827 9424 2465 15568 14850 23602 23201 10404 1692 17252 20176 9090 18054 5112 22165 28667 10827 21885 8540 9637 8744 17842 14781 16742 4436 26400 9781 191 15523 29383 13273 19767 20871 18046 24459 3727 3266 27902 19832 19838 13049 27409 19180 2723 21651 18129 19218 19981 25247 5596 23974 13668 1562 28526 4473 18462 3222 10198 26596 25634 20592 20509 2408 14287 13421 25174 3152 621 22197 9186 13515 26646 7430 19720 9181 9564 25048 14330 16100 9138 25459 7700 14036 245 16317 22332 25967 21001 25991 4253 942 1851 22987 17915 16281 2985 1618 12462 29191 25301 25963 5687 2741 18489 9932 19495 27180 13711 8141 3321 2805 19116 26699 5162 27275 16549 21890 23273 20790 14968 12837 11451 18265 22565 12078 22503 21948 15744 26024 14451 7850 14700 10854 4509 15522 779 10664 21337 2752 6484 1331 21950 5760 22473 21585 19464 3066 21085 22149 16788 11824 8393 7015 26060 29675 11158 24202 23976 25669 12435 27329 6343 1032 8545 29566 29163 3258 13663 23322 28485 19824 6215 10505 26003 26048 27318 19095 29210 1358 13552 6898 26818 24947 18821 22944 12164 8825 8322 19522 4379 6122 27941 1563 24616 14146 18601 17437 21988 22433 16237 23786 21661 1170 15987 22830 12769 2235 26161 27333 11624 4629 3959 23066 10775 28836 5833 15802 2986 20018 20753 7082 28467 12230 23048 20646 3020 10741 24633 8704 27692 6163 13039 14853 25608 97 5354 13110 28503 28303 4897 27433 21387 8967 5701 12942 12122 16400 28601 25124 11453 15199 10619 9237 21828 2305 473 784 15943 24907 18979 12313 19230 17393 4184 6746 19144 8185 29230 14930 21482 4830 9274 11658 24061 20966 24258 27404 26943 4405 10235 8394 5909 17813 25632 2495 16763 7706 9227 20964 2021 18042 8940 28917 23632 25588 17362 14415 23460 18564 5725 2055 15769 22823 13541 28172 159 2303 6695 8097 18319 12949 19242 6141 8216 19713 9651 14639 19659 29180 9038 4896 13030 11507 3536 27753 27660 6677 9364 10049 28252 26379 17057 27297 12348 27567 28713 22095 25619 2801 1583 25620 15470 13953 21223 5650 18284 5182 10081 8536 4257 11639 9731 24594 5966 15362 24972 86 7962 10585 896 12669 7630 28097 26696 4200 12159 19923 14511 23844 29442 24382 18041 800 28544 11176 14253 9700 9745 22372 11884 1498 27403 12998 21396 24083 18020 28211 25571 17523 7657 19463 11371 2852 9856 5175 21789 132 1636 1683 13077 16401 607 7689 29303 26517 22054 9810 17946 11025 24783 27716 9542 28593 12884 679 16060 22888 7177 3918 1739 11109 257 15200 19432 24311 19926 2167 4950 29576 17275 7423 24500 27171 19548 1437 25689 10440 9565 26125 27891 1697 4928 3666 29643 19060 1580 9070 12322 28682 1158 27340 2629 27105 25802 17792 12092 5514 26534 24375 26804 1303 27133 9961 26844 12726 25526 8367 14913 15931 18449 15770 11044 26242 7275 12357 131 9147 29255 15836 17298 3822 10242 20187 28497 47 3925 29391 8927 20152 26076 8159 2315 27173 23802 25241 6348 379 21545 1281 11681 28365 21205 568 23425 21246 22973 9892 2083 24132 15988 19020 29435 14990 2913 26780 4867 57 19831 28101 2128 1361 25901 10953 8714 6704 26636 4777 12173 17942 23462 2868 22608 25808 22084 23449 10403 17075 19575 13271 7550 25838 17776 20566 8070 25194 17823 7593 5129 18966 25701 22368 14130 7852 20106 10945 21639 17223 18773 3211 1896 19726 13904 8801 28055 5120 18796 17042 12238 10813 8136 5455 2529 18136 3576 28741 13795 278 1872 12469 13712 26034 11780 3319 6771 26895 6326 12552 18626 6336 12779 12563 26166 25158 26823 22551 581 25121 5207 2726 20550 12632 20540 5406 1398 20392 5343 22357 19576 20881 28152 17616 20196 26183 28263 9206 3546 15904 7591 23759 1811 8331 27196 3604 12345 244 17679 8280 5691 27603 16338 5933 20744 15130 23938 7965 23000 17825 25955 20764 15109 21464 6739 25942 16932 5762 7862 4422 7444 14662 20365 10704 20910 20607 6263 23668 18894 17605 8673 12044 2869 14577 268 1448 26117 25912 14018 59 5283 17093 7061 21712 21437 14618 25289 28466 14663 26619 14291 13417 5106 28070 13898 17617 25075 512 25807 16793 19370 25791 29071 22717 21028 9923 3519 12217 14538 16755 27172 10711 18333 24107 11891 19746 11804 10927 27503 22329 20933 10871 9662 14600 13862 29313 8516 14918 27431 18237 17409 14963 20924 24628 27290 18377 5288 25649 23304 7193 28938 8395 27648 29231 1624 4625 12216 28356 21214 307 10450 12253 16587 21203 5039 10264 5632 18566 15820 2122 6577 16503 8065 1116 14456 437 22637 7249 7777 18454 28268 16381 5275 495 2015 6622 26029 23545 21578 25862 10885 13523 1156 12154 26389 24675 11678 8947 5613 26864 10041 20354 26089 29341 9685 19182 23874 28811 28784 8230 36 4096 18695 11028 1274 23047 15479 12687 872 28557 22180 10920 21057 28024 24538 81 19238 6911 8229 29708 26582 13027 20712 21395 29390 21508 9563 17167 963 27216 20731 8407 248 15968 4829 28216 7126 689 29077 4071 26989 9551 6717 27886 9753 17787 14133 139 2362 19850 20534 22020 11027 20750 15678 13596 16572 11223 23468 25677 15685 20708 18622 18850 74 22090 11274 14044 15914 20160 23155 17631 25089 29673 16235 12910 7326 23712 6590 3348 20677 17791 29535 11362 1045 4686 15364 16431 3798 12835 25453 23315 3613 1657 56 24164 13397 9291 2610 8854 13763 3713 5992 24153 29744 8966 11983 6130 4706 7545 27380 6796 22958 16 1452 15971 26513 27419 274 9471 11748 28013 27828 9925 5413 18892 6097 12477 25045 29306 15389 19591 20301 26791 8489 23413 8577 16885 22080 16148 5058 25930 25768 13393 2576 20661 21963 13828 5954 1875 27926 29298 6469 22456 5911 9746 15859 23734 19232 26916 17849 25052 12002 9005 2582 14435 3406 4845 20817 5144 16134 12306 1107 2584 3826 1013 20688 14114 4701 24461 13607 16293 17790 23144 26289 23816 4910 14654 28930 29274 17404 550 6987 11989 14360 28212 25374 1641 23045 3060 27160 1955 25088 17498 14562 374 13006 23409 15486 26814 28058 26754 11431 18011 26733 3828 14078 16481 26228 25593 13725 11904 25731 8186 20687 25980 8387 9636 6382 28591 12770 22430 638 7760 22690 27229 26267 20169 28888 26800 4673 24705 26825 18881 2740 26417 19885 8377 17584 13707 15985 16306 28907 26396 7235 24701 29228 12123 21037 2754 1655 20229 1909 17142 13139 29124 24178 11869 14268 26564 16726 4352 25424 1474 25171 2457 3973 12318 3196 1441 5695 26611 28411 7114 3003 21762 7805 19094 7909 25897 5414 9222 14302 17332 7068 27976 3180 9533 1632 4229 25929 28195 15384 1941 18424 1610 8989 21405 17162 11534 21078 15341 18792 5098 11309 2036 10676 3787 28529 29070 27560 17804 17660 8757 18161 11406 22682 23027 6378 18201 2706 994 12618 4133 9837 9228 9791 14751 13301 24710 8336 28875 4546 29550 8258 21035 21611 14579 13873 12498 24510 8774 24829 15934 10118 4729 100 1719 7435 11798 8608 26172 15962 27711 28690 2275 3223 9378 882 16840 23526 15103 23806 8260 17433 9338 8035 26966 23467 3091 28661 1646 28513 25837 20615 19472 12433 23502 22643 22212 28104 19648 14444 3382 29461 
1
10 
4
2 7 8 9 
1
10 
5
8 2 9 6 10 
23
841 880 923 541 857 775 940 417 305 902 927 202 468 596 426 697 113 856 647 26 772 764 506 
10
237 809 234 270 759 554 675 794 805 546 
7
1 4 9 5 6 7 10 
2
6 13 
