416 534
1 237
2 237
3 237
4 237
5 238
6 238
7 238
8 238
9 239
10 239
11 239
12 239
13 240
14 240
15 240
16 240
17 241
18 241
19 241
20 241
21 242
22 242
23 242
24 242
25 243
26 243
27 243
28 243
29 244
30 244
31 244
32 244
33 245
34 245
35 245
36 245
37 246
38 246
39 246
40 246
41 247
42 247
43 247
44 247
45 248
46 248
47 248
48 248
49 249
50 249
51 249
52 249
53 250
54 250
55 250
56 250
57 251
58 251
59 251
60 251
61 252
62 252
63 252
64 252
65 253
66 253
67 253
68 253
69 254
70 254
71 254
72 254
73 255
74 255
75 255
76 255
77 256
78 256
79 256
80 256
81 257
82 257
83 257
84 257
85 258
86 258
87 258
88 258
89 259
90 259
91 259
92 259
93 260
94 260
95 260
96 260
97 261
98 261
99 261
100 261
101 262
102 262
103 262
104 262
105 263
106 263
107 263
108 263
109 264
110 264
111 264
112 264
113 265
114 265
115 265
116 265
117 266
118 266
237 297
237 312
238 298
238 313
239 299
239 314
240 300
240 315
241 301
241 316
242 302
242 317
243 303
243 318
244 304
244 319
245 305
245 320
246 306
246 321
247 307
247 322
248 308
248 323
249 309
249 324
250 310
250 325
251 311
251 326
252 297
252 312
253 298
253 313
254 299
254 314
255 300
255 315
256 301
256 316
257 302
257 317
258 303
258 318
259 304
259 319
260 305
260 320
261 306
261 321
262 307
262 322
263 308
263 323
264 309
264 324
265 310
265 325
266 311
266 326
267 119
267 120
267 121
267 122
268 123
268 124
268 125
268 126
269 127
269 128
269 129
269 130
270 131
270 132
270 133
270 134
271 135
271 136
271 137
271 138
272 139
272 140
272 141
272 142
273 143
273 144
273 145
273 146
274 147
274 148
274 149
274 150
275 151
275 152
275 153
275 154
276 155
276 156
276 157
276 158
277 159
277 160
277 161
277 162
278 163
278 164
278 165
278 166
279 167
279 168
279 169
279 170
280 171
280 172
280 173
280 174
281 175
281 176
281 177
281 178
282 179
282 180
282 181
282 182
283 183
283 184
283 185
283 186
284 187
284 188
284 189
284 190
285 191
285 192
285 193
285 194
286 195
286 196
286 197
286 198
287 199
287 200
287 201
287 202
288 203
288 204
288 205
288 206
289 207
289 208
289 209
289 210
290 211
290 212
290 213
290 214
291 215
291 216
291 217
291 218
292 219
292 220
292 221
292 222
293 223
293 224
293 225
293 226
294 227
294 228
294 229
294 230
295 231
295 232
295 233
295 234
296 235
296 236
297 327
297 335
298 328
298 336
299 329
299 337
300 330
300 338
301 331
301 339
302 332
302 340
303 333
303 341
304 334
304 341
305 327
305 335
306 328
306 336
307 329
307 337
308 330
308 338
309 331
309 339
310 332
310 340
311 333
311 341
312 372
312 380
313 373
313 381
314 374
314 382
315 375
315 383
316 376
316 384
317 377
317 385
318 378
318 386
319 379
319 386
320 372
320 380
321 373
321 381
322 374
322 382
323 375
323 383
324 376
324 384
325 377
325 385
326 378
326 386
327 342
327 346
328 343
328 347
329 344
329 348
330 345
330 349
331 342
331 346
332 343
332 347
333 344
333 348
334 345
334 349
335 358
335 362
336 359
336 363
337 360
337 364
338 361
338 364
339 358
339 362
340 359
340 363
341 360
341 364
342 350
342 352
343 351
343 353
344 350
344 352
345 351
345 353
346 354
346 356
347 355
347 357
348 354
348 356
349 355
349 357
350 267
350 268
351 267
351 268
352 269
352 270
353 269
353 270
354 271
354 272
355 271
355 272
356 273
356 274
357 273
357 274
358 365
358 367
359 366
359 368
360 365
360 367
361 366
361 368
362 369
362 371
363 370
363 371
364 369
364 371
365 275
365 276
366 275
366 276
367 277
367 278
368 277
368 278
369 279
369 280
370 279
370 280
371 281
372 387
372 391
373 388
373 392
374 389
374 393
375 390
375 394
376 387
376 391
377 388
377 392
378 389
378 393
379 390
379 394
380 403
380 407
381 404
381 408
382 405
382 409
383 406
383 409
384 403
384 407
385 404
385 408
386 405
386 409
387 395
387 397
388 396
388 398
389 395
389 397
390 396
390 398
391 399
391 401
392 400
392 402
393 399
393 401
394 400
394 402
395 282
395 283
396 282
396 283
397 284
397 285
398 284
398 285
399 286
399 287
400 286
400 287
401 288
401 289
402 288
402 289
403 410
403 412
404 411
404 413
405 410
405 412
406 411
406 413
407 414
407 416
408 415
408 416
409 414
409 416
410 290
410 291
411 290
411 291
412 292
412 293
413 292
413 293
414 294
414 295
415 294
415 295
416 296
