838 1110
1 447
2 447
3 447
4 447
5 448
6 448
7 448
8 448
9 449
10 449
11 449
12 449
13 450
14 450
15 450
16 450
17 451
18 451
19 451
20 451
21 452
22 452
23 452
24 452
25 453
26 453
27 453
28 453
29 454
30 454
31 454
32 454
33 455
34 455
35 455
36 455
37 456
38 456
39 456
40 456
41 457
42 457
43 457
44 457
45 458
46 458
47 458
48 458
49 459
50 459
51 459
52 459
53 460
54 460
55 460
56 460
57 461
58 461
59 461
60 461
61 462
62 462
63 462
64 462
65 463
66 463
67 463
68 463
69 464
70 464
71 464
72 464
73 465
74 465
75 465
76 465
77 466
78 466
79 466
80 466
81 467
82 467
83 467
84 467
85 468
86 468
87 468
88 468
89 469
90 469
91 469
92 469
93 470
94 470
95 470
96 470
97 471
98 471
99 471
100 471
101 472
102 472
103 472
104 472
105 473
106 473
107 473
108 473
109 474
110 474
111 474
112 474
113 475
114 475
115 475
116 475
117 476
118 476
119 476
120 476
121 477
122 477
123 477
124 477
125 478
126 478
127 478
128 478
129 479
130 479
131 479
132 479
133 480
134 480
135 480
136 480
137 481
138 481
139 481
140 481
141 482
142 482
143 482
144 482
145 483
146 483
147 483
148 483
149 484
150 484
151 484
152 484
153 485
154 485
155 485
156 485
157 486
158 486
159 486
160 486
161 487
162 487
163 487
164 487
165 488
166 488
167 488
168 488
169 489
170 489
171 489
172 489
173 490
174 490
175 490
176 490
177 491
178 491
179 491
180 491
181 492
182 492
183 492
184 492
185 493
186 493
187 493
188 493
189 494
190 494
191 494
192 494
193 495
194 495
195 495
196 495
197 496
198 496
199 496
200 496
201 497
202 497
203 497
204 497
205 498
206 498
207 498
208 498
209 499
210 499
211 499
212 499
213 500
214 500
215 500
216 500
217 501
218 501
219 501
220 501
221 502
222 502
223 502
447 559
447 587
448 560
448 588
449 561
449 589
450 562
450 590
451 563
451 591
452 564
452 592
453 565
453 593
454 566
454 594
455 567
455 595
456 568
456 596
457 569
457 597
458 570
458 598
459 571
459 599
460 572
460 600
461 573
461 601
462 574
462 602
463 575
463 603
464 576
464 604
465 577
465 605
466 578
466 606
467 579
467 607
468 580
468 608
469 581
469 609
470 582
470 610
471 583
471 611
472 584
472 612
473 585
473 613
474 586
474 614
475 559
475 587
476 560
476 588
477 561
477 589
478 562
478 590
479 563
479 591
480 564
480 592
481 565
481 593
482 566
482 594
483 567
483 595
484 568
484 596
485 569
485 597
486 570
486 598
487 571
487 599
488 572
488 600
489 573
489 601
490 574
490 602
491 575
491 603
492 576
492 604
493 577
493 605
494 578
494 606
495 579
495 607
496 580
496 608
497 581
497 609
498 582
498 610
499 583
499 611
500 584
500 612
501 585
501 613
502 586
502 614
503 224
503 225
503 226
503 227
504 228
504 229
504 230
504 231
505 232
505 233
505 234
505 235
506 236
506 237
506 238
506 239
507 240
507 241
507 242
507 243
508 244
508 245
508 246
508 247
509 248
509 249
509 250
509 251
510 252
510 253
510 254
510 255
511 256
511 257
511 258
511 259
512 260
512 261
512 262
512 263
513 264
513 265
513 266
513 267
514 268
514 269
514 270
514 271
515 272
515 273
515 274
515 275
516 276
516 277
516 278
516 279
517 280
517 281
517 282
517 283
518 284
518 285
518 286
518 287
519 288
519 289
519 290
519 291
520 292
520 293
520 294
520 295
521 296
521 297
521 298
521 299
522 300
522 301
522 302
522 303
523 304
523 305
523 306
523 307
524 308
524 309
524 310
524 311
525 312
525 313
525 314
525 315
526 316
526 317
526 318
526 319
527 320
527 321
527 322
527 323
528 324
528 325
528 326
528 327
529 328
529 329
529 330
529 331
530 332
530 333
530 334
530 335
531 336
531 337
531 338
531 339
532 340
532 341
532 342
532 343
533 344
533 345
533 346
533 347
534 348
534 349
534 350
534 351
535 352
535 353
535 354
535 355
536 356
536 357
536 358
536 359
537 360
537 361
537 362
537 363
538 364
538 365
538 366
538 367
539 368
539 369
539 370
539 371
540 372
540 373
540 374
540 375
541 376
541 377
541 378
541 379
542 380
542 381
542 382
542 383
543 384
543 385
543 386
543 387
544 388
544 389
544 390
544 391
545 392
545 393
545 394
545 395
546 396
546 397
546 398
546 399
547 400
547 401
547 402
547 403
548 404
548 405
548 406
548 407
549 408
549 409
549 410
549 411
550 412
550 413
550 414
550 415
551 416
551 417
551 418
551 419
552 420
552 421
552 422
552 423
553 424
553 425
553 426
553 427
554 428
554 429
554 430
554 431
555 432
555 433
555 434
555 435
556 436
556 437
556 438
556 439
557 440
557 441
557 442
557 443
558 444
558 445
558 446
559 615
559 629
560 616
560 630
561 617
561 631
562 618
562 632
563 619
563 633
564 620
564 634
565 621
565 635
566 622
566 636
567 623
567 637
568 624
568 638
569 625
569 639
570 626
570 640
571 627
571 641
572 628
572 642
573 615
573 629
574 616
574 630
575 617
575 631
576 618
576 632
577 619
577 633
578 620
578 634
579 621
579 635
580 622
580 636
581 623
581 637
582 624
582 638
583 625
583 639
584 626
584 640
585 627
585 641
586 628
586 642
587 727
587 741
588 728
588 742
589 729
589 743
590 730
590 744
591 731
591 745
592 732
592 746
593 733
593 747
594 734
594 748
595 735
595 749
596 736
596 750
597 737
597 751
598 738
598 752
599 739
599 753
600 740
600 754
601 727
601 741
602 728
602 742
603 729
603 743
604 730
604 744
605 731
605 745
606 732
606 746
607 733
607 747
608 734
608 748
609 735
609 749
610 736
610 750
611 737
611 751
612 738
612 752
613 739
613 753
614 740
614 754
615 643
615 650
616 644
616 651
617 645
617 652
618 646
618 653
619 647
619 654
620 648
620 655
621 649
621 656
622 643
622 650
623 644
623 651
624 645
624 652
625 646
625 653
626 647
626 654
627 648
627 655
628 649
628 656
629 685
629 692
630 686
630 693
631 687
631 694
632 688
632 695
633 689
633 696
634 690
634 697
635 691
635 698
636 685
636 692
637 686
637 693
638 687
638 694
639 688
639 695
640 689
640 696
641 690
641 697
642 691
642 698
643 657
643 661
644 658
644 662
645 659
645 663
646 660
646 663
647 657
647 661
648 658
648 662
649 659
649 663
650 671
650 675
651 672
651 676
652 673
652 677
653 674
653 677
654 671
654 675
655 672
655 676
656 673
656 677
657 664
657 666
658 665
658 667
659 664
659 666
660 665
660 667
661 668
661 670
662 669
662 670
663 668
663 670
664 503
664 504
665 503
665 504
666 505
666 506
667 505
667 506
668 507
668 508
669 507
669 508
670 509
671 678
671 680
672 679
672 681
673 678
673 680
674 679
674 681
675 682
675 684
676 683
676 684
677 682
677 684
678 510
678 511
679 510
679 511
680 512
680 513
681 512
681 513
682 514
682 515
683 514
683 515
684 516
685 699
685 703
686 700
686 704
687 701
687 705
688 702
688 705
689 699
689 703
690 700
690 704
691 701
691 705
692 713
692 717
693 714
693 718
694 715
694 719
695 716
695 719
696 713
696 717
697 714
697 718
698 715
698 719
699 706
699 708
700 707
700 709
701 706
701 708
702 707
702 709
703 710
703 712
704 711
704 712
705 710
705 712
706 517
706 518
707 517
707 518
708 519
708 520
709 519
709 520
710 521
710 522
711 521
711 522
712 523
713 720
713 722
714 721
714 723
715 720
715 722
716 721
716 723
717 724
717 726
718 725
718 726
719 724
719 726
720 524
720 525
721 524
721 525
722 526
722 527
723 526
723 527
724 528
724 529
725 528
725 529
726 530
727 755
727 762
728 756
728 763
729 757
729 764
730 758
730 765
731 759
731 766
732 760
732 767
733 761
733 768
734 755
734 762
735 756
735 763
736 757
736 764
737 758
737 765
738 759
738 766
739 760
739 767
740 761
740 768
741 797
741 804
742 798
742 805
743 799
743 806
744 800
744 807
745 801
745 808
746 802
746 809
747 803
747 810
748 797
748 804
749 798
749 805
750 799
750 806
751 800
751 807
752 801
752 808
753 802
753 809
754 803
754 810
755 769
755 773
756 770
756 774
757 771
757 775
758 772
758 775
759 769
759 773
760 770
760 774
761 771
761 775
762 783
762 787
763 784
763 788
764 785
764 789
765 786
765 789
766 783
766 787
767 784
767 788
768 785
768 789
769 776
769 778
770 777
770 779
771 776
771 778
772 777
772 779
773 780
773 782
774 781
774 782
775 780
775 782
776 531
776 532
777 531
777 532
778 533
778 534
779 533
779 534
780 535
780 536
781 535
781 536
782 537
783 790
783 792
784 791
784 793
785 790
785 792
786 791
786 793
787 794
787 796
788 795
788 796
789 794
789 796
790 538
790 539
791 538
791 539
792 540
792 541
793 540
793 541
794 542
794 543
795 542
795 543
796 544
797 811
797 815
798 812
798 816
799 813
799 817
800 814
800 817
801 811
801 815
802 812
802 816
803 813
803 817
804 825
804 829
805 826
805 830
806 827
806 831
807 828
807 831
808 825
808 829
809 826
809 830
810 827
810 831
811 818
811 820
812 819
812 821
813 818
813 820
814 819
814 821
815 822
815 824
816 823
816 824
817 822
817 824
818 545
818 546
819 545
819 546
820 547
820 548
821 547
821 548
822 549
822 550
823 549
823 550
824 551
825 832
825 834
826 833
826 835
827 832
827 834
828 833
828 835
829 836
829 838
830 837
830 838
831 836
831 838
832 552
832 553
833 552
833 553
834 554
834 555
835 554
835 555
836 556
836 557
837 556
837 557
838 558
