5488 7793
1 2501
2 2501
3 2501
4 2501
5 2502
6 2502
7 2502
8 2502
9 2503
10 2503
11 2503
12 2503
13 2504
14 2504
15 2504
16 2504
17 2505
18 2505
19 2505
20 2505
21 2506
22 2506
23 2506
24 2506
25 2507
26 2507
27 2507
28 2507
29 2508
30 2508
31 2508
32 2508
33 2509
34 2509
35 2509
36 2509
37 2510
38 2510
39 2510
40 2510
41 2511
42 2511
43 2511
44 2511
45 2512
46 2512
47 2512
48 2512
49 2513
50 2513
51 2513
52 2513
53 2514
54 2514
55 2514
56 2514
57 2515
58 2515
59 2515
60 2515
61 2516
62 2516
63 2516
64 2516
65 2517
66 2517
67 2517
68 2517
69 2518
70 2518
71 2518
72 2518
73 2519
74 2519
75 2519
76 2519
77 2520
78 2520
79 2520
80 2520
81 2521
82 2521
83 2521
84 2521
85 2522
86 2522
87 2522
88 2522
89 2523
90 2523
91 2523
92 2523
93 2524
94 2524
95 2524
96 2524
97 2525
98 2525
99 2525
100 2525
101 2526
102 2526
103 2526
104 2526
105 2527
106 2527
107 2527
108 2527
109 2528
110 2528
111 2528
112 2528
113 2529
114 2529
115 2529
116 2529
117 2530
118 2530
119 2530
120 2530
121 2531
122 2531
123 2531
124 2531
125 2532
126 2532
127 2532
128 2532
129 2533
130 2533
131 2533
132 2533
133 2534
134 2534
135 2534
136 2534
137 2535
138 2535
139 2535
140 2535
141 2536
142 2536
143 2536
144 2536
145 2537
146 2537
147 2537
148 2537
149 2538
150 2538
151 2538
152 2538
153 2539
154 2539
155 2539
156 2539
157 2540
158 2540
159 2540
160 2540
161 2541
162 2541
163 2541
164 2541
165 2542
166 2542
167 2542
168 2542
169 2543
170 2543
171 2543
172 2543
173 2544
174 2544
175 2544
176 2544
177 2545
178 2545
179 2545
180 2545
181 2546
182 2546
183 2546
184 2546
185 2547
186 2547
187 2547
188 2547
189 2548
190 2548
191 2548
192 2548
193 2549
194 2549
195 2549
196 2549
197 2550
198 2550
199 2550
200 2550
201 2551
202 2551
203 2551
204 2551
205 2552
206 2552
207 2552
208 2552
209 2553
210 2553
211 2553
212 2553
213 2554
214 2554
215 2554
216 2554
217 2555
218 2555
219 2555
220 2555
221 2556
222 2556
223 2556
224 2556
225 2557
226 2557
227 2557
228 2557
229 2558
230 2558
231 2558
232 2558
233 2559
234 2559
235 2559
236 2559
237 2560
238 2560
239 2560
240 2560
241 2561
242 2561
243 2561
244 2561
245 2562
246 2562
247 2562
248 2562
249 2563
250 2563
251 2563
252 2563
253 2564
254 2564
255 2564
256 2564
257 2565
258 2565
259 2565
260 2565
261 2566
262 2566
263 2566
264 2566
265 2567
266 2567
267 2567
268 2567
269 2568
270 2568
271 2568
272 2568
273 2569
274 2569
275 2569
276 2569
277 2570
278 2570
279 2570
280 2570
281 2571
282 2571
283 2571
284 2571
285 2572
286 2572
287 2572
288 2572
289 2573
290 2573
291 2573
292 2573
293 2574
294 2574
295 2574
296 2574
297 2575
298 2575
299 2575
300 2575
301 2576
302 2576
303 2576
304 2576
305 2577
306 2577
307 2577
308 2577
309 2578
310 2578
311 2578
312 2578
313 2579
314 2579
315 2579
316 2579
317 2580
318 2580
319 2580
320 2580
321 2581
322 2581
323 2581
324 2581
325 2582
326 2582
327 2582
328 2582
329 2583
330 2583
331 2583
332 2583
333 2584
334 2584
335 2584
336 2584
337 2585
338 2585
339 2585
340 2585
341 2586
342 2586
343 2586
344 2586
345 2587
346 2587
347 2587
348 2587
349 2588
350 2588
351 2588
352 2588
353 2589
354 2589
355 2589
356 2589
357 2590
358 2590
359 2590
360 2590
361 2591
362 2591
363 2591
364 2591
365 2592
366 2592
367 2592
368 2592
369 2593
370 2593
371 2593
372 2593
373 2594
374 2594
375 2594
376 2594
377 2595
378 2595
379 2595
380 2595
381 2596
382 2596
383 2596
384 2596
385 2597
386 2597
387 2597
388 2597
389 2598
390 2598
391 2598
392 2598
393 2599
394 2599
395 2599
396 2599
397 2600
398 2600
399 2600
400 2600
401 2601
402 2601
403 2601
404 2601
405 2602
406 2602
407 2602
408 2602
409 2603
410 2603
411 2603
412 2603
413 2604
414 2604
415 2604
416 2604
417 2605
418 2605
419 2605
420 2605
421 2606
422 2606
423 2606
424 2606
425 2607
426 2607
427 2607
428 2607
429 2608
430 2608
431 2608
432 2608
433 2609
434 2609
435 2609
436 2609
437 2610
438 2610
439 2610
440 2610
441 2611
442 2611
443 2611
444 2611
445 2612
446 2612
447 2612
448 2612
449 2613
450 2613
451 2613
452 2613
453 2614
454 2614
455 2614
456 2614
457 2615
458 2615
459 2615
460 2615
461 2616
462 2616
463 2616
464 2616
465 2617
466 2617
467 2617
468 2617
469 2618
470 2618
471 2618
472 2618
473 2619
474 2619
475 2619
476 2619
477 2620
478 2620
479 2620
480 2620
481 2621
482 2621
483 2621
484 2621
485 2622
486 2622
487 2622
488 2622
489 2623
490 2623
491 2623
492 2623
493 2624
494 2624
495 2624
496 2624
497 2625
498 2625
499 2625
500 2625
501 2626
502 2626
503 2626
504 2626
505 2627
506 2627
507 2627
508 2627
509 2628
510 2628
511 2628
512 2628
513 2629
514 2629
515 2629
516 2629
517 2630
518 2630
519 2630
520 2630
521 2631
522 2631
523 2631
524 2631
525 2632
526 2632
527 2632
528 2632
529 2633
530 2633
531 2633
532 2633
533 2634
534 2634
535 2634
536 2634
537 2635
538 2635
539 2635
540 2635
541 2636
542 2636
543 2636
544 2636
545 2637
546 2637
547 2637
548 2637
549 2638
550 2638
551 2638
552 2638
553 2639
554 2639
555 2639
556 2639
557 2640
558 2640
559 2640
560 2640
561 2641
562 2641
563 2641
564 2641
565 2642
566 2642
567 2642
568 2642
569 2643
570 2643
571 2643
572 2643
573 2644
574 2644
575 2644
576 2644
577 2645
578 2645
579 2645
580 2645
581 2646
582 2646
583 2646
584 2646
585 2647
586 2647
587 2647
588 2647
589 2648
590 2648
591 2648
592 2648
593 2649
594 2649
595 2649
596 2649
597 2650
598 2650
599 2650
600 2650
601 2651
602 2651
603 2651
604 2651
605 2652
606 2652
607 2652
608 2652
609 2653
610 2653
611 2653
612 2653
613 2654
614 2654
615 2654
616 2654
617 2655
618 2655
619 2655
620 2655
621 2656
622 2656
623 2656
624 2656
625 2657
626 2657
627 2657
628 2657
629 2658
630 2658
631 2658
632 2658
633 2659
634 2659
635 2659
636 2659
637 2660
638 2660
639 2660
640 2660
641 2661
642 2661
643 2661
644 2661
645 2662
646 2662
647 2662
648 2662
649 2663
650 2663
651 2663
652 2663
653 2664
654 2664
655 2664
656 2664
657 2665
658 2665
659 2665
660 2665
661 2666
662 2666
663 2666
664 2666
665 2667
666 2667
667 2667
668 2667
669 2668
670 2668
671 2668
672 2668
673 2669
674 2669
675 2669
676 2669
677 2670
678 2670
679 2670
680 2670
681 2671
682 2671
683 2671
684 2671
685 2672
686 2672
687 2672
688 2672
689 2673
690 2673
691 2673
692 2673
693 2674
694 2674
695 2674
696 2674
697 2675
698 2675
699 2675
700 2675
701 2676
702 2676
703 2676
704 2676
705 2677
706 2677
707 2677
708 2677
709 2678
710 2678
711 2678
712 2678
713 2679
714 2679
715 2679
716 2679
717 2680
718 2680
719 2680
720 2680
721 2681
722 2681
723 2681
724 2681
725 2682
726 2682
727 2682
728 2682
729 2683
730 2683
731 2683
732 2683
733 2684
734 2684
735 2684
736 2684
737 2685
738 2685
739 2685
740 2685
741 2686
742 2686
743 2686
744 2686
745 2687
746 2687
747 2687
748 2687
749 2688
750 2688
751 2688
752 2688
753 2689
754 2689
755 2689
756 2689
757 2690
758 2690
759 2690
760 2690
761 2691
762 2691
763 2691
764 2691
765 2692
766 2692
767 2692
768 2692
769 2693
770 2693
771 2693
772 2693
773 2694
774 2694
775 2694
776 2694
777 2695
778 2695
779 2695
780 2695
781 2696
782 2696
783 2696
784 2696
785 2697
786 2697
787 2697
788 2697
789 2698
790 2698
791 2698
792 2698
793 2699
794 2699
795 2699
796 2699
797 2700
798 2700
799 2700
800 2700
801 2701
802 2701
803 2701
804 2701
805 2702
806 2702
807 2702
808 2702
809 2703
810 2703
811 2703
812 2703
813 2704
814 2704
815 2704
816 2704
817 2705
818 2705
819 2705
820 2705
821 2706
822 2706
823 2706
824 2706
825 2707
826 2707
827 2707
828 2707
829 2708
830 2708
831 2708
832 2708
833 2709
834 2709
835 2709
836 2709
837 2710
838 2710
839 2710
840 2710
841 2711
842 2711
843 2711
844 2711
845 2712
846 2712
847 2712
848 2712
849 2713
850 2713
851 2713
852 2713
853 2714
854 2714
855 2714
856 2714
857 2715
858 2715
859 2715
860 2715
861 2716
862 2716
863 2716
864 2716
865 2717
866 2717
867 2717
868 2717
869 2718
870 2718
871 2718
872 2718
873 2719
874 2719
875 2719
876 2719
877 2720
878 2720
879 2720
880 2720
881 2721
882 2721
883 2721
884 2721
885 2722
886 2722
887 2722
888 2722
889 2723
890 2723
891 2723
892 2723
893 2724
894 2724
895 2724
896 2724
897 2725
898 2725
899 2725
900 2725
901 2726
902 2726
903 2726
904 2726
905 2727
906 2727
907 2727
908 2727
909 2728
910 2728
911 2728
912 2728
913 2729
914 2729
915 2729
916 2729
917 2730
918 2730
919 2730
920 2730
921 2731
922 2731
923 2731
924 2731
925 2732
926 2732
927 2732
928 2732
929 2733
930 2733
931 2733
932 2733
933 2734
934 2734
935 2734
936 2734
937 2735
938 2735
939 2735
940 2735
941 2736
942 2736
943 2736
944 2736
945 2737
946 2737
947 2737
948 2737
949 2738
950 2738
951 2738
952 2738
953 2739
954 2739
955 2739
956 2739
957 2740
958 2740
959 2740
960 2740
961 2741
962 2741
963 2741
964 2741
965 2742
966 2742
967 2742
968 2742
969 2743
970 2743
971 2743
972 2743
973 2744
974 2744
975 2744
976 2744
977 2745
978 2745
979 2745
980 2745
981 2746
982 2746
983 2746
984 2746
985 2747
986 2747
987 2747
988 2747
989 2748
990 2748
991 2748
992 2748
993 2749
994 2749
995 2749
996 2749
997 2750
998 2750
999 2750
1000 2750
1001 2751
1002 2751
1003 2751
1004 2751
1005 2752
1006 2752
1007 2752
1008 2752
1009 2753
1010 2753
1011 2753
1012 2753
1013 2754
1014 2754
1015 2754
1016 2754
1017 2755
1018 2755
1019 2755
1020 2755
1021 2756
1022 2756
1023 2756
1024 2756
1025 2757
1026 2757
1027 2757
1028 2757
1029 2758
1030 2758
1031 2758
1032 2758
1033 2759
1034 2759
1035 2759
1036 2759
1037 2760
1038 2760
1039 2760
1040 2760
1041 2761
1042 2761
1043 2761
1044 2761
1045 2762
1046 2762
1047 2762
1048 2762
1049 2763
1050 2763
1051 2763
1052 2763
1053 2764
1054 2764
1055 2764
1056 2764
1057 2765
1058 2765
1059 2765
1060 2765
1061 2766
1062 2766
1063 2766
1064 2766
1065 2767
1066 2767
1067 2767
1068 2767
1069 2768
1070 2768
1071 2768
1072 2768
1073 2769
1074 2769
1075 2769
1076 2769
1077 2770
1078 2770
1079 2770
1080 2770
1081 2771
1082 2771
1083 2771
1084 2771
1085 2772
1086 2772
1087 2772
1088 2772
1089 2773
1090 2773
1091 2773
1092 2773
1093 2774
1094 2774
1095 2774
1096 2774
1097 2775
1098 2775
1099 2775
1100 2775
1101 2776
1102 2776
1103 2776
1104 2776
1105 2777
1106 2777
1107 2777
1108 2777
1109 2778
1110 2778
1111 2778
1112 2778
1113 2779
1114 2779
1115 2779
1116 2779
1117 2780
1118 2780
1119 2780
1120 2780
1121 2781
1122 2781
1123 2781
1124 2781
1125 2782
1126 2782
1127 2782
1128 2782
1129 2783
1130 2783
1131 2783
1132 2783
1133 2784
1134 2784
1135 2784
1136 2784
1137 2785
1138 2785
1139 2785
1140 2785
1141 2786
1142 2786
1143 2786
1144 2786
1145 2787
1146 2787
1147 2787
1148 2787
1149 2788
1150 2788
1151 2788
1152 2788
1153 2789
1154 2789
1155 2789
1156 2789
1157 2790
1158 2790
1159 2790
1160 2790
1161 2791
1162 2791
1163 2791
1164 2791
1165 2792
1166 2792
1167 2792
1168 2792
1169 2793
1170 2793
1171 2793
1172 2793
1173 2794
1174 2794
1175 2794
1176 2794
1177 2795
1178 2795
1179 2795
1180 2795
1181 2796
1182 2796
1183 2796
1184 2796
1185 2797
1186 2797
1187 2797
1188 2797
1189 2798
1190 2798
1191 2798
1192 2798
1193 2799
1194 2799
1195 2799
1196 2799
1197 2800
1198 2800
1199 2800
1200 2800
1201 2801
1202 2801
1203 2801
1204 2801
1205 2802
1206 2802
1207 2802
1208 2802
1209 2803
1210 2803
1211 2803
1212 2803
1213 2804
1214 2804
1215 2804
1216 2804
1217 2805
1218 2805
1219 2805
1220 2805
1221 2806
1222 2806
1223 2806
1224 2806
1225 2807
1226 2807
1227 2807
1228 2807
1229 2808
1230 2808
1231 2808
1232 2808
1233 2809
1234 2809
1235 2809
1236 2809
1237 2810
1238 2810
1239 2810
1240 2810
1241 2811
1242 2811
1243 2811
1244 2811
1245 2812
1246 2812
1247 2812
1248 2812
1249 2813
1250 2813
2501 3127
2501 3284
2502 3128
2502 3285
2503 3129
2503 3286
2504 3130
2504 3287
2505 3131
2505 3288
2506 3132
2506 3289
2507 3133
2507 3290
2508 3134
2508 3291
2509 3135
2509 3292
2510 3136
2510 3293
2511 3137
2511 3294
2512 3138
2512 3295
2513 3139
2513 3296
2514 3140
2514 3297
2515 3141
2515 3298
2516 3142
2516 3299
2517 3143
2517 3300
2518 3144
2518 3301
2519 3145
2519 3302
2520 3146
2520 3303
2521 3147
2521 3304
2522 3148
2522 3305
2523 3149
2523 3306
2524 3150
2524 3307
2525 3151
2525 3308
2526 3152
2526 3309
2527 3153
2527 3310
2528 3154
2528 3311
2529 3155
2529 3312
2530 3156
2530 3313
2531 3157
2531 3314
2532 3158
2532 3315
2533 3159
2533 3316
2534 3160
2534 3317
2535 3161
2535 3318
2536 3162
2536 3319
2537 3163
2537 3320
2538 3164
2538 3321
2539 3165
2539 3322
2540 3166
2540 3323
2541 3167
2541 3324
2542 3168
2542 3325
2543 3169
2543 3326
2544 3170
2544 3327
2545 3171
2545 3328
2546 3172
2546 3329
2547 3173
2547 3330
2548 3174
2548 3331
2549 3175
2549 3332
2550 3176
2550 3333
2551 3177
2551 3334
2552 3178
2552 3335
2553 3179
2553 3336
2554 3180
2554 3337
2555 3181
2555 3338
2556 3182
2556 3339
2557 3183
2557 3340
2558 3184
2558 3341
2559 3185
2559 3342
2560 3186
2560 3343
2561 3187
2561 3344
2562 3188
2562 3345
2563 3189
2563 3346
2564 3190
2564 3347
2565 3191
2565 3348
2566 3192
2566 3349
2567 3193
2567 3350
2568 3194
2568 3351
2569 3195
2569 3352
2570 3196
2570 3353
2571 3197
2571 3354
2572 3198
2572 3355
2573 3199
2573 3356
2574 3200
2574 3357
2575 3201
2575 3358
2576 3202
2576 3359
2577 3203
2577 3360
2578 3204
2578 3361
2579 3205
2579 3362
2580 3206
2580 3363
2581 3207
2581 3364
2582 3208
2582 3365
2583 3209
2583 3366
2584 3210
2584 3367
2585 3211
2585 3368
2586 3212
2586 3369
2587 3213
2587 3370
2588 3214
2588 3371
2589 3215
2589 3372
2590 3216
2590 3373
2591 3217
2591 3374
2592 3218
2592 3375
2593 3219
2593 3376
2594 3220
2594 3377
2595 3221
2595 3378
2596 3222
2596 3379
2597 3223
2597 3380
2598 3224
2598 3381
2599 3225
2599 3382
2600 3226
2600 3383
2601 3227
2601 3384
2602 3228
2602 3385
2603 3229
2603 3386
2604 3230
2604 3387
2605 3231
2605 3388
2606 3232
2606 3389
2607 3233
2607 3390
2608 3234
2608 3391
2609 3235
2609 3392
2610 3236
2610 3393
2611 3237
2611 3394
2612 3238
2612 3395
2613 3239
2613 3396
2614 3240
2614 3397
2615 3241
2615 3398
2616 3242
2616 3399
2617 3243
2617 3400
2618 3244
2618 3401
2619 3245
2619 3402
2620 3246
2620 3403
2621 3247
2621 3404
2622 3248
2622 3405
2623 3249
2623 3406
2624 3250
2624 3407
2625 3251
2625 3408
2626 3252
2626 3409
2627 3253
2627 3410
2628 3254
2628 3411
2629 3255
2629 3412
2630 3256
2630 3413
2631 3257
2631 3414
2632 3258
2632 3415
2633 3259
2633 3416
2634 3260
2634 3417
2635 3261
2635 3418
2636 3262
2636 3419
2637 3263
2637 3420
2638 3264
2638 3421
2639 3265
2639 3422
2640 3266
2640 3423
2641 3267
2641 3424
2642 3268
2642 3425
2643 3269
2643 3426
2644 3270
2644 3427
2645 3271
2645 3428
2646 3272
2646 3429
2647 3273
2647 3430
2648 3274
2648 3431
2649 3275
2649 3432
2650 3276
2650 3433
2651 3277
2651 3434
2652 3278
2652 3435
2653 3279
2653 3436
2654 3280
2654 3437
2655 3281
2655 3438
2656 3282
2656 3439
2657 3283
2657 3439
2658 3127
2658 3284
2659 3128
2659 3285
2660 3129
2660 3286
2661 3130
2661 3287
2662 3131
2662 3288
2663 3132
2663 3289
2664 3133
2664 3290
2665 3134
2665 3291
2666 3135
2666 3292
2667 3136
2667 3293
2668 3137
2668 3294
2669 3138
2669 3295
2670 3139
2670 3296
2671 3140
2671 3297
2672 3141
2672 3298
2673 3142
2673 3299
2674 3143
2674 3300
2675 3144
2675 3301
2676 3145
2676 3302
2677 3146
2677 3303
2678 3147
2678 3304
2679 3148
2679 3305
2680 3149
2680 3306
2681 3150
2681 3307
2682 3151
2682 3308
2683 3152
2683 3309
2684 3153
2684 3310
2685 3154
2685 3311
2686 3155
2686 3312
2687 3156
2687 3313
2688 3157
2688 3314
2689 3158
2689 3315
2690 3159
2690 3316
2691 3160
2691 3317
2692 3161
2692 3318
2693 3162
2693 3319
2694 3163
2694 3320
2695 3164
2695 3321
2696 3165
2696 3322
2697 3166
2697 3323
2698 3167
2698 3324
2699 3168
2699 3325
2700 3169
2700 3326
2701 3170
2701 3327
2702 3171
2702 3328
2703 3172
2703 3329
2704 3173
2704 3330
2705 3174
2705 3331
2706 3175
2706 3332
2707 3176
2707 3333
2708 3177
2708 3334
2709 3178
2709 3335
2710 3179
2710 3336
2711 3180
2711 3337
2712 3181
2712 3338
2713 3182
2713 3339
2714 3183
2714 3340
2715 3184
2715 3341
2716 3185
2716 3342
2717 3186
2717 3343
2718 3187
2718 3344
2719 3188
2719 3345
2720 3189
2720 3346
2721 3190
2721 3347
2722 3191
2722 3348
2723 3192
2723 3349
2724 3193
2724 3350
2725 3194
2725 3351
2726 3195
2726 3352
2727 3196
2727 3353
2728 3197
2728 3354
2729 3198
2729 3355
2730 3199
2730 3356
2731 3200
2731 3357
2732 3201
2732 3358
2733 3202
2733 3359
2734 3203
2734 3360
2735 3204
2735 3361
2736 3205
2736 3362
2737 3206
2737 3363
2738 3207
2738 3364
2739 3208
2739 3365
2740 3209
2740 3366
2741 3210
2741 3367
2742 3211
2742 3368
2743 3212
2743 3369
2744 3213
2744 3370
2745 3214
2745 3371
2746 3215
2746 3372
2747 3216
2747 3373
2748 3217
2748 3374
2749 3218
2749 3375
2750 3219
2750 3376
2751 3220
2751 3377
2752 3221
2752 3378
2753 3222
2753 3379
2754 3223
2754 3380
2755 3224
2755 3381
2756 3225
2756 3382
2757 3226
2757 3383
2758 3227
2758 3384
2759 3228
2759 3385
2760 3229
2760 3386
2761 3230
2761 3387
2762 3231
2762 3388
2763 3232
2763 3389
2764 3233
2764 3390
2765 3234
2765 3391
2766 3235
2766 3392
2767 3236
2767 3393
2768 3237
2768 3394
2769 3238
2769 3395
2770 3239
2770 3396
2771 3240
2771 3397
2772 3241
2772 3398
2773 3242
2773 3399
2774 3243
2774 3400
2775 3244
2775 3401
2776 3245
2776 3402
2777 3246
2777 3403
2778 3247
2778 3404
2779 3248
2779 3405
2780 3249
2780 3406
2781 3250
2781 3407
2782 3251
2782 3408
2783 3252
2783 3409
2784 3253
2784 3410
2785 3254
2785 3411
2786 3255
2786 3412
2787 3256
2787 3413
2788 3257
2788 3414
2789 3258
2789 3415
2790 3259
2790 3416
2791 3260
2791 3417
2792 3261
2792 3418
2793 3262
2793 3419
2794 3263
2794 3420
2795 3264
2795 3421
2796 3265
2796 3422
2797 3266
2797 3423
2798 3267
2798 3424
2799 3268
2799 3425
2800 3269
2800 3426
2801 3270
2801 3427
2802 3271
2802 3428
2803 3272
2803 3429
2804 3273
2804 3430
2805 3274
2805 3431
2806 3275
2806 3432
2807 3276
2807 3433
2808 3277
2808 3434
2809 3278
2809 3435
2810 3279
2810 3436
2811 3280
2811 3437
2812 3281
2812 3438
2813 3282
2813 3439
2814 1251
2814 1252
2814 1253
2814 1254
2815 1255
2815 1256
2815 1257
2815 1258
2816 1259
2816 1260
2816 1261
2816 1262
2817 1263
2817 1264
2817 1265
2817 1266
2818 1267
2818 1268
2818 1269
2818 1270
2819 1271
2819 1272
2819 1273
2819 1274
2820 1275
2820 1276
2820 1277
2820 1278
2821 1279
2821 1280
2821 1281
2821 1282
2822 1283
2822 1284
2822 1285
2822 1286
2823 1287
2823 1288
2823 1289
2823 1290
2824 1291
2824 1292
2824 1293
2824 1294
2825 1295
2825 1296
2825 1297
2825 1298
2826 1299
2826 1300
2826 1301
2826 1302
2827 1303
2827 1304
2827 1305
2827 1306
2828 1307
2828 1308
2828 1309
2828 1310
2829 1311
2829 1312
2829 1313
2829 1314
2830 1315
2830 1316
2830 1317
2830 1318
2831 1319
2831 1320
2831 1321
2831 1322
2832 1323
2832 1324
2832 1325
2832 1326
2833 1327
2833 1328
2833 1329
2833 1330
2834 1331
2834 1332
2834 1333
2834 1334
2835 1335
2835 1336
2835 1337
2835 1338
2836 1339
2836 1340
2836 1341
2836 1342
2837 1343
2837 1344
2837 1345
2837 1346
2838 1347
2838 1348
2838 1349
2838 1350
2839 1351
2839 1352
2839 1353
2839 1354
2840 1355
2840 1356
2840 1357
2840 1358
2841 1359
2841 1360
2841 1361
2841 1362
2842 1363
2842 1364
2842 1365
2842 1366
2843 1367
2843 1368
2843 1369
2843 1370
2844 1371
2844 1372
2844 1373
2844 1374
2845 1375
2845 1376
2845 1377
2845 1378
2846 1379
2846 1380
2846 1381
2846 1382
2847 1383
2847 1384
2847 1385
2847 1386
2848 1387
2848 1388
2848 1389
2848 1390
2849 1391
2849 1392
2849 1393
2849 1394
2850 1395
2850 1396
2850 1397
2850 1398
2851 1399
2851 1400
2851 1401
2851 1402
2852 1403
2852 1404
2852 1405
2852 1406
2853 1407
2853 1408
2853 1409
2853 1410
2854 1411
2854 1412
2854 1413
2854 1414
2855 1415
2855 1416
2855 1417
2855 1418
2856 1419
2856 1420
2856 1421
2856 1422
2857 1423
2857 1424
2857 1425
2857 1426
2858 1427
2858 1428
2858 1429
2858 1430
2859 1431
2859 1432
2859 1433
2859 1434
2860 1435
2860 1436
2860 1437
2860 1438
2861 1439
2861 1440
2861 1441
2861 1442
2862 1443
2862 1444
2862 1445
2862 1446
2863 1447
2863 1448
2863 1449
2863 1450
2864 1451
2864 1452
2864 1453
2864 1454
2865 1455
2865 1456
2865 1457
2865 1458
2866 1459
2866 1460
2866 1461
2866 1462
2867 1463
2867 1464
2867 1465
2867 1466
2868 1467
2868 1468
2868 1469
2868 1470
2869 1471
2869 1472
2869 1473
2869 1474
2870 1475
2870 1476
2870 1477
2870 1478
2871 1479
2871 1480
2871 1481
2871 1482
2872 1483
2872 1484
2872 1485
2872 1486
2873 1487
2873 1488
2873 1489
2873 1490
2874 1491
2874 1492
2874 1493
2874 1494
2875 1495
2875 1496
2875 1497
2875 1498
2876 1499
2876 1500
2876 1501
2876 1502
2877 1503
2877 1504
2877 1505
2877 1506
2878 1507
2878 1508
2878 1509
2878 1510
2879 1511
2879 1512
2879 1513
2879 1514
2880 1515
2880 1516
2880 1517
2880 1518
2881 1519
2881 1520
2881 1521
2881 1522
2882 1523
2882 1524
2882 1525
2882 1526
2883 1527
2883 1528
2883 1529
2883 1530
2884 1531
2884 1532
2884 1533
2884 1534
2885 1535
2885 1536
2885 1537
2885 1538
2886 1539
2886 1540
2886 1541
2886 1542
2887 1543
2887 1544
2887 1545
2887 1546
2888 1547
2888 1548
2888 1549
2888 1550
2889 1551
2889 1552
2889 1553
2889 1554
2890 1555
2890 1556
2890 1557
2890 1558
2891 1559
2891 1560
2891 1561
2891 1562
2892 1563
2892 1564
2892 1565
2892 1566
2893 1567
2893 1568
2893 1569
2893 1570
2894 1571
2894 1572
2894 1573
2894 1574
2895 1575
2895 1576
2895 1577
2895 1578
2896 1579
2896 1580
2896 1581
2896 1582
2897 1583
2897 1584
2897 1585
2897 1586
2898 1587
2898 1588
2898 1589
2898 1590
2899 1591
2899 1592
2899 1593
2899 1594
2900 1595
2900 1596
2900 1597
2900 1598
2901 1599
2901 1600
2901 1601
2901 1602
2902 1603
2902 1604
2902 1605
2902 1606
2903 1607
2903 1608
2903 1609
2903 1610
2904 1611
2904 1612
2904 1613
2904 1614
2905 1615
2905 1616
2905 1617
2905 1618
2906 1619
2906 1620
2906 1621
2906 1622
2907 1623
2907 1624
2907 1625
2907 1626
2908 1627
2908 1628
2908 1629
2908 1630
2909 1631
2909 1632
2909 1633
2909 1634
2910 1635
2910 1636
2910 1637
2910 1638
2911 1639
2911 1640
2911 1641
2911 1642
2912 1643
2912 1644
2912 1645
2912 1646
2913 1647
2913 1648
2913 1649
2913 1650
2914 1651
2914 1652
2914 1653
2914 1654
2915 1655
2915 1656
2915 1657
2915 1658
2916 1659
2916 1660
2916 1661
2916 1662
2917 1663
2917 1664
2917 1665
2917 1666
2918 1667
2918 1668
2918 1669
2918 1670
2919 1671
2919 1672
2919 1673
2919 1674
2920 1675
2920 1676
2920 1677
2920 1678
2921 1679
2921 1680
2921 1681
2921 1682
2922 1683
2922 1684
2922 1685
2922 1686
2923 1687
2923 1688
2923 1689
2923 1690
2924 1691
2924 1692
2924 1693
2924 1694
2925 1695
2925 1696
2925 1697
2925 1698
2926 1699
2926 1700
2926 1701
2926 1702
2927 1703
2927 1704
2927 1705
2927 1706
2928 1707
2928 1708
2928 1709
2928 1710
2929 1711
2929 1712
2929 1713
2929 1714
2930 1715
2930 1716
2930 1717
2930 1718
2931 1719
2931 1720
2931 1721
2931 1722
2932 1723
2932 1724
2932 1725
2932 1726
2933 1727
2933 1728
2933 1729
2933 1730
2934 1731
2934 1732
2934 1733
2934 1734
2935 1735
2935 1736
2935 1737
2935 1738
2936 1739
2936 1740
2936 1741
2936 1742
2937 1743
2937 1744
2937 1745
2937 1746
2938 1747
2938 1748
2938 1749
2938 1750
2939 1751
2939 1752
2939 1753
2939 1754
2940 1755
2940 1756
2940 1757
2940 1758
2941 1759
2941 1760
2941 1761
2941 1762
2942 1763
2942 1764
2942 1765
2942 1766
2943 1767
2943 1768
2943 1769
2943 1770
2944 1771
2944 1772
2944 1773
2944 1774
2945 1775
2945 1776
2945 1777
2945 1778
2946 1779
2946 1780
2946 1781
2946 1782
2947 1783
2947 1784
2947 1785
2947 1786
2948 1787
2948 1788
2948 1789
2948 1790
2949 1791
2949 1792
2949 1793
2949 1794
2950 1795
2950 1796
2950 1797
2950 1798
2951 1799
2951 1800
2951 1801
2951 1802
2952 1803
2952 1804
2952 1805
2952 1806
2953 1807
2953 1808
2953 1809
2953 1810
2954 1811
2954 1812
2954 1813
2954 1814
2955 1815
2955 1816
2955 1817
2955 1818
2956 1819
2956 1820
2956 1821
2956 1822
2957 1823
2957 1824
2957 1825
2957 1826
2958 1827
2958 1828
2958 1829
2958 1830
2959 1831
2959 1832
2959 1833
2959 1834
2960 1835
2960 1836
2960 1837
2960 1838
2961 1839
2961 1840
2961 1841
2961 1842
2962 1843
2962 1844
2962 1845
2962 1846
2963 1847
2963 1848
2963 1849
2963 1850
2964 1851
2964 1852
2964 1853
2964 1854
2965 1855
2965 1856
2965 1857
2965 1858
2966 1859
2966 1860
2966 1861
2966 1862
2967 1863
2967 1864
2967 1865
2967 1866
2968 1867
2968 1868
2968 1869
2968 1870
2969 1871
2969 1872
2969 1873
2969 1874
2970 1875
2970 1876
2970 1877
2970 1878
2971 1879
2971 1880
2971 1881
2971 1882
2972 1883
2972 1884
2972 1885
2972 1886
2973 1887
2973 1888
2973 1889
2973 1890
2974 1891
2974 1892
2974 1893
2974 1894
2975 1895
2975 1896
2975 1897
2975 1898
2976 1899
2976 1900
2976 1901
2976 1902
2977 1903
2977 1904
2977 1905
2977 1906
2978 1907
2978 1908
2978 1909
2978 1910
2979 1911
2979 1912
2979 1913
2979 1914
2980 1915
2980 1916
2980 1917
2980 1918
2981 1919
2981 1920
2981 1921
2981 1922
2982 1923
2982 1924
2982 1925
2982 1926
2983 1927
2983 1928
2983 1929
2983 1930
2984 1931
2984 1932
2984 1933
2984 1934
2985 1935
2985 1936
2985 1937
2985 1938
2986 1939
2986 1940
2986 1941
2986 1942
2987 1943
2987 1944
2987 1945
2987 1946
2988 1947
2988 1948
2988 1949
2988 1950
2989 1951
2989 1952
2989 1953
2989 1954
2990 1955
2990 1956
2990 1957
2990 1958
2991 1959
2991 1960
2991 1961
2991 1962
2992 1963
2992 1964
2992 1965
2992 1966
2993 1967
2993 1968
2993 1969
2993 1970
2994 1971
2994 1972
2994 1973
2994 1974
2995 1975
2995 1976
2995 1977
2995 1978
2996 1979
2996 1980
2996 1981
2996 1982
2997 1983
2997 1984
2997 1985
2997 1986
2998 1987
2998 1988
2998 1989
2998 1990
2999 1991
2999 1992
2999 1993
2999 1994
3000 1995
3000 1996
3000 1997
3000 1998
3001 1999
3001 2000
3001 2001
3001 2002
3002 2003
3002 2004
3002 2005
3002 2006
3003 2007
3003 2008
3003 2009
3003 2010
3004 2011
3004 2012
3004 2013
3004 2014
3005 2015
3005 2016
3005 2017
3005 2018
3006 2019
3006 2020
3006 2021
3006 2022
3007 2023
3007 2024
3007 2025
3007 2026
3008 2027
3008 2028
3008 2029
3008 2030
3009 2031
3009 2032
3009 2033
3009 2034
3010 2035
3010 2036
3010 2037
3010 2038
3011 2039
3011 2040
3011 2041
3011 2042
3012 2043
3012 2044
3012 2045
3012 2046
3013 2047
3013 2048
3013 2049
3013 2050
3014 2051
3014 2052
3014 2053
3014 2054
3015 2055
3015 2056
3015 2057
3015 2058
3016 2059
3016 2060
3016 2061
3016 2062
3017 2063
3017 2064
3017 2065
3017 2066
3018 2067
3018 2068
3018 2069
3018 2070
3019 2071
3019 2072
3019 2073
3019 2074
3020 2075
3020 2076
3020 2077
3020 2078
3021 2079
3021 2080
3021 2081
3021 2082
3022 2083
3022 2084
3022 2085
3022 2086
3023 2087
3023 2088
3023 2089
3023 2090
3024 2091
3024 2092
3024 2093
3024 2094
3025 2095
3025 2096
3025 2097
3025 2098
3026 2099
3026 2100
3026 2101
3026 2102
3027 2103
3027 2104
3027 2105
3027 2106
3028 2107
3028 2108
3028 2109
3028 2110
3029 2111
3029 2112
3029 2113
3029 2114
3030 2115
3030 2116
3030 2117
3030 2118
3031 2119
3031 2120
3031 2121
3031 2122
3032 2123
3032 2124
3032 2125
3032 2126
3033 2127
3033 2128
3033 2129
3033 2130
3034 2131
3034 2132
3034 2133
3034 2134
3035 2135
3035 2136
3035 2137
3035 2138
3036 2139
3036 2140
3036 2141
3036 2142
3037 2143
3037 2144
3037 2145
3037 2146
3038 2147
3038 2148
3038 2149
3038 2150
3039 2151
3039 2152
3039 2153
3039 2154
3040 2155
3040 2156
3040 2157
3040 2158
3041 2159
3041 2160
3041 2161
3041 2162
3042 2163
3042 2164
3042 2165
3042 2166
3043 2167
3043 2168
3043 2169
3043 2170
3044 2171
3044 2172
3044 2173
3044 2174
3045 2175
3045 2176
3045 2177
3045 2178
3046 2179
3046 2180
3046 2181
3046 2182
3047 2183
3047 2184
3047 2185
3047 2186
3048 2187
3048 2188
3048 2189
3048 2190
3049 2191
3049 2192
3049 2193
3049 2194
3050 2195
3050 2196
3050 2197
3050 2198
3051 2199
3051 2200
3051 2201
3051 2202
3052 2203
3052 2204
3052 2205
3052 2206
3053 2207
3053 2208
3053 2209
3053 2210
3054 2211
3054 2212
3054 2213
3054 2214
3055 2215
3055 2216
3055 2217
3055 2218
3056 2219
3056 2220
3056 2221
3056 2222
3057 2223
3057 2224
3057 2225
3057 2226
3058 2227
3058 2228
3058 2229
3058 2230
3059 2231
3059 2232
3059 2233
3059 2234
3060 2235
3060 2236
3060 2237
3060 2238
3061 2239
3061 2240
3061 2241
3061 2242
3062 2243
3062 2244
3062 2245
3062 2246
3063 2247
3063 2248
3063 2249
3063 2250
3064 2251
3064 2252
3064 2253
3064 2254
3065 2255
3065 2256
3065 2257
3065 2258
3066 2259
3066 2260
3066 2261
3066 2262
3067 2263
3067 2264
3067 2265
3067 2266
3068 2267
3068 2268
3068 2269
3068 2270
3069 2271
3069 2272
3069 2273
3069 2274
3070 2275
3070 2276
3070 2277
3070 2278
3071 2279
3071 2280
3071 2281
3071 2282
3072 2283
3072 2284
3072 2285
3072 2286
3073 2287
3073 2288
3073 2289
3073 2290
3074 2291
3074 2292
3074 2293
3074 2294
3075 2295
3075 2296
3075 2297
3075 2298
3076 2299
3076 2300
3076 2301
3076 2302
3077 2303
3077 2304
3077 2305
3077 2306
3078 2307
3078 2308
3078 2309
3078 2310
3079 2311
3079 2312
3079 2313
3079 2314
3080 2315
3080 2316
3080 2317
3080 2318
3081 2319
3081 2320
3081 2321
3081 2322
3082 2323
3082 2324
3082 2325
3082 2326
3083 2327
3083 2328
3083 2329
3083 2330
3084 2331
3084 2332
3084 2333
3084 2334
3085 2335
3085 2336
3085 2337
3085 2338
3086 2339
3086 2340
3086 2341
3086 2342
3087 2343
3087 2344
3087 2345
3087 2346
3088 2347
3088 2348
3088 2349
3088 2350
3089 2351
3089 2352
3089 2353
3089 2354
3090 2355
3090 2356
3090 2357
3090 2358
3091 2359
3091 2360
3091 2361
3091 2362
3092 2363
3092 2364
3092 2365
3092 2366
3093 2367
3093 2368
3093 2369
3093 2370
3094 2371
3094 2372
3094 2373
3094 2374
3095 2375
3095 2376
3095 2377
3095 2378
3096 2379
3096 2380
3096 2381
3096 2382
3097 2383
3097 2384
3097 2385
3097 2386
3098 2387
3098 2388
3098 2389
3098 2390
3099 2391
3099 2392
3099 2393
3099 2394
3100 2395
3100 2396
3100 2397
3100 2398
3101 2399
3101 2400
3101 2401
3101 2402
3102 2403
3102 2404
3102 2405
3102 2406
3103 2407
3103 2408
3103 2409
3103 2410
3104 2411
3104 2412
3104 2413
3104 2414
3105 2415
3105 2416
3105 2417
3105 2418
3106 2419
3106 2420
3106 2421
3106 2422
3107 2423
3107 2424
3107 2425
3107 2426
3108 2427
3108 2428
3108 2429
3108 2430
3109 2431
3109 2432
3109 2433
3109 2434
3110 2435
3110 2436
3110 2437
3110 2438
3111 2439
3111 2440
3111 2441
3111 2442
3112 2443
3112 2444
3112 2445
3112 2446
3113 2447
3113 2448
3113 2449
3113 2450
3114 2451
3114 2452
3114 2453
3114 2454
3115 2455
3115 2456
3115 2457
3115 2458
3116 2459
3116 2460
3116 2461
3116 2462
3117 2463
3117 2464
3117 2465
3117 2466
3118 2467
3118 2468
3118 2469
3118 2470
3119 2471
3119 2472
3119 2473
3119 2474
3120 2475
3120 2476
3120 2477
3120 2478
3121 2479
3121 2480
3121 2481
3121 2482
3122 2483
3122 2484
3122 2485
3122 2486
3123 2487
3123 2488
3123 2489
3123 2490
3124 2491
3124 2492
3124 2493
3124 2494
3125 2495
3125 2496
3125 2497
3125 2498
3126 2499
3126 2500
3127 3440
3127 3519
3128 3441
3128 3520
3129 3442
3129 3521
3130 3443
3130 3522
3131 3444
3131 3523
3132 3445
3132 3524
3133 3446
3133 3525
3134 3447
3134 3526
3135 3448
3135 3527
3136 3449
3136 3528
3137 3450
3137 3529
3138 3451
3138 3530
3139 3452
3139 3531
3140 3453
3140 3532
3141 3454
3141 3533
3142 3455
3142 3534
3143 3456
3143 3535
3144 3457
3144 3536
3145 3458
3145 3537
3146 3459
3146 3538
3147 3460
3147 3539
3148 3461
3148 3540
3149 3462
3149 3541
3150 3463
3150 3542
3151 3464
3151 3543
3152 3465
3152 3544
3153 3466
3153 3545
3154 3467
3154 3546
3155 3468
3155 3547
3156 3469
3156 3548
3157 3470
3157 3549
3158 3471
3158 3550
3159 3472
3159 3551
3160 3473
3160 3552
3161 3474
3161 3553
3162 3475
3162 3554
3163 3476
3163 3555
3164 3477
3164 3556
3165 3478
3165 3557
3166 3479
3166 3558
3167 3480
3167 3559
3168 3481
3168 3560
3169 3482
3169 3561
3170 3483
3170 3562
3171 3484
3171 3563
3172 3485
3172 3564
3173 3486
3173 3565
3174 3487
3174 3566
3175 3488
3175 3567
3176 3489
3176 3568
3177 3490
3177 3569
3178 3491
3178 3570
3179 3492
3179 3571
3180 3493
3180 3572
3181 3494
3181 3573
3182 3495
3182 3574
3183 3496
3183 3575
3184 3497
3184 3576
3185 3498
3185 3577
3186 3499
3186 3578
3187 3500
3187 3579
3188 3501
3188 3580
3189 3502
3189 3581
3190 3503
3190 3582
3191 3504
3191 3583
3192 3505
3192 3584
3193 3506
3193 3585
3194 3507
3194 3586
3195 3508
3195 3587
3196 3509
3196 3588
3197 3510
3197 3589
3198 3511
3198 3590
3199 3512
3199 3591
3200 3513
3200 3592
3201 3514
3201 3593
3202 3515
3202 3594
3203 3516
3203 3595
3204 3517
3204 3596
3205 3518
3205 3596
3206 3440
3206 3519
3207 3441
3207 3520
3208 3442
3208 3521
3209 3443
3209 3522
3210 3444
3210 3523
3211 3445
3211 3524
3212 3446
3212 3525
3213 3447
3213 3526
3214 3448
3214 3527
3215 3449
3215 3528
3216 3450
3216 3529
3217 3451
3217 3530
3218 3452
3218 3531
3219 3453
3219 3532
3220 3454
3220 3533
3221 3455
3221 3534
3222 3456
3222 3535
3223 3457
3223 3536
3224 3458
3224 3537
3225 3459
3225 3538
3226 3460
3226 3539
3227 3461
3227 3540
3228 3462
3228 3541
3229 3463
3229 3542
3230 3464
3230 3543
3231 3465
3231 3544
3232 3466
3232 3545
3233 3467
3233 3546
3234 3468
3234 3547
3235 3469
3235 3548
3236 3470
3236 3549
3237 3471
3237 3550
3238 3472
3238 3551
3239 3473
3239 3552
3240 3474
3240 3553
3241 3475
3241 3554
3242 3476
3242 3555
3243 3477
3243 3556
3244 3478
3244 3557
3245 3479
3245 3558
3246 3480
3246 3559
3247 3481
3247 3560
3248 3482
3248 3561
3249 3483
3249 3562
3250 3484
3250 3563
3251 3485
3251 3564
3252 3486
3252 3565
3253 3487
3253 3566
3254 3488
3254 3567
3255 3489
3255 3568
3256 3490
3256 3569
3257 3491
3257 3570
3258 3492
3258 3571
3259 3493
3259 3572
3260 3494
3260 3573
3261 3495
3261 3574
3262 3496
3262 3575
3263 3497
3263 3576
3264 3498
3264 3577
3265 3499
3265 3578
3266 3500
3266 3579
3267 3501
3267 3580
3268 3502
3268 3581
3269 3503
3269 3582
3270 3504
3270 3583
3271 3505
3271 3584
3272 3506
3272 3585
3273 3507
3273 3586
3274 3508
3274 3587
3275 3509
3275 3588
3276 3510
3276 3589
3277 3511
3277 3590
3278 3512
3278 3591
3279 3513
3279 3592
3280 3514
3280 3593
3281 3515
3281 3594
3282 3516
3282 3595
3283 3517
3283 3596
3284 4469
3284 4547
3285 4470
3285 4548
3286 4471
3286 4549
3287 4472
3287 4550
3288 4473
3288 4551
3289 4474
3289 4552
3290 4475
3290 4553
3291 4476
3291 4554
3292 4477
3292 4555
3293 4478
3293 4556
3294 4479
3294 4557
3295 4480
3295 4558
3296 4481
3296 4559
3297 4482
3297 4560
3298 4483
3298 4561
3299 4484
3299 4562
3300 4485
3300 4563
3301 4486
3301 4564
3302 4487
3302 4565
3303 4488
3303 4566
3304 4489
3304 4567
3305 4490
3305 4568
3306 4491
3306 4569
3307 4492
3307 4570
3308 4493
3308 4571
3309 4494
3309 4572
3310 4495
3310 4573
3311 4496
3311 4574
3312 4497
3312 4575
3313 4498
3313 4576
3314 4499
3314 4577
3315 4500
3315 4578
3316 4501
3316 4579
3317 4502
3317 4580
3318 4503
3318 4581
3319 4504
3319 4582
3320 4505
3320 4583
3321 4506
3321 4584
3322 4507
3322 4585
3323 4508
3323 4586
3324 4509
3324 4587
3325 4510
3325 4588
3326 4511
3326 4589
3327 4512
3327 4590
3328 4513
3328 4591
3329 4514
3329 4592
3330 4515
3330 4593
3331 4516
3331 4594
3332 4517
3332 4595
3333 4518
3333 4596
3334 4519
3334 4597
3335 4520
3335 4598
3336 4521
3336 4599
3337 4522
3337 4600
3338 4523
3338 4601
3339 4524
3339 4602
3340 4525
3340 4603
3341 4526
3341 4604
3342 4527
3342 4605
3343 4528
3343 4606
3344 4529
3344 4607
3345 4530
3345 4608
3346 4531
3346 4609
3347 4532
3347 4610
3348 4533
3348 4611
3349 4534
3349 4612
3350 4535
3350 4613
3351 4536
3351 4614
3352 4537
3352 4615
3353 4538
3353 4616
3354 4539
3354 4617
3355 4540
3355 4618
3356 4541
3356 4619
3357 4542
3357 4620
3358 4543
3358 4621
3359 4544
3359 4622
3360 4545
3360 4623
3361 4546
3361 4624
3362 4469
3362 4547
3363 4470
3363 4548
3364 4471
3364 4549
3365 4472
3365 4550
3366 4473
3366 4551
3367 4474
3367 4552
3368 4475
3368 4553
3369 4476
3369 4554
3370 4477
3370 4555
3371 4478
3371 4556
3372 4479
3372 4557
3373 4480
3373 4558
3374 4481
3374 4559
3375 4482
3375 4560
3376 4483
3376 4561
3377 4484
3377 4562
3378 4485
3378 4563
3379 4486
3379 4564
3380 4487
3380 4565
3381 4488
3381 4566
3382 4489
3382 4567
3383 4490
3383 4568
3384 4491
3384 4569
3385 4492
3385 4570
3386 4493
3386 4571
3387 4494
3387 4572
3388 4495
3388 4573
3389 4496
3389 4574
3390 4497
3390 4575
3391 4498
3391 4576
3392 4499
3392 4577
3393 4500
3393 4578
3394 4501
3394 4579
3395 4502
3395 4580
3396 4503
3396 4581
3397 4504
3397 4582
3398 4505
3398 4583
3399 4506
3399 4584
3400 4507
3400 4585
3401 4508
3401 4586
3402 4509
3402 4587
3403 4510
3403 4588
3404 4511
3404 4589
3405 4512
3405 4590
3406 4513
3406 4591
3407 4514
3407 4592
3408 4515
3408 4593
3409 4516
3409 4594
3410 4517
3410 4595
3411 4518
3411 4596
3412 4519
3412 4597
3413 4520
3413 4598
3414 4521
3414 4599
3415 4522
3415 4600
3416 4523
3416 4601
3417 4524
3417 4602
3418 4525
3418 4603
3419 4526
3419 4604
3420 4527
3420 4605
3421 4528
3421 4606
3422 4529
3422 4607
3423 4530
3423 4608
3424 4531
3424 4609
3425 4532
3425 4610
3426 4533
3426 4611
3427 4534
3427 4612
3428 4535
3428 4613
3429 4536
3429 4614
3430 4537
3430 4615
3431 4538
3431 4616
3432 4539
3432 4617
3433 4540
3433 4618
3434 4541
3434 4619
3435 4542
3435 4620
3436 4543
3436 4621
3437 4544
3437 4622
3438 4545
3438 4623
3439 4546
3439 4624
3440 3597
3440 3637
3441 3598
3441 3638
3442 3599
3442 3639
3443 3600
3443 3640
3444 3601
3444 3641
3445 3602
3445 3642
3446 3603
3446 3643
3447 3604
3447 3644
3448 3605
3448 3645
3449 3606
3449 3646
3450 3607
3450 3647
3451 3608
3451 3648
3452 3609
3452 3649
3453 3610
3453 3650
3454 3611
3454 3651
3455 3612
3455 3652
3456 3613
3456 3653
3457 3614
3457 3654
3458 3615
3458 3655
3459 3616
3459 3656
3460 3617
3460 3657
3461 3618
3461 3658
3462 3619
3462 3659
3463 3620
3463 3660
3464 3621
3464 3661
3465 3622
3465 3662
3466 3623
3466 3663
3467 3624
3467 3664
3468 3625
3468 3665
3469 3626
3469 3666
3470 3627
3470 3667
3471 3628
3471 3668
3472 3629
3472 3669
3473 3630
3473 3670
3474 3631
3474 3671
3475 3632
3475 3672
3476 3633
3476 3673
3477 3634
3477 3674
3478 3635
3478 3675
3479 3636
3479 3675
3480 3597
3480 3637
3481 3598
3481 3638
3482 3599
3482 3639
3483 3600
3483 3640
3484 3601
3484 3641
3485 3602
3485 3642
3486 3603
3486 3643
3487 3604
3487 3644
3488 3605
3488 3645
3489 3606
3489 3646
3490 3607
3490 3647
3491 3608
3491 3648
3492 3609
3492 3649
3493 3610
3493 3650
3494 3611
3494 3651
3495 3612
3495 3652
3496 3613
3496 3653
3497 3614
3497 3654
3498 3615
3498 3655
3499 3616
3499 3656
3500 3617
3500 3657
3501 3618
3501 3658
3502 3619
3502 3659
3503 3620
3503 3660
3504 3621
3504 3661
3505 3622
3505 3662
3506 3623
3506 3663
3507 3624
3507 3664
3508 3625
3508 3665
3509 3626
3509 3666
3510 3627
3510 3667
3511 3628
3511 3668
3512 3629
3512 3669
3513 3630
3513 3670
3514 3631
3514 3671
3515 3632
3515 3672
3516 3633
3516 3673
3517 3634
3517 3674
3518 3635
3518 3675
3519 4037
3519 4076
3520 4038
3520 4077
3521 4039
3521 4078
3522 4040
3522 4079
3523 4041
3523 4080
3524 4042
3524 4081
3525 4043
3525 4082
3526 4044
3526 4083
3527 4045
3527 4084
3528 4046
3528 4085
3529 4047
3529 4086
3530 4048
3530 4087
3531 4049
3531 4088
3532 4050
3532 4089
3533 4051
3533 4090
3534 4052
3534 4091
3535 4053
3535 4092
3536 4054
3536 4093
3537 4055
3537 4094
3538 4056
3538 4095
3539 4057
3539 4096
3540 4058
3540 4097
3541 4059
3541 4098
3542 4060
3542 4099
3543 4061
3543 4100
3544 4062
3544 4101
3545 4063
3545 4102
3546 4064
3546 4103
3547 4065
3547 4104
3548 4066
3548 4105
3549 4067
3549 4106
3550 4068
3550 4107
3551 4069
3551 4108
3552 4070
3552 4109
3553 4071
3553 4110
3554 4072
3554 4111
3555 4073
3555 4112
3556 4074
3556 4113
3557 4075
3557 4114
3558 4037
3558 4076
3559 4038
3559 4077
3560 4039
3560 4078
3561 4040
3561 4079
3562 4041
3562 4080
3563 4042
3563 4081
3564 4043
3564 4082
3565 4044
3565 4083
3566 4045
3566 4084
3567 4046
3567 4085
3568 4047
3568 4086
3569 4048
3569 4087
3570 4049
3570 4088
3571 4050
3571 4089
3572 4051
3572 4090
3573 4052
3573 4091
3574 4053
3574 4092
3575 4054
3575 4093
3576 4055
3576 4094
3577 4056
3577 4095
3578 4057
3578 4096
3579 4058
3579 4097
3580 4059
3580 4098
3581 4060
3581 4099
3582 4061
3582 4100
3583 4062
3583 4101
3584 4063
3584 4102
3585 4064
3585 4103
3586 4065
3586 4104
3587 4066
3587 4105
3588 4067
3588 4106
3589 4068
3589 4107
3590 4069
3590 4108
3591 4070
3591 4109
3592 4071
3592 4110
3593 4072
3593 4111
3594 4073
3594 4112
3595 4074
3595 4113
3596 4075
3596 4114
3597 3676
3597 3696
3598 3677
3598 3697
3599 3678
3599 3698
3600 3679
3600 3699
3601 3680
3601 3700
3602 3681
3602 3701
3603 3682
3603 3702
3604 3683
3604 3703
3605 3684
3605 3704
3606 3685
3606 3705
3607 3686
3607 3706
3608 3687
3608 3707
3609 3688
3609 3708
3610 3689
3610 3709
3611 3690
3611 3710
3612 3691
3612 3711
3613 3692
3613 3712
3614 3693
3614 3713
3615 3694
3615 3714
3616 3695
3616 3715
3617 3676
3617 3696
3618 3677
3618 3697
3619 3678
3619 3698
3620 3679
3620 3699
3621 3680
3621 3700
3622 3681
3622 3701
3623 3682
3623 3702
3624 3683
3624 3703
3625 3684
3625 3704
3626 3685
3626 3705
3627 3686
3627 3706
3628 3687
3628 3707
3629 3688
3629 3708
3630 3689
3630 3709
3631 3690
3631 3710
3632 3691
3632 3711
3633 3692
3633 3712
3634 3693
3634 3713
3635 3694
3635 3714
3636 3695
3636 3715
3637 3860
3637 3880
3638 3861
3638 3881
3639 3862
3639 3882
3640 3863
3640 3883
3641 3864
3641 3884
3642 3865
3642 3885
3643 3866
3643 3886
3644 3867
3644 3887
3645 3868
3645 3888
3646 3869
3646 3889
3647 3870
3647 3890
3648 3871
3648 3891
3649 3872
3649 3892
3650 3873
3650 3893
3651 3874
3651 3894
3652 3875
3652 3895
3653 3876
3653 3896
3654 3877
3654 3897
3655 3878
3655 3898
3656 3879
3656 3898
3657 3860
3657 3880
3658 3861
3658 3881
3659 3862
3659 3882
3660 3863
3660 3883
3661 3864
3661 3884
3662 3865
3662 3885
3663 3866
3663 3886
3664 3867
3664 3887
3665 3868
3665 3888
3666 3869
3666 3889
3667 3870
3667 3890
3668 3871
3668 3891
3669 3872
3669 3892
3670 3873
3670 3893
3671 3874
3671 3894
3672 3875
3672 3895
3673 3876
3673 3896
3674 3877
3674 3897
3675 3878
3675 3898
3676 3716
3676 3726
3677 3717
3677 3727
3678 3718
3678 3728
3679 3719
3679 3729
3680 3720
3680 3730
3681 3721
3681 3731
3682 3722
3682 3732
3683 3723
3683 3733
3684 3724
3684 3734
3685 3725
3685 3735
3686 3716
3686 3726
3687 3717
3687 3727
3688 3718
3688 3728
3689 3719
3689 3729
3690 3720
3690 3730
3691 3721
3691 3731
3692 3722
3692 3732
3693 3723
3693 3733
3694 3724
3694 3734
3695 3725
3695 3735
3696 3788
3696 3798
3697 3789
3697 3799
3698 3790
3698 3800
3699 3791
3699 3801
3700 3792
3700 3802
3701 3793
3701 3803
3702 3794
3702 3804
3703 3795
3703 3805
3704 3796
3704 3806
3705 3797
3705 3807
3706 3788
3706 3798
3707 3789
3707 3799
3708 3790
3708 3800
3709 3791
3709 3801
3710 3792
3710 3802
3711 3793
3711 3803
3712 3794
3712 3804
3713 3795
3713 3805
3714 3796
3714 3806
3715 3797
3715 3807
3716 3736
3716 3741
3717 3737
3717 3742
3718 3738
3718 3743
3719 3739
3719 3744
3720 3740
3720 3745
3721 3736
3721 3741
3722 3737
3722 3742
3723 3738
3723 3743
3724 3739
3724 3744
3725 3740
3725 3745
3726 3762
3726 3767
3727 3763
3727 3768
3728 3764
3728 3769
3729 3765
3729 3770
3730 3766
3730 3771
3731 3762
3731 3767
3732 3763
3732 3768
3733 3764
3733 3769
3734 3765
3734 3770
3735 3766
3735 3771
3736 3746
3736 3749
3737 3747
3737 3750
3738 3748
3738 3750
3739 3746
3739 3749
3740 3747
3740 3750
3741 3754
3741 3757
3742 3755
3742 3758
3743 3756
3743 3758
3744 3754
3744 3757
3745 3755
3745 3758
3746 3751
3746 3753
3747 3752
3747 3753
3748 3751
3748 3753
3749 2817
3749 2818
3750 2817
3750 2818
3751 2814
3751 2815
3752 2814
3752 2815
3753 2816
3754 3759
3754 3761
3755 3760
3755 3761
3756 3759
3756 3761
3757 2822
3757 2823
3758 2822
3758 2823
3759 2819
3759 2820
3760 2819
3760 2820
3761 2821
3762 3772
3762 3775
3763 3773
3763 3776
3764 3774
3764 3776
3765 3772
3765 3775
3766 3773
3766 3776
3767 3780
3767 3783
3768 3781
3768 3784
3769 3782
3769 3784
3770 3780
3770 3783
3771 3781
3771 3784
3772 3777
3772 3779
3773 3778
3773 3779
3774 3777
3774 3779
3775 2827
3775 2828
3776 2827
3776 2828
3777 2824
3777 2825
3778 2824
3778 2825
3779 2826
3780 3785
3780 3787
3781 3786
3781 3787
3782 3785
3782 3787
3783 2832
3783 2833
3784 2832
3784 2833
3785 2829
3785 2830
3786 2829
3786 2830
3787 2831
3788 3808
3788 3813
3789 3809
3789 3814
3790 3810
3790 3815
3791 3811
3791 3816
3792 3812
3792 3817
3793 3808
3793 3813
3794 3809
3794 3814
3795 3810
3795 3815
3796 3811
3796 3816
3797 3812
3797 3817
3798 3834
3798 3839
3799 3835
3799 3840
3800 3836
3800 3841
3801 3837
3801 3842
3802 3838
3802 3843
3803 3834
3803 3839
3804 3835
3804 3840
3805 3836
3805 3841
3806 3837
3806 3842
3807 3838
3807 3843
3808 3818
3808 3821
3809 3819
3809 3822
3810 3820
3810 3822
3811 3818
3811 3821
3812 3819
3812 3822
3813 3826
3813 3829
3814 3827
3814 3830
3815 3828
3815 3830
3816 3826
3816 3829
3817 3827
3817 3830
3818 3823
3818 3825
3819 3824
3819 3825
3820 3823
3820 3825
3821 2837
3821 2838
3822 2837
3822 2838
3823 2834
3823 2835
3824 2834
3824 2835
3825 2836
3826 3831
3826 3833
3827 3832
3827 3833
3828 3831
3828 3833
3829 2842
3829 2843
3830 2842
3830 2843
3831 2839
3831 2840
3832 2839
3832 2840
3833 2841
3834 3844
3834 3847
3835 3845
3835 3848
3836 3846
3836 3848
3837 3844
3837 3847
3838 3845
3838 3848
3839 3852
3839 3855
3840 3853
3840 3856
3841 3854
3841 3856
3842 3852
3842 3855
3843 3853
3843 3856
3844 3849
3844 3851
3845 3850
3845 3851
3846 3849
3846 3851
3847 2847
3847 2848
3848 2847
3848 2848
3849 2844
3849 2845
3850 2844
3850 2845
3851 2846
3852 3857
3852 3859
3853 3858
3853 3859
3854 3857
3854 3859
3855 2852
3855 2853
3856 2852
3856 2853
3857 2849
3857 2850
3858 2849
3858 2850
3859 2851
3860 3899
3860 3909
3861 3900
3861 3910
3862 3901
3862 3911
3863 3902
3863 3912
3864 3903
3864 3913
3865 3904
3865 3914
3866 3905
3866 3915
3867 3906
3867 3916
3868 3907
3868 3917
3869 3908
3869 3918
3870 3899
3870 3909
3871 3900
3871 3910
3872 3901
3872 3911
3873 3902
3873 3912
3874 3903
3874 3913
3875 3904
3875 3914
3876 3905
3876 3915
3877 3906
3877 3916
3878 3907
3878 3917
3879 3908
3879 3918
3880 3971
3880 3981
3881 3972
3881 3982
3882 3973
3882 3983
3883 3974
3883 3984
3884 3975
3884 3985
3885 3976
3885 3986
3886 3977
3886 3987
3887 3978
3887 3988
3888 3979
3888 3989
3889 3980
3889 3989
3890 3971
3890 3981
3891 3972
3891 3982
3892 3973
3892 3983
3893 3974
3893 3984
3894 3975
3894 3985
3895 3976
3895 3986
3896 3977
3896 3987
3897 3978
3897 3988
3898 3979
3898 3989
3899 3919
3899 3924
3900 3920
3900 3925
3901 3921
3901 3926
3902 3922
3902 3927
3903 3923
3903 3928
3904 3919
3904 3924
3905 3920
3905 3925
3906 3921
3906 3926
3907 3922
3907 3927
3908 3923
3908 3928
3909 3945
3909 3950
3910 3946
3910 3951
3911 3947
3911 3952
3912 3948
3912 3953
3913 3949
3913 3954
3914 3945
3914 3950
3915 3946
3915 3951
3916 3947
3916 3952
3917 3948
3917 3953
3918 3949
3918 3954
3919 3929
3919 3932
3920 3930
3920 3933
3921 3931
3921 3933
3922 3929
3922 3932
3923 3930
3923 3933
3924 3937
3924 3940
3925 3938
3925 3941
3926 3939
3926 3941
3927 3937
3927 3940
3928 3938
3928 3941
3929 3934
3929 3936
3930 3935
3930 3936
3931 3934
3931 3936
3932 2857
3932 2858
3933 2857
3933 2858
3934 2854
3934 2855
3935 2854
3935 2855
3936 2856
3937 3942
3937 3944
3938 3943
3938 3944
3939 3942
3939 3944
3940 2862
3940 2863
3941 2862
3941 2863
3942 2859
3942 2860
3943 2859
3943 2860
3944 2861
3945 3955
3945 3958
3946 3956
3946 3959
3947 3957
3947 3959
3948 3955
3948 3958
3949 3956
3949 3959
3950 3963
3950 3966
3951 3964
3951 3967
3952 3965
3952 3967
3953 3963
3953 3966
3954 3964
3954 3967
3955 3960
3955 3962
3956 3961
3956 3962
3957 3960
3957 3962
3958 2867
3958 2868
3959 2867
3959 2868
3960 2864
3960 2865
3961 2864
3961 2865
3962 2866
3963 3968
3963 3970
3964 3969
3964 3970
3965 3968
3965 3970
3966 2872
3966 2873
3967 2872
3967 2873
3968 2869
3968 2870
3969 2869
3969 2870
3970 2871
3971 3990
3971 3995
3972 3991
3972 3996
3973 3992
3973 3997
3974 3993
3974 3998
3975 3994
3975 3999
3976 3990
3976 3995
3977 3991
3977 3996
3978 3992
3978 3997
3979 3993
3979 3998
3980 3994
3980 3999
3981 4016
3981 4021
3982 4017
3982 4022
3983 4018
3983 4023
3984 4019
3984 4024
3985 4020
3985 4024
3986 4016
3986 4021
3987 4017
3987 4022
3988 4018
3988 4023
3989 4019
3989 4024
3990 4000
3990 4003
3991 4001
3991 4004
3992 4002
3992 4004
3993 4000
3993 4003
3994 4001
3994 4004
3995 4008
3995 4011
3996 4009
3996 4012
3997 4010
3997 4012
3998 4008
3998 4011
3999 4009
3999 4012
4000 4005
4000 4007
4001 4006
4001 4007
4002 4005
4002 4007
4003 2877
4003 2878
4004 2877
4004 2878
4005 2874
4005 2875
4006 2874
4006 2875
4007 2876
4008 4013
4008 4015
4009 4014
4009 4015
4010 4013
4010 4015
4011 2882
4011 2883
4012 2882
4012 2883
4013 2879
4013 2880
4014 2879
4014 2880
4015 2881
4016 4025
4016 4028
4017 4026
4017 4029
4018 4027
4018 4029
4019 4025
4019 4028
4020 4026
4020 4029
4021 4033
4021 4035
4022 4034
4022 4036
4023 4033
4023 4035
4024 4034
4024 4036
4025 4030
4025 4032
4026 4031
4026 4032
4027 4030
4027 4032
4028 2887
4028 2888
4029 2887
4029 2888
4030 2884
4030 2885
4031 2884
4031 2885
4032 2886
4033 2889
4033 2890
4034 2889
4034 2890
4035 2891
4035 2892
4036 2891
4036 2892
4037 4115
4037 4135
4038 4116
4038 4136
4039 4117
4039 4137
4040 4118
4040 4138
4041 4119
4041 4139
4042 4120
4042 4140
4043 4121
4043 4141
4044 4122
4044 4142
4045 4123
4045 4143
4046 4124
4046 4144
4047 4125
4047 4145
4048 4126
4048 4146
4049 4127
4049 4147
4050 4128
4050 4148
4051 4129
4051 4149
4052 4130
4052 4150
4053 4131
4053 4151
4054 4132
4054 4152
4055 4133
4055 4153
4056 4134
4056 4153
4057 4115
4057 4135
4058 4116
4058 4136
4059 4117
4059 4137
4060 4118
4060 4138
4061 4119
4061 4139
4062 4120
4062 4140
4063 4121
4063 4141
4064 4122
4064 4142
4065 4123
4065 4143
4066 4124
4066 4144
4067 4125
4067 4145
4068 4126
4068 4146
4069 4127
4069 4147
4070 4128
4070 4148
4071 4129
4071 4149
4072 4130
4072 4150
4073 4131
4073 4151
4074 4132
4074 4152
4075 4133
4075 4153
4076 4292
4076 4312
4077 4293
4077 4313
4078 4294
4078 4314
4079 4295
4079 4315
4080 4296
4080 4316
4081 4297
4081 4317
4082 4298
4082 4318
4083 4299
4083 4319
4084 4300
4084 4320
4085 4301
4085 4321
4086 4302
4086 4322
4087 4303
4087 4323
4088 4304
4088 4324
4089 4305
4089 4325
4090 4306
4090 4326
4091 4307
4091 4327
4092 4308
4092 4328
4093 4309
4093 4329
4094 4310
4094 4330
4095 4311
4095 4330
4096 4292
4096 4312
4097 4293
4097 4313
4098 4294
4098 4314
4099 4295
4099 4315
4100 4296
4100 4316
4101 4297
4101 4317
4102 4298
4102 4318
4103 4299
4103 4319
4104 4300
4104 4320
4105 4301
4105 4321
4106 4302
4106 4322
4107 4303
4107 4323
4108 4304
4108 4324
4109 4305
4109 4325
4110 4306
4110 4326
4111 4307
4111 4327
4112 4308
4112 4328
4113 4309
4113 4329
4114 4310
4114 4330
4115 4154
4115 4164
4116 4155
4116 4165
4117 4156
4117 4166
4118 4157
4118 4167
4119 4158
4119 4168
4120 4159
4120 4169
4121 4160
4121 4170
4122 4161
4122 4171
4123 4162
4123 4172
4124 4163
4124 4173
4125 4154
4125 4164
4126 4155
4126 4165
4127 4156
4127 4166
4128 4157
4128 4167
4129 4158
4129 4168
4130 4159
4130 4169
4131 4160
4131 4170
4132 4161
4132 4171
4133 4162
4133 4172
4134 4163
4134 4173
4135 4226
4135 4236
4136 4227
4136 4237
4137 4228
4137 4238
4138 4229
4138 4239
4139 4230
4139 4240
4140 4231
4140 4241
4141 4232
4141 4242
4142 4233
4142 4243
4143 4234
4143 4244
4144 4235
4144 4244
4145 4226
4145 4236
4146 4227
4146 4237
4147 4228
4147 4238
4148 4229
4148 4239
4149 4230
4149 4240
4150 4231
4150 4241
4151 4232
4151 4242
4152 4233
4152 4243
4153 4234
4153 4244
4154 4174
4154 4179
4155 4175
4155 4180
4156 4176
4156 4181
4157 4177
4157 4182
4158 4178
4158 4183
4159 4174
4159 4179
4160 4175
4160 4180
4161 4176
4161 4181
4162 4177
4162 4182
4163 4178
4163 4183
4164 4200
4164 4205
4165 4201
4165 4206
4166 4202
4166 4207
4167 4203
4167 4208
4168 4204
4168 4209
4169 4200
4169 4205
4170 4201
4170 4206
4171 4202
4171 4207
4172 4203
4172 4208
4173 4204
4173 4209
4174 4184
4174 4187
4175 4185
4175 4188
4176 4186
4176 4188
4177 4184
4177 4187
4178 4185
4178 4188
4179 4192
4179 4195
4180 4193
4180 4196
4181 4194
4181 4196
4182 4192
4182 4195
4183 4193
4183 4196
4184 4189
4184 4191
4185 4190
4185 4191
4186 4189
4186 4191
4187 2896
4187 2897
4188 2896
4188 2897
4189 2893
4189 2894
4190 2893
4190 2894
4191 2895
4192 4197
4192 4199
4193 4198
4193 4199
4194 4197
4194 4199
4195 2901
4195 2902
4196 2901
4196 2902
4197 2898
4197 2899
4198 2898
4198 2899
4199 2900
4200 4210
4200 4213
4201 4211
4201 4214
4202 4212
4202 4214
4203 4210
4203 4213
4204 4211
4204 4214
4205 4218
4205 4221
4206 4219
4206 4222
4207 4220
4207 4222
4208 4218
4208 4221
4209 4219
4209 4222
4210 4215
4210 4217
4211 4216
4211 4217
4212 4215
4212 4217
4213 2906
4213 2907
4214 2906
4214 2907
4215 2903
4215 2904
4216 2903
4216 2904
4217 2905
4218 4223
4218 4225
4219 4224
4219 4225
4220 4223
4220 4225
4221 2911
4221 2912
4222 2911
4222 2912
4223 2908
4223 2909
4224 2908
4224 2909
4225 2910
4226 4245
4226 4250
4227 4246
4227 4251
4228 4247
4228 4252
4229 4248
4229 4253
4230 4249
4230 4254
4231 4245
4231 4250
4232 4246
4232 4251
4233 4247
4233 4252
4234 4248
4234 4253
4235 4249
4235 4254
4236 4271
4236 4276
4237 4272
4237 4277
4238 4273
4238 4278
4239 4274
4239 4279
4240 4275
4240 4279
4241 4271
4241 4276
4242 4272
4242 4277
4243 4273
4243 4278
4244 4274
4244 4279
4245 4255
4245 4258
4246 4256
4246 4259
4247 4257
4247 4259
4248 4255
4248 4258
4249 4256
4249 4259
4250 4263
4250 4266
4251 4264
4251 4267
4252 4265
4252 4267
4253 4263
4253 4266
4254 4264
4254 4267
4255 4260
4255 4262
4256 4261
4256 4262
4257 4260
4257 4262
4258 2916
4258 2917
4259 2916
4259 2917
4260 2913
4260 2914
4261 2913
4261 2914
4262 2915
4263 4268
4263 4270
4264 4269
4264 4270
4265 4268
4265 4270
4266 2921
4266 2922
4267 2921
4267 2922
4268 2918
4268 2919
4269 2918
4269 2919
4270 2920
4271 4280
4271 4283
4272 4281
4272 4284
4273 4282
4273 4284
4274 4280
4274 4283
4275 4281
4275 4284
4276 4288
4276 4290
4277 4289
4277 4291
4278 4288
4278 4290
4279 4289
4279 4291
4280 4285
4280 4287
4281 4286
4281 4287
4282 4285
4282 4287
4283 2926
4283 2927
4284 2926
4284 2927
4285 2923
4285 2924
4286 2923
4286 2924
4287 2925
4288 2928
4288 2929
4289 2928
4289 2929
4290 2930
4290 2931
4291 2930
4291 2931
4292 4331
4292 4341
4293 4332
4293 4342
4294 4333
4294 4343
4295 4334
4295 4344
4296 4335
4296 4345
4297 4336
4297 4346
4298 4337
4298 4347
4299 4338
4299 4348
4300 4339
4300 4349
4301 4340
4301 4350
4302 4331
4302 4341
4303 4332
4303 4342
4304 4333
4304 4343
4305 4334
4305 4344
4306 4335
4306 4345
4307 4336
4307 4346
4308 4337
4308 4347
4309 4338
4309 4348
4310 4339
4310 4349
4311 4340
4311 4350
4312 4403
4312 4413
4313 4404
4313 4414
4314 4405
4314 4415
4315 4406
4315 4416
4316 4407
4316 4417
4317 4408
4317 4418
4318 4409
4318 4419
4319 4410
4319 4420
4320 4411
4320 4421
4321 4412
4321 4421
4322 4403
4322 4413
4323 4404
4323 4414
4324 4405
4324 4415
4325 4406
4325 4416
4326 4407
4326 4417
4327 4408
4327 4418
4328 4409
4328 4419
4329 4410
4329 4420
4330 4411
4330 4421
4331 4351
4331 4356
4332 4352
4332 4357
4333 4353
4333 4358
4334 4354
4334 4359
4335 4355
4335 4360
4336 4351
4336 4356
4337 4352
4337 4357
4338 4353
4338 4358
4339 4354
4339 4359
4340 4355
4340 4360
4341 4377
4341 4382
4342 4378
4342 4383
4343 4379
4343 4384
4344 4380
4344 4385
4345 4381
4345 4386
4346 4377
4346 4382
4347 4378
4347 4383
4348 4379
4348 4384
4349 4380
4349 4385
4350 4381
4350 4386
4351 4361
4351 4364
4352 4362
4352 4365
4353 4363
4353 4365
4354 4361
4354 4364
4355 4362
4355 4365
4356 4369
4356 4372
4357 4370
4357 4373
4358 4371
4358 4373
4359 4369
4359 4372
4360 4370
4360 4373
4361 4366
4361 4368
4362 4367
4362 4368
4363 4366
4363 4368
4364 2935
4364 2936
4365 2935
4365 2936
4366 2932
4366 2933
4367 2932
4367 2933
4368 2934
4369 4374
4369 4376
4370 4375
4370 4376
4371 4374
4371 4376
4372 2940
4372 2941
4373 2940
4373 2941
4374 2937
4374 2938
4375 2937
4375 2938
4376 2939
4377 4387
4377 4390
4378 4388
4378 4391
4379 4389
4379 4391
4380 4387
4380 4390
4381 4388
4381 4391
4382 4395
4382 4398
4383 4396
4383 4399
4384 4397
4384 4399
4385 4395
4385 4398
4386 4396
4386 4399
4387 4392
4387 4394
4388 4393
4388 4394
4389 4392
4389 4394
4390 2945
4390 2946
4391 2945
4391 2946
4392 2942
4392 2943
4393 2942
4393 2943
4394 2944
4395 4400
4395 4402
4396 4401
4396 4402
4397 4400
4397 4402
4398 2950
4398 2951
4399 2950
4399 2951
4400 2947
4400 2948
4401 2947
4401 2948
4402 2949
4403 4422
4403 4427
4404 4423
4404 4428
4405 4424
4405 4429
4406 4425
4406 4430
4407 4426
4407 4431
4408 4422
4408 4427
4409 4423
4409 4428
4410 4424
4410 4429
4411 4425
4411 4430
4412 4426
4412 4431
4413 4448
4413 4453
4414 4449
4414 4454
4415 4450
4415 4455
4416 4451
4416 4456
4417 4452
4417 4456
4418 4448
4418 4453
4419 4449
4419 4454
4420 4450
4420 4455
4421 4451
4421 4456
4422 4432
4422 4435
4423 4433
4423 4436
4424 4434
4424 4436
4425 4432
4425 4435
4426 4433
4426 4436
4427 4440
4427 4443
4428 4441
4428 4444
4429 4442
4429 4444
4430 4440
4430 4443
4431 4441
4431 4444
4432 4437
4432 4439
4433 4438
4433 4439
4434 4437
4434 4439
4435 2955
4435 2956
4436 2955
4436 2956
4437 2952
4437 2953
4438 2952
4438 2953
4439 2954
4440 4445
4440 4447
4441 4446
4441 4447
4442 4445
4442 4447
4443 2960
4443 2961
4444 2960
4444 2961
4445 2957
4445 2958
4446 2957
4446 2958
4447 2959
4448 4457
4448 4460
4449 4458
4449 4461
4450 4459
4450 4461
4451 4457
4451 4460
4452 4458
4452 4461
4453 4465
4453 4467
4454 4466
4454 4468
4455 4465
4455 4467
4456 4466
4456 4468
4457 4462
4457 4464
4458 4463
4458 4464
4459 4462
4459 4464
4460 2965
4460 2966
4461 2965
4461 2966
4462 2962
4462 2963
4463 2962
4463 2963
4464 2964
4465 2967
4465 2968
4466 2967
4466 2968
4467 2969
4467 2970
4468 2969
4468 2970
4469 4625
4469 4664
4470 4626
4470 4665
4471 4627
4471 4666
4472 4628
4472 4667
4473 4629
4473 4668
4474 4630
4474 4669
4475 4631
4475 4670
4476 4632
4476 4671
4477 4633
4477 4672
4478 4634
4478 4673
4479 4635
4479 4674
4480 4636
4480 4675
4481 4637
4481 4676
4482 4638
4482 4677
4483 4639
4483 4678
4484 4640
4484 4679
4485 4641
4485 4680
4486 4642
4486 4681
4487 4643
4487 4682
4488 4644
4488 4683
4489 4645
4489 4684
4490 4646
4490 4685
4491 4647
4491 4686
4492 4648
4492 4687
4493 4649
4493 4688
4494 4650
4494 4689
4495 4651
4495 4690
4496 4652
4496 4691
4497 4653
4497 4692
4498 4654
4498 4693
4499 4655
4499 4694
4500 4656
4500 4695
4501 4657
4501 4696
4502 4658
4502 4697
4503 4659
4503 4698
4504 4660
4504 4699
4505 4661
4505 4700
4506 4662
4506 4701
4507 4663
4507 4702
4508 4625
4508 4664
4509 4626
4509 4665
4510 4627
4510 4666
4511 4628
4511 4667
4512 4629
4512 4668
4513 4630
4513 4669
4514 4631
4514 4670
4515 4632
4515 4671
4516 4633
4516 4672
4517 4634
4517 4673
4518 4635
4518 4674
4519 4636
4519 4675
4520 4637
4520 4676
4521 4638
4521 4677
4522 4639
4522 4678
4523 4640
4523 4679
4524 4641
4524 4680
4525 4642
4525 4681
4526 4643
4526 4682
4527 4644
4527 4683
4528 4645
4528 4684
4529 4646
4529 4685
4530 4647
4530 4686
4531 4648
4531 4687
4532 4649
4532 4688
4533 4650
4533 4689
4534 4651
4534 4690
4535 4652
4535 4691
4536 4653
4536 4692
4537 4654
4537 4693
4538 4655
4538 4694
4539 4656
4539 4695
4540 4657
4540 4696
4541 4658
4541 4697
4542 4659
4542 4698
4543 4660
4543 4699
4544 4661
4544 4700
4545 4662
4545 4701
4546 4663
4546 4702
4547 5057
4547 5096
4548 5058
4548 5097
4549 5059
4549 5098
4550 5060
4550 5099
4551 5061
4551 5100
4552 5062
4552 5101
4553 5063
4553 5102
4554 5064
4554 5103
4555 5065
4555 5104
4556 5066
4556 5105
4557 5067
4557 5106
4558 5068
4558 5107
4559 5069
4559 5108
4560 5070
4560 5109
4561 5071
4561 5110
4562 5072
4562 5111
4563 5073
4563 5112
4564 5074
4564 5113
4565 5075
4565 5114
4566 5076
4566 5115
4567 5077
4567 5116
4568 5078
4568 5117
4569 5079
4569 5118
4570 5080
4570 5119
4571 5081
4571 5120
4572 5082
4572 5121
4573 5083
4573 5122
4574 5084
4574 5123
4575 5085
4575 5124
4576 5086
4576 5125
4577 5087
4577 5126
4578 5088
4578 5127
4579 5089
4579 5128
4580 5090
4580 5129
4581 5091
4581 5130
4582 5092
4582 5131
4583 5093
4583 5132
4584 5094
4584 5133
4585 5095
4585 5134
4586 5057
4586 5096
4587 5058
4587 5097
4588 5059
4588 5098
4589 5060
4589 5099
4590 5061
4590 5100
4591 5062
4591 5101
4592 5063
4592 5102
4593 5064
4593 5103
4594 5065
4594 5104
4595 5066
4595 5105
4596 5067
4596 5106
4597 5068
4597 5107
4598 5069
4598 5108
4599 5070
4599 5109
4600 5071
4600 5110
4601 5072
4601 5111
4602 5073
4602 5112
4603 5074
4603 5113
4604 5075
4604 5114
4605 5076
4605 5115
4606 5077
4606 5116
4607 5078
4607 5117
4608 5079
4608 5118
4609 5080
4609 5119
4610 5081
4610 5120
4611 5082
4611 5121
4612 5083
4612 5122
4613 5084
4613 5123
4614 5085
4614 5124
4615 5086
4615 5125
4616 5087
4616 5126
4617 5088
4617 5127
4618 5089
4618 5128
4619 5090
4619 5129
4620 5091
4620 5130
4621 5092
4621 5131
4622 5093
4622 5132
4623 5094
4623 5133
4624 5095
4624 5134
4625 4703
4625 4723
4626 4704
4626 4724
4627 4705
4627 4725
4628 4706
4628 4726
4629 4707
4629 4727
4630 4708
4630 4728
4631 4709
4631 4729
4632 4710
4632 4730
4633 4711
4633 4731
4634 4712
4634 4732
4635 4713
4635 4733
4636 4714
4636 4734
4637 4715
4637 4735
4638 4716
4638 4736
4639 4717
4639 4737
4640 4718
4640 4738
4641 4719
4641 4739
4642 4720
4642 4740
4643 4721
4643 4741
4644 4722
4644 4741
4645 4703
4645 4723
4646 4704
4646 4724
4647 4705
4647 4725
4648 4706
4648 4726
4649 4707
4649 4727
4650 4708
4650 4728
4651 4709
4651 4729
4652 4710
4652 4730
4653 4711
4653 4731
4654 4712
4654 4732
4655 4713
4655 4733
4656 4714
4656 4734
4657 4715
4657 4735
4658 4716
4658 4736
4659 4717
4659 4737
4660 4718
4660 4738
4661 4719
4661 4739
4662 4720
4662 4740
4663 4721
4663 4741
4664 4880
4664 4900
4665 4881
4665 4901
4666 4882
4666 4902
4667 4883
4667 4903
4668 4884
4668 4904
4669 4885
4669 4905
4670 4886
4670 4906
4671 4887
4671 4907
4672 4888
4672 4908
4673 4889
4673 4909
4674 4890
4674 4910
4675 4891
4675 4911
4676 4892
4676 4912
4677 4893
4677 4913
4678 4894
4678 4914
4679 4895
4679 4915
4680 4896
4680 4916
4681 4897
4681 4917
4682 4898
4682 4918
4683 4899
4683 4918
4684 4880
4684 4900
4685 4881
4685 4901
4686 4882
4686 4902
4687 4883
4687 4903
4688 4884
4688 4904
4689 4885
4689 4905
4690 4886
4690 4906
4691 4887
4691 4907
4692 4888
4692 4908
4693 4889
4693 4909
4694 4890
4694 4910
4695 4891
4695 4911
4696 4892
4696 4912
4697 4893
4697 4913
4698 4894
4698 4914
4699 4895
4699 4915
4700 4896
4700 4916
4701 4897
4701 4917
4702 4898
4702 4918
4703 4742
4703 4752
4704 4743
4704 4753
4705 4744
4705 4754
4706 4745
4706 4755
4707 4746
4707 4756
4708 4747
4708 4757
4709 4748
4709 4758
4710 4749
4710 4759
4711 4750
4711 4760
4712 4751
4712 4761
4713 4742
4713 4752
4714 4743
4714 4753
4715 4744
4715 4754
4716 4745
4716 4755
4717 4746
4717 4756
4718 4747
4718 4757
4719 4748
4719 4758
4720 4749
4720 4759
4721 4750
4721 4760
4722 4751
4722 4761
4723 4814
4723 4824
4724 4815
4724 4825
4725 4816
4725 4826
4726 4817
4726 4827
4727 4818
4727 4828
4728 4819
4728 4829
4729 4820
4729 4830
4730 4821
4730 4831
4731 4822
4731 4832
4732 4823
4732 4832
4733 4814
4733 4824
4734 4815
4734 4825
4735 4816
4735 4826
4736 4817
4736 4827
4737 4818
4737 4828
4738 4819
4738 4829
4739 4820
4739 4830
4740 4821
4740 4831
4741 4822
4741 4832
4742 4762
4742 4767
4743 4763
4743 4768
4744 4764
4744 4769
4745 4765
4745 4770
4746 4766
4746 4771
4747 4762
4747 4767
4748 4763
4748 4768
4749 4764
4749 4769
4750 4765
4750 4770
4751 4766
4751 4771
4752 4788
4752 4793
4753 4789
4753 4794
4754 4790
4754 4795
4755 4791
4755 4796
4756 4792
4756 4797
4757 4788
4757 4793
4758 4789
4758 4794
4759 4790
4759 4795
4760 4791
4760 4796
4761 4792
4761 4797
4762 4772
4762 4775
4763 4773
4763 4776
4764 4774
4764 4776
4765 4772
4765 4775
4766 4773
4766 4776
4767 4780
4767 4783
4768 4781
4768 4784
4769 4782
4769 4784
4770 4780
4770 4783
4771 4781
4771 4784
4772 4777
4772 4779
4773 4778
4773 4779
4774 4777
4774 4779
4775 2974
4775 2975
4776 2974
4776 2975
4777 2971
4777 2972
4778 2971
4778 2972
4779 2973
4780 4785
4780 4787
4781 4786
4781 4787
4782 4785
4782 4787
4783 2979
4783 2980
4784 2979
4784 2980
4785 2976
4785 2977
4786 2976
4786 2977
4787 2978
4788 4798
4788 4801
4789 4799
4789 4802
4790 4800
4790 4802
4791 4798
4791 4801
4792 4799
4792 4802
4793 4806
4793 4809
4794 4807
4794 4810
4795 4808
4795 4810
4796 4806
4796 4809
4797 4807
4797 4810
4798 4803
4798 4805
4799 4804
4799 4805
4800 4803
4800 4805
4801 2984
4801 2985
4802 2984
4802 2985
4803 2981
4803 2982
4804 2981
4804 2982
4805 2983
4806 4811
4806 4813
4807 4812
4807 4813
4808 4811
4808 4813
4809 2989
4809 2990
4810 2989
4810 2990
4811 2986
4811 2987
4812 2986
4812 2987
4813 2988
4814 4833
4814 4838
4815 4834
4815 4839
4816 4835
4816 4840
4817 4836
4817 4841
4818 4837
4818 4842
4819 4833
4819 4838
4820 4834
4820 4839
4821 4835
4821 4840
4822 4836
4822 4841
4823 4837
4823 4842
4824 4859
4824 4864
4825 4860
4825 4865
4826 4861
4826 4866
4827 4862
4827 4867
4828 4863
4828 4867
4829 4859
4829 4864
4830 4860
4830 4865
4831 4861
4831 4866
4832 4862
4832 4867
4833 4843
4833 4846
4834 4844
4834 4847
4835 4845
4835 4847
4836 4843
4836 4846
4837 4844
4837 4847
4838 4851
4838 4854
4839 4852
4839 4855
4840 4853
4840 4855
4841 4851
4841 4854
4842 4852
4842 4855
4843 4848
4843 4850
4844 4849
4844 4850
4845 4848
4845 4850
4846 2994
4846 2995
4847 2994
4847 2995
4848 2991
4848 2992
4849 2991
4849 2992
4850 2993
4851 4856
4851 4858
4852 4857
4852 4858
4853 4856
4853 4858
4854 2999
4854 3000
4855 2999
4855 3000
4856 2996
4856 2997
4857 2996
4857 2997
4858 2998
4859 4868
4859 4871
4860 4869
4860 4872
4861 4870
4861 4872
4862 4868
4862 4871
4863 4869
4863 4872
4864 4876
4864 4878
4865 4877
4865 4879
4866 4876
4866 4878
4867 4877
4867 4879
4868 4873
4868 4875
4869 4874
4869 4875
4870 4873
4870 4875
4871 3004
4871 3005
4872 3004
4872 3005
4873 3001
4873 3002
4874 3001
4874 3002
4875 3003
4876 3006
4876 3007
4877 3006
4877 3007
4878 3008
4878 3009
4879 3008
4879 3009
4880 4919
4880 4929
4881 4920
4881 4930
4882 4921
4882 4931
4883 4922
4883 4932
4884 4923
4884 4933
4885 4924
4885 4934
4886 4925
4886 4935
4887 4926
4887 4936
4888 4927
4888 4937
4889 4928
4889 4938
4890 4919
4890 4929
4891 4920
4891 4930
4892 4921
4892 4931
4893 4922
4893 4932
4894 4923
4894 4933
4895 4924
4895 4934
4896 4925
4896 4935
4897 4926
4897 4936
4898 4927
4898 4937
4899 4928
4899 4938
4900 4991
4900 5001
4901 4992
4901 5002
4902 4993
4902 5003
4903 4994
4903 5004
4904 4995
4904 5005
4905 4996
4905 5006
4906 4997
4906 5007
4907 4998
4907 5008
4908 4999
4908 5009
4909 5000
4909 5009
4910 4991
4910 5001
4911 4992
4911 5002
4912 4993
4912 5003
4913 4994
4913 5004
4914 4995
4914 5005
4915 4996
4915 5006
4916 4997
4916 5007
4917 4998
4917 5008
4918 4999
4918 5009
4919 4939
4919 4944
4920 4940
4920 4945
4921 4941
4921 4946
4922 4942
4922 4947
4923 4943
4923 4948
4924 4939
4924 4944
4925 4940
4925 4945
4926 4941
4926 4946
4927 4942
4927 4947
4928 4943
4928 4948
4929 4965
4929 4970
4930 4966
4930 4971
4931 4967
4931 4972
4932 4968
4932 4973
4933 4969
4933 4974
4934 4965
4934 4970
4935 4966
4935 4971
4936 4967
4936 4972
4937 4968
4937 4973
4938 4969
4938 4974
4939 4949
4939 4952
4940 4950
4940 4953
4941 4951
4941 4953
4942 4949
4942 4952
4943 4950
4943 4953
4944 4957
4944 4960
4945 4958
4945 4961
4946 4959
4946 4961
4947 4957
4947 4960
4948 4958
4948 4961
4949 4954
4949 4956
4950 4955
4950 4956
4951 4954
4951 4956
4952 3013
4952 3014
4953 3013
4953 3014
4954 3010
4954 3011
4955 3010
4955 3011
4956 3012
4957 4962
4957 4964
4958 4963
4958 4964
4959 4962
4959 4964
4960 3018
4960 3019
4961 3018
4961 3019
4962 3015
4962 3016
4963 3015
4963 3016
4964 3017
4965 4975
4965 4978
4966 4976
4966 4979
4967 4977
4967 4979
4968 4975
4968 4978
4969 4976
4969 4979
4970 4983
4970 4986
4971 4984
4971 4987
4972 4985
4972 4987
4973 4983
4973 4986
4974 4984
4974 4987
4975 4980
4975 4982
4976 4981
4976 4982
4977 4980
4977 4982
4978 3023
4978 3024
4979 3023
4979 3024
4980 3020
4980 3021
4981 3020
4981 3021
4982 3022
4983 4988
4983 4990
4984 4989
4984 4990
4985 4988
4985 4990
4986 3028
4986 3029
4987 3028
4987 3029
4988 3025
4988 3026
4989 3025
4989 3026
4990 3027
4991 5010
4991 5015
4992 5011
4992 5016
4993 5012
4993 5017
4994 5013
4994 5018
4995 5014
4995 5019
4996 5010
4996 5015
4997 5011
4997 5016
4998 5012
4998 5017
4999 5013
4999 5018
5000 5014
5000 5019
5001 5036
5001 5041
5002 5037
5002 5042
5003 5038
5003 5043
5004 5039
5004 5044
5005 5040
5005 5044
5006 5036
5006 5041
5007 5037
5007 5042
5008 5038
5008 5043
5009 5039
5009 5044
5010 5020
5010 5023
5011 5021
5011 5024
5012 5022
5012 5024
5013 5020
5013 5023
5014 5021
5014 5024
5015 5028
5015 5031
5016 5029
5016 5032
5017 5030
5017 5032
5018 5028
5018 5031
5019 5029
5019 5032
5020 5025
5020 5027
5021 5026
5021 5027
5022 5025
5022 5027
5023 3033
5023 3034
5024 3033
5024 3034
5025 3030
5025 3031
5026 3030
5026 3031
5027 3032
5028 5033
5028 5035
5029 5034
5029 5035
5030 5033
5030 5035
5031 3038
5031 3039
5032 3038
5032 3039
5033 3035
5033 3036
5034 3035
5034 3036
5035 3037
5036 5045
5036 5048
5037 5046
5037 5049
5038 5047
5038 5049
5039 5045
5039 5048
5040 5046
5040 5049
5041 5053
5041 5055
5042 5054
5042 5056
5043 5053
5043 5055
5044 5054
5044 5056
5045 5050
5045 5052
5046 5051
5046 5052
5047 5050
5047 5052
5048 3043
5048 3044
5049 3043
5049 3044
5050 3040
5050 3041
5051 3040
5051 3041
5052 3042
5053 3045
5053 3046
5054 3045
5054 3046
5055 3047
5055 3048
5056 3047
5056 3048
5057 5135
5057 5155
5058 5136
5058 5156
5059 5137
5059 5157
5060 5138
5060 5158
5061 5139
5061 5159
5062 5140
5062 5160
5063 5141
5063 5161
5064 5142
5064 5162
5065 5143
5065 5163
5066 5144
5066 5164
5067 5145
5067 5165
5068 5146
5068 5166
5069 5147
5069 5167
5070 5148
5070 5168
5071 5149
5071 5169
5072 5150
5072 5170
5073 5151
5073 5171
5074 5152
5074 5172
5075 5153
5075 5173
5076 5154
5076 5173
5077 5135
5077 5155
5078 5136
5078 5156
5079 5137
5079 5157
5080 5138
5080 5158
5081 5139
5081 5159
5082 5140
5082 5160
5083 5141
5083 5161
5084 5142
5084 5162
5085 5143
5085 5163
5086 5144
5086 5164
5087 5145
5087 5165
5088 5146
5088 5166
5089 5147
5089 5167
5090 5148
5090 5168
5091 5149
5091 5169
5092 5150
5092 5170
5093 5151
5093 5171
5094 5152
5094 5172
5095 5153
5095 5173
5096 5312
5096 5332
5097 5313
5097 5333
5098 5314
5098 5334
5099 5315
5099 5335
5100 5316
5100 5336
5101 5317
5101 5337
5102 5318
5102 5338
5103 5319
5103 5339
5104 5320
5104 5340
5105 5321
5105 5341
5106 5322
5106 5342
5107 5323
5107 5343
5108 5324
5108 5344
5109 5325
5109 5345
5110 5326
5110 5346
5111 5327
5111 5347
5112 5328
5112 5348
5113 5329
5113 5349
5114 5330
5114 5350
5115 5331
5115 5350
5116 5312
5116 5332
5117 5313
5117 5333
5118 5314
5118 5334
5119 5315
5119 5335
5120 5316
5120 5336
5121 5317
5121 5337
5122 5318
5122 5338
5123 5319
5123 5339
5124 5320
5124 5340
5125 5321
5125 5341
5126 5322
5126 5342
5127 5323
5127 5343
5128 5324
5128 5344
5129 5325
5129 5345
5130 5326
5130 5346
5131 5327
5131 5347
5132 5328
5132 5348
5133 5329
5133 5349
5134 5330
5134 5350
5135 5174
5135 5184
5136 5175
5136 5185
5137 5176
5137 5186
5138 5177
5138 5187
5139 5178
5139 5188
5140 5179
5140 5189
5141 5180
5141 5190
5142 5181
5142 5191
5143 5182
5143 5192
5144 5183
5144 5193
5145 5174
5145 5184
5146 5175
5146 5185
5147 5176
5147 5186
5148 5177
5148 5187
5149 5178
5149 5188
5150 5179
5150 5189
5151 5180
5151 5190
5152 5181
5152 5191
5153 5182
5153 5192
5154 5183
5154 5193
5155 5246
5155 5256
5156 5247
5156 5257
5157 5248
5157 5258
5158 5249
5158 5259
5159 5250
5159 5260
5160 5251
5160 5261
5161 5252
5161 5262
5162 5253
5162 5263
5163 5254
5163 5264
5164 5255
5164 5264
5165 5246
5165 5256
5166 5247
5166 5257
5167 5248
5167 5258
5168 5249
5168 5259
5169 5250
5169 5260
5170 5251
5170 5261
5171 5252
5171 5262
5172 5253
5172 5263
5173 5254
5173 5264
5174 5194
5174 5199
5175 5195
5175 5200
5176 5196
5176 5201
5177 5197
5177 5202
5178 5198
5178 5203
5179 5194
5179 5199
5180 5195
5180 5200
5181 5196
5181 5201
5182 5197
5182 5202
5183 5198
5183 5203
5184 5220
5184 5225
5185 5221
5185 5226
5186 5222
5186 5227
5187 5223
5187 5228
5188 5224
5188 5229
5189 5220
5189 5225
5190 5221
5190 5226
5191 5222
5191 5227
5192 5223
5192 5228
5193 5224
5193 5229
5194 5204
5194 5207
5195 5205
5195 5208
5196 5206
5196 5208
5197 5204
5197 5207
5198 5205
5198 5208
5199 5212
5199 5215
5200 5213
5200 5216
5201 5214
5201 5216
5202 5212
5202 5215
5203 5213
5203 5216
5204 5209
5204 5211
5205 5210
5205 5211
5206 5209
5206 5211
5207 3052
5207 3053
5208 3052
5208 3053
5209 3049
5209 3050
5210 3049
5210 3050
5211 3051
5212 5217
5212 5219
5213 5218
5213 5219
5214 5217
5214 5219
5215 3057
5215 3058
5216 3057
5216 3058
5217 3054
5217 3055
5218 3054
5218 3055
5219 3056
5220 5230
5220 5233
5221 5231
5221 5234
5222 5232
5222 5234
5223 5230
5223 5233
5224 5231
5224 5234
5225 5238
5225 5241
5226 5239
5226 5242
5227 5240
5227 5242
5228 5238
5228 5241
5229 5239
5229 5242
5230 5235
5230 5237
5231 5236
5231 5237
5232 5235
5232 5237
5233 3062
5233 3063
5234 3062
5234 3063
5235 3059
5235 3060
5236 3059
5236 3060
5237 3061
5238 5243
5238 5245
5239 5244
5239 5245
5240 5243
5240 5245
5241 3067
5241 3068
5242 3067
5242 3068
5243 3064
5243 3065
5244 3064
5244 3065
5245 3066
5246 5265
5246 5270
5247 5266
5247 5271
5248 5267
5248 5272
5249 5268
5249 5273
5250 5269
5250 5274
5251 5265
5251 5270
5252 5266
5252 5271
5253 5267
5253 5272
5254 5268
5254 5273
5255 5269
5255 5274
5256 5291
5256 5296
5257 5292
5257 5297
5258 5293
5258 5298
5259 5294
5259 5299
5260 5295
5260 5299
5261 5291
5261 5296
5262 5292
5262 5297
5263 5293
5263 5298
5264 5294
5264 5299
5265 5275
5265 5278
5266 5276
5266 5279
5267 5277
5267 5279
5268 5275
5268 5278
5269 5276
5269 5279
5270 5283
5270 5286
5271 5284
5271 5287
5272 5285
5272 5287
5273 5283
5273 5286
5274 5284
5274 5287
5275 5280
5275 5282
5276 5281
5276 5282
5277 5280
5277 5282
5278 3072
5278 3073
5279 3072
5279 3073
5280 3069
5280 3070
5281 3069
5281 3070
5282 3071
5283 5288
5283 5290
5284 5289
5284 5290
5285 5288
5285 5290
5286 3077
5286 3078
5287 3077
5287 3078
5288 3074
5288 3075
5289 3074
5289 3075
5290 3076
5291 5300
5291 5303
5292 5301
5292 5304
5293 5302
5293 5304
5294 5300
5294 5303
5295 5301
5295 5304
5296 5308
5296 5310
5297 5309
5297 5311
5298 5308
5298 5310
5299 5309
5299 5311
5300 5305
5300 5307
5301 5306
5301 5307
5302 5305
5302 5307
5303 3082
5303 3083
5304 3082
5304 3083
5305 3079
5305 3080
5306 3079
5306 3080
5307 3081
5308 3084
5308 3085
5309 3084
5309 3085
5310 3086
5310 3087
5311 3086
5311 3087
5312 5351
5312 5361
5313 5352
5313 5362
5314 5353
5314 5363
5315 5354
5315 5364
5316 5355
5316 5365
5317 5356
5317 5366
5318 5357
5318 5367
5319 5358
5319 5368
5320 5359
5320 5369
5321 5360
5321 5370
5322 5351
5322 5361
5323 5352
5323 5362
5324 5353
5324 5363
5325 5354
5325 5364
5326 5355
5326 5365
5327 5356
5327 5366
5328 5357
5328 5367
5329 5358
5329 5368
5330 5359
5330 5369
5331 5360
5331 5370
5332 5423
5332 5433
5333 5424
5333 5434
5334 5425
5334 5435
5335 5426
5335 5436
5336 5427
5336 5437
5337 5428
5337 5438
5338 5429
5338 5439
5339 5430
5339 5440
5340 5431
5340 5441
5341 5432
5341 5441
5342 5423
5342 5433
5343 5424
5343 5434
5344 5425
5344 5435
5345 5426
5345 5436
5346 5427
5346 5437
5347 5428
5347 5438
5348 5429
5348 5439
5349 5430
5349 5440
5350 5431
5350 5441
5351 5371
5351 5376
5352 5372
5352 5377
5353 5373
5353 5378
5354 5374
5354 5379
5355 5375
5355 5380
5356 5371
5356 5376
5357 5372
5357 5377
5358 5373
5358 5378
5359 5374
5359 5379
5360 5375
5360 5380
5361 5397
5361 5402
5362 5398
5362 5403
5363 5399
5363 5404
5364 5400
5364 5405
5365 5401
5365 5406
5366 5397
5366 5402
5367 5398
5367 5403
5368 5399
5368 5404
5369 5400
5369 5405
5370 5401
5370 5406
5371 5381
5371 5384
5372 5382
5372 5385
5373 5383
5373 5385
5374 5381
5374 5384
5375 5382
5375 5385
5376 5389
5376 5392
5377 5390
5377 5393
5378 5391
5378 5393
5379 5389
5379 5392
5380 5390
5380 5393
5381 5386
5381 5388
5382 5387
5382 5388
5383 5386
5383 5388
5384 3091
5384 3092
5385 3091
5385 3092
5386 3088
5386 3089
5387 3088
5387 3089
5388 3090
5389 5394
5389 5396
5390 5395
5390 5396
5391 5394
5391 5396
5392 3096
5392 3097
5393 3096
5393 3097
5394 3093
5394 3094
5395 3093
5395 3094
5396 3095
5397 5407
5397 5410
5398 5408
5398 5411
5399 5409
5399 5411
5400 5407
5400 5410
5401 5408
5401 5411
5402 5415
5402 5418
5403 5416
5403 5419
5404 5417
5404 5419
5405 5415
5405 5418
5406 5416
5406 5419
5407 5412
5407 5414
5408 5413
5408 5414
5409 5412
5409 5414
5410 3101
5410 3102
5411 3101
5411 3102
5412 3098
5412 3099
5413 3098
5413 3099
5414 3100
5415 5420
5415 5422
5416 5421
5416 5422
5417 5420
5417 5422
5418 3106
5418 3107
5419 3106
5419 3107
5420 3103
5420 3104
5421 3103
5421 3104
5422 3105
5423 5442
5423 5447
5424 5443
5424 5448
5425 5444
5425 5449
5426 5445
5426 5450
5427 5446
5427 5451
5428 5442
5428 5447
5429 5443
5429 5448
5430 5444
5430 5449
5431 5445
5431 5450
5432 5446
5432 5451
5433 5468
5433 5473
5434 5469
5434 5474
5435 5470
5435 5475
5436 5471
5436 5476
5437 5472
5437 5476
5438 5468
5438 5473
5439 5469
5439 5474
5440 5470
5440 5475
5441 5471
5441 5476
5442 5452
5442 5455
5443 5453
5443 5456
5444 5454
5444 5456
5445 5452
5445 5455
5446 5453
5446 5456
5447 5460
5447 5463
5448 5461
5448 5464
5449 5462
5449 5464
5450 5460
5450 5463
5451 5461
5451 5464
5452 5457
5452 5459
5453 5458
5453 5459
5454 5457
5454 5459
5455 3111
5455 3112
5456 3111
5456 3112
5457 3108
5457 3109
5458 3108
5458 3109
5459 3110
5460 5465
5460 5467
5461 5466
5461 5467
5462 5465
5462 5467
5463 3116
5463 3117
5464 3116
5464 3117
5465 3113
5465 3114
5466 3113
5466 3114
5467 3115
5468 5477
5468 5480
5469 5478
5469 5481
5470 5479
5470 5481
5471 5477
5471 5480
5472 5478
5472 5481
5473 5485
5473 5487
5474 5486
5474 5488
5475 5485
5475 5487
5476 5486
5476 5488
5477 5482
5477 5484
5478 5483
5478 5484
5479 5482
5479 5484
5480 3121
5480 3122
5481 3121
5481 3122
5482 3118
5482 3119
5483 3118
5483 3119
5484 3120
5485 3123
5485 3124
5486 3123
5486 3124
5487 3125
5487 3126
5488 3125
5488 3126
